[INFO] Dataset: ../PascalCOCO/valid3
[INFO] Device: cuda
Load PResNet50 state_dict
[INFO] img_file: 2008_000371_jpg.rf.6e8b8b3b49fc13217c7bb2a84cedf751.jpg
Errore: labels, boxes o scores sono vuoti!
[INFO] img_file: 2007_007103_jpg.rf.db6a125841b280df4f15cde53458cc1a.jpg
Errore: labels, boxes o scores sono vuoti!
[INFO] img_file: 2007_003587_jpg.rf.b9bcfc8256d6367b18888461305a39aa.jpg
Errore: labels, boxes o scores sono vuoti!
[INFO] img_file: 2007_000129_jpg.rf.c0e72bec842a59b2efca1de567dc83fb.jpg
Errore: labels, boxes o scores sono vuoti!
[INFO] img_file: 2008_000099_jpg.rf.dd894905c4fa7da4206b8f68f0b6d489.jpg
Errore: labels, boxes o scores sono vuoti!
[INFO] img_file: 2008_000027_jpg.rf.e0f28145aa7860c2d32d77cfe9bcbf27.jpg
Errore: labels, boxes o scores sono vuoti!
[INFO] img_file: 2008_000305_jpg.rf.b02f06e795ab10075abf4fe90b60f1d8.jpg
Errore: labels, boxes o scores sono vuoti!
[INFO] img_file: 2007_009709_jpg.rf.8826e6e2be4bb810cfcb660b4a847bb5.jpg
Errore: labels, boxes o scores sono vuoti!
[INFO] img_file: 2007_005951_jpg.rf.51517a7d982b6d0ff0da45addafd3099.jpg
Errore: labels, boxes o scores sono vuoti!
[INFO] img_file: 2007_000799_jpg.rf.ddf90d6a5d1625d6cca0fda1c6a91229.jpg
Errore: labels, boxes o scores sono vuoti!
[INFO] img_file: 2007_003110_jpg.rf.11937df3488d1b5a02f4b97c62287340.jpg
Errore: labels, boxes o scores sono vuoti!
[INFO] img_file: 2007_002643_jpg.rf.20bc8d91263f402341fc381e591f55cf.jpg
Errore: labels, boxes o scores sono vuoti!
[INFO] img_file: 2007_007154_jpg.rf.89dc387b0442ac0c58350d22478eb376.jpg
Errore: labels, boxes o scores sono vuoti!
[INFO] img_file: 2007_001154_jpg.rf.97f6e1e9541b1298ea20539bce7a0059.jpg
Errore: labels, boxes o scores sono vuoti!
[INFO] img_file: 2007_002361_jpg.rf.ae6ec2da6f85af5eaffe2a2207a043ae.jpg
Errore: labels, boxes o scores sono vuoti!
[INFO] img_file: 2008_000120_jpg.rf.86ce5298f7621de109be7f8a22f8305e.jpg
Errore: labels, boxes o scores sono vuoti!
[INFO] img_file: 2007_002760_jpg.rf.0135645d3ff281e289afac0bb7a561fb.jpg
Errore: labels, boxes o scores sono vuoti!
[INFO] img_file: 2007_006066_jpg.rf.1eb4a0879278b6462718f6c4d0bd47b6.jpg
Errore: labels, boxes o scores sono vuoti!
[INFO] img_file: 2008_000271_jpg.rf.b8610375b720a920423eb5cd021072e7.jpg
Errore: labels, boxes o scores sono vuoti!
[INFO] img_file: 2007_006134_jpg.rf.135a322c3f881bf644acc7be777516dd.jpg
Errore: labels, boxes o scores sono vuoti!
[INFO] img_file: 2007_004112_jpg.rf.eb0ce012ce8698287b1093c0a28593d6.jpg
Errore: labels, boxes o scores sono vuoti!
[INFO] img_file: 2007_004649_jpg.rf.a6b81fc42fa9cdd9bb4dd68fbf8b2224.jpg
Errore: labels, boxes o scores sono vuoti!
[INFO] img_file: 2008_000185_jpg.rf.25e18fbbef90aff0ec1f88f71f2167cd.jpg
Errore: labels, boxes o scores sono vuoti!
[INFO] img_file: 2007_000783_jpg.rf.ea02a0b3fa5ac09fc10cc119dfef487a.jpg
Errore: labels, boxes o scores sono vuoti!
[INFO] img_file: 2007_005107_jpg.rf.11eea282ed3d574e57da6e5e28f74272.jpg
Errore: labels, boxes o scores sono vuoti!
[INFO] img_file: 2007_009950_jpg.rf.a7a97d0bafb141a786b3d632dc060039.jpg
Errore: labels, boxes o scores sono vuoti!
[INFO] img_file: 2007_003917_jpg.rf.87418d2bf4536f865232ceff04cb9a42.jpg
Errore: labels, boxes o scores sono vuoti!
[INFO] img_file: 2008_000174_jpg.rf.bb825661a4d88b4c09e8f93ef1d0e1af.jpg
Errore: labels, boxes o scores sono vuoti!
[INFO] img_file: 2007_005264_jpg.rf.e5d01cdc8b86c4e57eb2ee11b3cb8d52.jpg
Errore: labels, boxes o scores sono vuoti!
[INFO] img_file: 2007_009901_jpg.rf.abfcfb771c07d388420e23b4dfbbb978.jpg
Errore: labels, boxes o scores sono vuoti!
[INFO] img_file: 2007_006788_jpg.rf.5d6eef5761a879f0b766642752d92e85.jpg
Errore: labels, boxes o scores sono vuoti!
[INFO] img_file: 2007_002852_jpg.rf.3d5f8acf7768402abbfde1892a700307.jpg
Errore: labels, boxes o scores sono vuoti!
[INFO] img_file: 2007_000904_jpg.rf.b1785e17842892a6afcb0613b7899c95.jpg
Errore: labels, boxes o scores sono vuoti!
[INFO] img_file: 2007_004722_jpg.rf.b8ad26d62f2b2c68d0c3732cbf891817.jpg
Errore: labels, boxes o scores sono vuoti!
[INFO] img_file: 2007_002400_jpg.rf.2b73c7460ef582aead8d86a8138d6686.jpg
Errore: labels, boxes o scores sono vuoti!
[INFO] img_file: 2007_000042_jpg.rf.21843925939a653bd7530db380564108.jpg
Errore: labels, boxes o scores sono vuoti!
[INFO] img_file: 2007_000645_jpg.rf.86aacfdc8fce76041cd407701748476a.jpg
Errore: labels, boxes o scores sono vuoti!
[INFO] img_file: 2007_002462_jpg.rf.ad501a2ed9b85538491b9904275b4768.jpg
Errore: labels, boxes o scores sono vuoti!
[INFO] img_file: 2007_004831_jpg.rf.c0d418456f214811159f0143a2dbc117.jpg
Errore: labels, boxes o scores sono vuoti!
[INFO] img_file: 2007_001558_jpg.rf.7ea6f81f97d8b64059525b7cce2a9777.jpg
Errore: labels, boxes o scores sono vuoti!
[INFO] img_file: 2007_009578_jpg.rf.c26b6490a7e486e39f9af7ee879b1211.jpg
Errore: labels, boxes o scores sono vuoti!
[INFO] img_file: 2007_002954_jpg.rf.253414b0b1a5b9b0835701a392c3cfad.jpg
Errore: labels, boxes o scores sono vuoti!
[INFO] img_file: 2007_006900_jpg.rf.8a13887c033a088ca2836a419087f5a4.jpg
Errore: labels, boxes o scores sono vuoti!
[INFO] img_file: 2007_008747_jpg.rf.4f7ce9b637cde506d00724635ed6e057.jpg
Errore: labels, boxes o scores sono vuoti!
[INFO] img_file: 2007_009245_jpg.rf.262a9496fa2634e37a7227c200e18ce9.jpg
Errore: labels, boxes o scores sono vuoti!
[INFO] img_file: 2007_004121_jpg.rf.931cf2f9c54e126a5939ef15974dd5cc.jpg
Errore: labels, boxes o scores sono vuoti!
[INFO] img_file: 2007_008778_jpg.rf.5d8461c579a125ceaff665694bd88427.jpg
Errore: labels, boxes o scores sono vuoti!
[INFO] img_file: 2007_000629_jpg.rf.037efa1d7de46a4a5ced395d1d8034c1.jpg
Errore: labels, boxes o scores sono vuoti!
[INFO] img_file: 2008_000016_jpg.rf.3589f6381e48651a2e72f6f4d8750d45.jpg
Errore: labels, boxes o scores sono vuoti!
[INFO] img_file: 2008_000401_jpg.rf.9f9adda216cebae7960fdfbfad7060b6.jpg
Errore: labels, boxes o scores sono vuoti!
[INFO] img_file: 2008_000233_jpg.rf.fc098791f23d967df0bc254d242c4d41.jpg
Errore: labels, boxes o scores sono vuoti!
[INFO] img_file: 2007_003134_jpg.rf.5a73f91ea8f4d0cbc6d5d26f1910652c.jpg
Errore: labels, boxes o scores sono vuoti!
[INFO] img_file: 2007_002624_jpg.rf.d515a922f7f28f80c61ce16f892a05a5.jpg
Errore: labels, boxes o scores sono vuoti!
[INFO] img_file: 2007_000491_jpg.rf.e119fd90e33194813206f222022edc2a.jpg
Errore: labels, boxes o scores sono vuoti!
[INFO] img_file: 2007_005969_jpg.rf.d315c9c98f2dbcd9b15a20a6fbd31113.jpg
Errore: labels, boxes o scores sono vuoti!
[INFO] img_file: 2007_004009_jpg.rf.404ac7c592907d4cb722ca56137a0c0a.jpg
Errore: labels, boxes o scores sono vuoti!
[INFO] img_file: 2007_009425_jpg.rf.46554046126f7b69afd14f11ad8d8e65.jpg
Errore: labels, boxes o scores sono vuoti!
[INFO] img_file: 2007_001239_jpg.rf.36ad3eba5d334fad0936e8b291778d25.jpg
Errore: labels, boxes o scores sono vuoti!
[INFO] img_file: 2007_005227_jpg.rf.da06f6de26aa49d3632e67f9806b868d.jpg
Errore: labels, boxes o scores sono vuoti!
[INFO] img_file: 2008_000112_jpg.rf.aa8878ad01f8cdb000f7ca402bad7992.jpg
Errore: labels, boxes o scores sono vuoti!
[INFO] img_file: 2007_007168_jpg.rf.b4e8d7e2273e17b786229090b887dc77.jpg
Errore: labels, boxes o scores sono vuoti!
[INFO] img_file: 2007_004143_jpg.rf.7919515a1e937b8d71a75d0dd3240d82.jpg
Errore: labels, boxes o scores sono vuoti!
[INFO] img_file: 2007_009216_jpg.rf.96f1b2d1fd4d3aa1402aa156df637e36.jpg
Errore: labels, boxes o scores sono vuoti!
[INFO] img_file: 2007_007955_jpg.rf.719a6ffa76e47ab82e74625e10cb40ba.jpg
Errore: labels, boxes o scores sono vuoti!
[INFO] img_file: 2007_007892_jpg.rf.314a32cf7c0d6241c5ba1295a6629bb3.jpg
Errore: labels, boxes o scores sono vuoti!
[INFO] img_file: 2007_007211_jpg.rf.5c1fa1b517f873e6c778dbe32ddb53ab.jpg
Errore: labels, boxes o scores sono vuoti!
[INFO] img_file: 2007_001586_jpg.rf.50b6c04d8d46c71bfaaceec080e4cb8b.jpg
Errore: labels, boxes o scores sono vuoti!
[INFO] img_file: 2008_000073_jpg.rf.972c57b76f050827622fcdf78aeba416.jpg
Errore: labels, boxes o scores sono vuoti!
[INFO] img_file: 2008_000406_jpg.rf.0b802d84d23ef3419695ae13f2c0f039.jpg
Errore: labels, boxes o scores sono vuoti!
[INFO] img_file: 2007_000272_jpg.rf.f0d8e684d064af4652b51fc62d056342.jpg
Errore: labels, boxes o scores sono vuoti!
[INFO] img_file: 2007_000549_jpg.rf.17a674b34880cb7de3ddf62fe523afe3.jpg
Errore: labels, boxes o scores sono vuoti!
[INFO] img_file: 2007_000170_jpg.rf.51467b4588b0f57b3cd0f42e6390aedd.jpg
Errore: labels, boxes o scores sono vuoti!
[INFO] img_file: 2007_007417_jpg.rf.2601ac3b08f17dc12b16c6d1e101afa0.jpg
Errore: labels, boxes o scores sono vuoti!
[INFO] img_file: 2007_001609_jpg.rf.2d4a7bffd1f20aa25466e26394533b75.jpg
Errore: labels, boxes o scores sono vuoti!
[INFO] img_file: 2007_000876_jpg.rf.dfa41e30d02a3a5eeddeb3327d538a40.jpg
Errore: labels, boxes o scores sono vuoti!
[INFO] img_file: 2007_006647_jpg.rf.ad16d049bb6b2101ed259d1ed9873f90.jpg
Errore: labels, boxes o scores sono vuoti!
[INFO] img_file: 2007_007618_jpg.rf.009362b02cf6cc70c64e7498a958fd33.jpg
Errore: labels, boxes o scores sono vuoti!
[INFO] img_file: 2008_000365_jpg.rf.9cb50b101c76dff8cc1b18403ad77fca.jpg
Errore: labels, boxes o scores sono vuoti!
[INFO] img_file: 2007_004500_jpg.rf.91aaaa221bb39d6c518e1a3c1864c6be.jpg
Errore: labels, boxes o scores sono vuoti!
[INFO] img_file: 2007_004049_jpg.rf.092f1cf8a3234fa622491a2818549903.jpg
Errore: labels, boxes o scores sono vuoti!
[INFO] img_file: 2007_004275_jpg.rf.e50d288bb713a2847a1d29d8f0e0cbe4.jpg
Errore: labels, boxes o scores sono vuoti!
[INFO] img_file: 2007_006260_jpg.rf.1630bd1799b417f30d08897a7d3caf46.jpg
Errore: labels, boxes o scores sono vuoti!
[INFO] img_file: 2008_000138_jpg.rf.824d644432d3ca8bd695c98917a539f3.jpg
Errore: labels, boxes o scores sono vuoti!
[INFO] img_file: 2008_000008_jpg.rf.144de464b678f46a916a1d1df1f8c1cc.jpg
Errore: labels, boxes o scores sono vuoti!
[INFO] img_file: 2007_007531_jpg.rf.5fb7b03137ebe65197f2a49e0dc6bd49.jpg
Errore: labels, boxes o scores sono vuoti!
[INFO] img_file: 2007_009750_jpg.rf.05805eb52b3434954d607810868c0662.jpg
Errore: labels, boxes o scores sono vuoti!
[INFO] img_file: 2008_000318_jpg.rf.bee7f5d253717e030c8bdbd042b8bc3a.jpg
Errore: labels, boxes o scores sono vuoti!
[INFO] img_file: 2007_009607_jpg.rf.00670c0b8e291d53517c18c9f3add7ff.jpg
Errore: labels, boxes o scores sono vuoti!
[INFO] img_file: 2007_009464_jpg.rf.9da5fdf35f79e610e4f863942637bd1a.jpg
Errore: labels, boxes o scores sono vuoti!
[INFO] img_file: 2007_006490_jpg.rf.b85ea86cb251f14dd12b3595eec230b0.jpg
Errore: labels, boxes o scores sono vuoti!
[INFO] img_file: 2007_000063_jpg.rf.16bcc21d9560419290a752f8d6439caf.jpg
Errore: labels, boxes o scores sono vuoti!
[INFO] img_file: 2008_000059_jpg.rf.dfb92a77cbe959192f5681b3fe66d383.jpg
Errore: labels, boxes o scores sono vuoti!
[INFO] img_file: 2007_001583_jpg.rf.933f07053449b584bcd5df4d5f0d68af.jpg
Errore: labels, boxes o scores sono vuoti!
[INFO] img_file: 2007_000123_jpg.rf.2aecf15e0c3118c74b379e7273e4792e.jpg
Errore: labels, boxes o scores sono vuoti!
[INFO] img_file: 2007_006442_jpg.rf.303118903c1ef162a70588f1ff511900.jpg
Errore: labels, boxes o scores sono vuoti!
[INFO] img_file: 2007_002823_jpg.rf.85617edbf204c0d4abe6468b745cf851.jpg
Errore: labels, boxes o scores sono vuoti!
[INFO] img_file: 2007_004713_jpg.rf.38b4c974b8615d9bfc9f3d48620509fa.jpg
Errore: labels, boxes o scores sono vuoti!
[INFO] img_file: 2007_005248_jpg.rf.2e10b8ce8580091ef458ed1a968c6f74.jpg
Errore: labels, boxes o scores sono vuoti!
[INFO] img_file: 2007_008927_jpg.rf.1a7c1db33193db18204996602d3af367.jpg
Errore: labels, boxes o scores sono vuoti!
[INFO] img_file: 2007_003503_jpg.rf.6cc153ebaf3453c186bb3c31087317c1.jpg
Errore: labels, boxes o scores sono vuoti!
[INFO] img_file: 2008_000416_jpg.rf.38a14965f2ef141c220be2a0f6543c79.jpg
Errore: labels, boxes o scores sono vuoti!
[INFO] img_file: 2007_009630_jpg.rf.8b14c56eac4626576ea757268b7705ed.jpg
Errore: labels, boxes o scores sono vuoti!
[INFO] img_file: 2007_004705_jpg.rf.7a1e3750534d08f9af12eb00bf9d873d.jpg
Errore: labels, boxes o scores sono vuoti!
[INFO] img_file: 2007_001834_jpg.rf.3faa63d79d9237bb18582eb9ab99edbf.jpg
Errore: labels, boxes o scores sono vuoti!
[INFO] img_file: 2007_007769_jpg.rf.1977268b1903887675bf94d45c2037af.jpg
Errore: labels, boxes o scores sono vuoti!
[INFO] img_file: 2008_000380_jpg.rf.661f2a2515a4e5d97a247d21d787e5b1.jpg
Errore: labels, boxes o scores sono vuoti!
[INFO] img_file: 2007_009738_jpg.rf.9037ce81636b3b2bde3413ce6cc4e0e6.jpg
Errore: labels, boxes o scores sono vuoti!
[INFO] img_file: 2007_009402_jpg.rf.543524d11e398da14158cf18b3c5de0d.jpg
Errore: labels, boxes o scores sono vuoti!
[INFO] img_file: 2007_008219_jpg.rf.1aefdf349c154be89d65e37241eb1937.jpg
Errore: labels, boxes o scores sono vuoti!
[INFO] img_file: 2007_003022_jpg.rf.f449f79405b624fa6511681ac1c964a1.jpg
Errore: labels, boxes o scores sono vuoti!
[INFO] img_file: 2007_007891_jpg.rf.d3738dca8245ea1459077b807764b116.jpg
Errore: labels, boxes o scores sono vuoti!
[INFO] img_file: 2007_005262_jpg.rf.4cf6ec45db824724bc5fb621f8730e08.jpg
Errore: labels, boxes o scores sono vuoti!
[INFO] img_file: 2007_000529_jpg.rf.d6d0919cf8a6185327124f335631b2d4.jpg
Errore: labels, boxes o scores sono vuoti!
[INFO] img_file: 2007_007877_jpg.rf.a43eae315d93760d7b13059287b82c27.jpg
Errore: labels, boxes o scores sono vuoti!
[INFO] img_file: 2007_004241_jpg.rf.7de8b90c235a89162e26596326a12676.jpg
Errore: labels, boxes o scores sono vuoti!
[INFO] img_file: 2008_000097_jpg.rf.56023a126644c527a5adb4f71deae2e7.jpg
Errore: labels, boxes o scores sono vuoti!
[INFO] img_file: 2008_000311_jpg.rf.6e7c47fad76dd774f3074003b56e9bf8.jpg
Errore: labels, boxes o scores sono vuoti!
[INFO] img_file: 2007_006581_jpg.rf.b600c0952f9a547736056a2378c98017.jpg
Errore: labels, boxes o scores sono vuoti!
[INFO] img_file: 2008_000342_jpg.rf.eba34fd6a28cf7a224dbb537827ff146.jpg
Errore: labels, boxes o scores sono vuoti!
[INFO] img_file: 2007_001311_jpg.rf.65b34735a6565a9d07828067bba10322.jpg
Errore: labels, boxes o scores sono vuoti!
[INFO] img_file: 2007_006864_jpg.rf.5d1d8248eac7120f4be2350caccfb28a.jpg
Errore: labels, boxes o scores sono vuoti!
[INFO] img_file: 2008_000259_jpg.rf.f3e9c0fe534312336024f5da9b597f6d.jpg
Errore: labels, boxes o scores sono vuoti!
[INFO] img_file: 2007_001686_jpg.rf.21d69e19679503718946a9e3e9397623.jpg
Errore: labels, boxes o scores sono vuoti!
[INFO] img_file: 2007_006808_jpg.rf.b27c3aac7858b62422cc198c6cc136a7.jpg
Errore: labels, boxes o scores sono vuoti!
[INFO] img_file: 2007_004405_jpg.rf.8a0e2f34cee78e2e7312f465490e09c7.jpg
Errore: labels, boxes o scores sono vuoti!
[INFO] img_file: 2007_005845_jpg.rf.ef2719114dac6f155d923b0f39a07888.jpg
Errore: labels, boxes o scores sono vuoti!
[INFO] img_file: 2007_001667_jpg.rf.01071cc3c57660a2cfecf6407fdaab7f.jpg
Errore: labels, boxes o scores sono vuoti!
[INFO] img_file: 2008_000183_jpg.rf.6e8a18884adf5b3c9da7fe46cfd56d6d.jpg
Errore: labels, boxes o scores sono vuoti!
[INFO] img_file: 2007_004193_jpg.rf.7955b036684da76d1c3630ca7421899f.jpg
Errore: labels, boxes o scores sono vuoti!
[INFO] img_file: 2008_000330_jpg.rf.f8c6fd74bc258a73c01b261702feb97a.jpg
Errore: labels, boxes o scores sono vuoti!
[INFO] img_file: 2007_009446_jpg.rf.98f250407f09bf5fe4e92c813523f897.jpg
Errore: labels, boxes o scores sono vuoti!
[INFO] img_file: 2007_008801_jpg.rf.5cf3ccede122e836ed81c813e92017de.jpg
Errore: labels, boxes o scores sono vuoti!
[INFO] img_file: 2007_001764_jpg.rf.cb7c5dc85abbb92bbcbe69a7deda189c.jpg
Errore: labels, boxes o scores sono vuoti!
[INFO] img_file: 2007_008084_jpg.rf.33538cf25093face4a82c69d4c48537b.jpg
Errore: labels, boxes o scores sono vuoti!
[INFO] img_file: 2007_008218_jpg.rf.d868afad84b6656a21449c2fa460a24e.jpg
Errore: labels, boxes o scores sono vuoti!
[INFO] img_file: 2007_007621_jpg.rf.082afac36a112bd9f1d84b47be6cea01.jpg
Errore: labels, boxes o scores sono vuoti!
[INFO] img_file: 2008_000202_jpg.rf.beb0ae97a79c7d2bd158066cf85e8804.jpg
Errore: labels, boxes o scores sono vuoti!
[INFO] img_file: 2008_000033_jpg.rf.0fd1afb56bd161aae72cfaa0a199f6f1.jpg
Errore: labels, boxes o scores sono vuoti!
[INFO] img_file: 2007_009096_jpg.rf.a05a3b00e6a9cfbbfeea26e88cc01b4b.jpg
Errore: labels, boxes o scores sono vuoti!
[INFO] img_file: 2008_000275_jpg.rf.270009da6ecaab298f53c0399fa76343.jpg
Errore: labels, boxes o scores sono vuoti!
[INFO] img_file: 2007_005273_jpg.rf.73e087240159f9473478a8d9096e6339.jpg
Errore: labels, boxes o scores sono vuoti!
[INFO] img_file: 2007_007161_jpg.rf.2e6ddebaf04acc5d3a2af077993d80d1.jpg
Errore: labels, boxes o scores sono vuoti!
[INFO] img_file: 2007_004902_jpg.rf.fc0ecbf9065667b18340c46878a9b6b7.jpg
Errore: labels, boxes o scores sono vuoti!
[INFO] img_file: 2008_000261_jpg.rf.ee02a68716c4cc4ad025e58636114fbf.jpg
Errore: labels, boxes o scores sono vuoti!
[INFO] img_file: 2007_007908_jpg.rf.6e2f68daddcf0b5b96e459c97fdeee40.jpg
Errore: labels, boxes o scores sono vuoti!
[INFO] img_file: 2007_009221_jpg.rf.af3dab429e6fb38c9d49f5f7685e0618.jpg
Errore: labels, boxes o scores sono vuoti!
[INFO] img_file: 2007_002728_jpg.rf.51d07e44f20ae9b0d1d37e08fbad7058.jpg
Errore: labels, boxes o scores sono vuoti!
[INFO] img_file: 2007_001774_jpg.rf.19c1e15513855771578daa25440489e8.jpg
Errore: labels, boxes o scores sono vuoti!
[INFO] img_file: 2008_000199_jpg.rf.48418cea995f5aa5b92bd37934195e77.jpg
Errore: labels, boxes o scores sono vuoti!
[INFO] img_file: 2008_000119_jpg.rf.89e9c94cda8476c05f33a91d2745d38f.jpg
Errore: labels, boxes o scores sono vuoti!
[INFO] img_file: 2007_002216_jpg.rf.3fd27e781261d9b8a5127e5ea982fdf1.jpg
Errore: labels, boxes o scores sono vuoti!
[INFO] img_file: 2007_006035_jpg.rf.33d9b5027c89928590b342558dc526fb.jpg
Errore: labels, boxes o scores sono vuoti!
[INFO] img_file: 2008_000084_jpg.rf.d6ce2ec46200f83f95c9a46af76d423d.jpg
Errore: labels, boxes o scores sono vuoti!
[INFO] img_file: 2008_000163_jpg.rf.9efa361a5e476c1b55936db4ad1535f1.jpg
Errore: labels, boxes o scores sono vuoti!
[INFO] img_file: 2008_000383_jpg.rf.8fc875ba538fb7ce6f9d3c0b29754686.jpg
Errore: labels, boxes o scores sono vuoti!
[INFO] img_file: 2007_003580_jpg.rf.0dc31e3de76632a40bfdc8575a508aff.jpg
Errore: labels, boxes o scores sono vuoti!
[INFO] img_file: 2007_004810_jpg.rf.5ec559b737344f384e00088761c2fe96.jpg
Errore: labels, boxes o scores sono vuoti!
[INFO] img_file: 2007_007020_jpg.rf.f0c0bf63c3ba37d551fd2175efd63fd4.jpg
Errore: labels, boxes o scores sono vuoti!
[INFO] img_file: 2007_005764_jpg.rf.37ea7e5551cb03b59f7bd725d1cea508.jpg
Errore: labels, boxes o scores sono vuoti!
[INFO] img_file: 2007_009153_jpg.rf.f89ea3d1db99379321588bb4cf1276a0.jpg
Errore: labels, boxes o scores sono vuoti!
[INFO] img_file: 2007_006699_jpg.rf.f2d963312e095fabf5ddf859139b44f7.jpg
Errore: labels, boxes o scores sono vuoti!
[INFO] img_file: 2007_003957_jpg.rf.f864d98828605765d83c353e620cc2b9.jpg
Errore: labels, boxes o scores sono vuoti!
[INFO] img_file: 2007_001487_jpg.rf.b00e768be78522deba60a42914b3deaf.jpg
Errore: labels, boxes o scores sono vuoti!
[INFO] img_file: 2007_006673_jpg.rf.bc7c71edbd345e4dc72d009f95e3f6f2.jpg
Errore: labels, boxes o scores sono vuoti!
[INFO] img_file: 2007_001420_jpg.rf.b2bd585cda0c0e064b13667a99b518ca.jpg
Errore: labels, boxes o scores sono vuoti!
[INFO] img_file: 2007_003091_jpg.rf.72d97f175948ff2cc2123f77ac29372d.jpg
Errore: labels, boxes o scores sono vuoti!
[INFO] img_file: 2007_003571_jpg.rf.d612d419b3120542f68edde61c94c5b1.jpg
Errore: labels, boxes o scores sono vuoti!
[INFO] img_file: 2007_003861_jpg.rf.6c2f664cb5628d8d7a60018ddc27cd25.jpg
Errore: labels, boxes o scores sono vuoti!
[INFO] img_file: 2007_009527_jpg.rf.055f5bdedceb68c69271d4a36a13f01c.jpg
Errore: labels, boxes o scores sono vuoti!
[INFO] img_file: 2007_001288_jpg.rf.4f868f235e65da379e306c748bf33a51.jpg
Errore: labels, boxes o scores sono vuoti!
[INFO] img_file: 2007_005828_jpg.rf.c5db9d35b5a85df034a4bd4152eb22fb.jpg
Errore: labels, boxes o scores sono vuoti!
[INFO] img_file: 2008_000414_jpg.rf.8fcb19111c5ca83900ad523e7dd283d1.jpg
Errore: labels, boxes o scores sono vuoti!
[INFO] img_file: 2007_000733_jpg.rf.10c626008525b1b1e702d93afe18e1ab.jpg
Errore: labels, boxes o scores sono vuoti!
[INFO] img_file: 2007_005972_jpg.rf.5bc159c1d335cc56b93ecfaef93637fa.jpg
Errore: labels, boxes o scores sono vuoti!
[INFO] img_file: 2007_009435_jpg.rf.8564c29ca101375dad4d83346658daa8.jpg
Errore: labels, boxes o scores sono vuoti!
[INFO] img_file: 2007_009923_jpg.rf.a78f8b2d663266aedc3bee4015b57829.jpg
Errore: labels, boxes o scores sono vuoti!
[INFO] img_file: 2007_006364_jpg.rf.f68b98447a68ca0b711476760360a652.jpg
Errore: labels, boxes o scores sono vuoti!
[INFO] img_file: 2007_008526_jpg.rf.7a83c7e74f9159fdfbe4c5748bec2116.jpg
Errore: labels, boxes o scores sono vuoti!
[INFO] img_file: 2007_007007_jpg.rf.50bc3ad9244b9ffb1fd35e0152f761c3.jpg
Errore: labels, boxes o scores sono vuoti!
[INFO] img_file: 2007_003910_jpg.rf.2af3c26ba372392b0b73d188df6b7295.jpg
Errore: labels, boxes o scores sono vuoti!
[INFO] img_file: 2007_002668_jpg.rf.ae6dfc79b4536b6144432a451758cf41.jpg
Errore: labels, boxes o scores sono vuoti!
[INFO] img_file: 2007_009252_jpg.rf.84a147087f80ffbb571e0415f3195b87.jpg
Errore: labels, boxes o scores sono vuoti!
