Stato della GPU prima dell'esecuzione:
Tue Feb 11 10:40:04 2025       
+---------------------------------------------------------------------------------------+
| NVIDIA-SMI 530.30.02              Driver Version: 530.30.02    CUDA Version: 12.1     |
|-----------------------------------------+----------------------+----------------------+
| GPU  Name                  Persistence-M| Bus-Id        Disp.A | Volatile Uncorr. ECC |
| Fan  Temp  Perf            Pwr:Usage/Cap|         Memory-Usage | GPU-Util  Compute M. |
|                                         |                      |               MIG M. |
|=========================================+======================+======================|
|   0  NVIDIA A100-SXM-64GB            On | 00000000:1D:00.0 Off |                    0 |
| N/A   43C    P0               64W / 469W|      0MiB / 65536MiB |      0%      Default |
|                                         |                      |             Disabled |
+-----------------------------------------+----------------------+----------------------+
                                                                                         
+---------------------------------------------------------------------------------------+
| Processes:                                                                            |
|  GPU   GI   CI        PID   Type   Process name                            GPU Memory |
|        ID   ID                                                             Usage      |
|=======================================================================================|
|  No running processes found                                                           |
+---------------------------------------------------------------------------------------+
[INFO] Dataset: temp_frames
[INFO] Device: cuda
Load PResNet50 state_dict
[INFO] img_file: frame_00698.jpg
[INFO] img_file: frame_00897.jpg
[INFO] img_file: frame_00445.jpg
[INFO] img_file: frame_00236.jpg
[INFO] img_file: frame_00705.jpg
[INFO] img_file: frame_00325.jpg
[INFO] img_file: frame_00837.jpg
[INFO] img_file: frame_00028.jpg
[INFO] img_file: frame_00049.jpg
[INFO] img_file: frame_01356.jpg
[INFO] img_file: frame_01370.jpg
[INFO] img_file: frame_01481.jpg
[INFO] img_file: frame_01123.jpg
[INFO] img_file: frame_00384.jpg
[INFO] img_file: frame_01107.jpg
[INFO] img_file: frame_01182.jpg
[INFO] img_file: frame_00361.jpg
[INFO] img_file: frame_01503.jpg
[INFO] img_file: frame_00238.jpg
[INFO] img_file: frame_00462.jpg
[INFO] img_file: frame_00439.jpg
[INFO] img_file: frame_01457.jpg
[INFO] img_file: frame_00568.jpg
[INFO] img_file: frame_00378.jpg
[INFO] img_file: frame_00124.jpg
[INFO] img_file: frame_01043.jpg
[INFO] img_file: frame_00993.jpg
[INFO] img_file: frame_00025.jpg
[INFO] img_file: frame_01502.jpg
[INFO] img_file: frame_00132.jpg
[INFO] img_file: frame_01432.jpg
[INFO] img_file: frame_01192.jpg
[INFO] img_file: frame_00497.jpg
[INFO] img_file: frame_00894.jpg
[INFO] img_file: frame_00354.jpg
[INFO] img_file: frame_00627.jpg
[INFO] img_file: frame_00164.jpg
[INFO] img_file: frame_01325.jpg
[INFO] img_file: frame_00093.jpg
[INFO] img_file: frame_00007.jpg
[INFO] img_file: frame_00083.jpg
[INFO] img_file: frame_00833.jpg
[INFO] img_file: frame_01009.jpg
[INFO] img_file: frame_01448.jpg
[INFO] img_file: frame_00609.jpg
[INFO] img_file: frame_01355.jpg
[INFO] img_file: frame_00865.jpg
[INFO] img_file: frame_01501.jpg
[INFO] img_file: frame_00128.jpg
[INFO] img_file: frame_00815.jpg
[INFO] img_file: frame_00986.jpg
[INFO] img_file: frame_00424.jpg
[INFO] img_file: frame_01223.jpg
[INFO] img_file: frame_00412.jpg
[INFO] img_file: frame_01271.jpg
[INFO] img_file: frame_00571.jpg
[INFO] img_file: frame_00486.jpg
[INFO] img_file: frame_00166.jpg
[INFO] img_file: frame_00367.jpg
[INFO] img_file: frame_01369.jpg
[INFO] img_file: frame_00365.jpg
[INFO] img_file: frame_01309.jpg
[INFO] img_file: frame_00740.jpg
[INFO] img_file: frame_01458.jpg
[INFO] img_file: frame_00219.jpg
[INFO] img_file: frame_00435.jpg
[INFO] img_file: frame_01051.jpg
[INFO] img_file: frame_00157.jpg
[INFO] img_file: frame_00702.jpg
[INFO] img_file: frame_00018.jpg
[INFO] img_file: frame_01090.jpg
[INFO] img_file: frame_01170.jpg
[INFO] img_file: frame_00250.jpg
[INFO] img_file: frame_00842.jpg
[INFO] img_file: frame_00122.jpg
[INFO] img_file: frame_01216.jpg
[INFO] img_file: frame_01106.jpg
[INFO] img_file: frame_00779.jpg
[INFO] img_file: frame_00798.jpg
[INFO] img_file: frame_01254.jpg
[INFO] img_file: frame_00691.jpg
[INFO] img_file: frame_00131.jpg
[INFO] img_file: frame_00345.jpg
[INFO] img_file: frame_00406.jpg
[INFO] img_file: frame_01428.jpg
[INFO] img_file: frame_01383.jpg
[INFO] img_file: frame_01282.jpg
[INFO] img_file: frame_00013.jpg
[INFO] img_file: frame_01350.jpg
[INFO] img_file: frame_01101.jpg
[INFO] img_file: frame_01267.jpg
[INFO] img_file: frame_00318.jpg
[INFO] img_file: frame_01088.jpg
[INFO] img_file: frame_00284.jpg
[INFO] img_file: frame_00567.jpg
[INFO] img_file: frame_01078.jpg
[INFO] img_file: frame_01261.jpg
[INFO] img_file: frame_00196.jpg
[INFO] img_file: frame_01033.jpg
[INFO] img_file: frame_00454.jpg
[INFO] img_file: frame_00998.jpg
[INFO] img_file: frame_00084.jpg
[INFO] img_file: frame_00791.jpg
[INFO] img_file: frame_01077.jpg
[INFO] img_file: frame_01180.jpg
[INFO] img_file: frame_00461.jpg
[INFO] img_file: frame_00307.jpg
[INFO] img_file: frame_01250.jpg
[INFO] img_file: frame_00449.jpg
[INFO] img_file: frame_00358.jpg
[INFO] img_file: frame_00879.jpg
[INFO] img_file: frame_00664.jpg
[INFO] img_file: frame_00052.jpg
[INFO] img_file: frame_01347.jpg
[INFO] img_file: frame_00673.jpg
[INFO] img_file: frame_00828.jpg
[INFO] img_file: frame_00680.jpg
[INFO] img_file: frame_01054.jpg
[INFO] img_file: frame_00023.jpg
[INFO] img_file: frame_01013.jpg
[INFO] img_file: frame_00997.jpg
[INFO] img_file: frame_00298.jpg
[INFO] img_file: frame_01196.jpg
[INFO] img_file: frame_01075.jpg
[INFO] img_file: frame_00583.jpg
[INFO] img_file: frame_01311.jpg
[INFO] img_file: frame_00924.jpg
[INFO] img_file: frame_00438.jpg
[INFO] img_file: frame_00766.jpg
[INFO] img_file: frame_01299.jpg
[INFO] img_file: frame_00736.jpg
[INFO] img_file: frame_01468.jpg
[INFO] img_file: frame_00866.jpg
[INFO] img_file: frame_00181.jpg
[INFO] img_file: frame_00135.jpg
[INFO] img_file: frame_00581.jpg
[INFO] img_file: frame_00947.jpg
[INFO] img_file: frame_01000.jpg
[INFO] img_file: frame_00874.jpg
[INFO] img_file: frame_00423.jpg
[INFO] img_file: frame_00364.jpg
[INFO] img_file: frame_00718.jpg
[INFO] img_file: frame_01335.jpg
[INFO] img_file: frame_01178.jpg
[INFO] img_file: frame_00631.jpg
[INFO] img_file: frame_00295.jpg
[INFO] img_file: frame_00831.jpg
[INFO] img_file: frame_00934.jpg
[INFO] img_file: frame_00040.jpg
[INFO] img_file: frame_01086.jpg
[INFO] img_file: frame_01232.jpg
[INFO] img_file: frame_00612.jpg
[INFO] img_file: frame_00081.jpg
[INFO] img_file: frame_00458.jpg
[INFO] img_file: frame_00165.jpg
[INFO] img_file: frame_00829.jpg
[INFO] img_file: frame_00669.jpg
[INFO] img_file: frame_00555.jpg
[INFO] img_file: frame_00370.jpg
[INFO] img_file: frame_00077.jpg
[INFO] img_file: frame_00694.jpg
[INFO] img_file: frame_00337.jpg
[INFO] img_file: frame_01388.jpg
[INFO] img_file: frame_00733.jpg
[INFO] img_file: frame_00029.jpg
[INFO] img_file: frame_01169.jpg
[INFO] img_file: frame_00348.jpg
[INFO] img_file: frame_01305.jpg
[INFO] img_file: frame_01149.jpg
[INFO] img_file: frame_00512.jpg
[INFO] img_file: frame_01345.jpg
[INFO] img_file: frame_00692.jpg
[INFO] img_file: frame_01295.jpg
[INFO] img_file: frame_00176.jpg
[INFO] img_file: frame_01098.jpg
[INFO] img_file: frame_01230.jpg
[INFO] img_file: frame_00628.jpg
[INFO] img_file: frame_01161.jpg
[INFO] img_file: frame_00789.jpg
[INFO] img_file: frame_00576.jpg
[INFO] img_file: frame_00556.jpg
[INFO] img_file: frame_00319.jpg
[INFO] img_file: frame_00199.jpg
[INFO] img_file: frame_00280.jpg
[INFO] img_file: frame_00189.jpg
[INFO] img_file: frame_00288.jpg
[INFO] img_file: frame_00525.jpg
[INFO] img_file: frame_01493.jpg
[INFO] img_file: frame_00339.jpg
[INFO] img_file: frame_01437.jpg
[INFO] img_file: frame_01292.jpg
[INFO] img_file: frame_00140.jpg
[INFO] img_file: frame_00988.jpg
[INFO] img_file: frame_00258.jpg
[INFO] img_file: frame_01323.jpg
[INFO] img_file: frame_00972.jpg
[INFO] img_file: frame_00021.jpg
[INFO] img_file: frame_00310.jpg
[INFO] img_file: frame_00764.jpg
[INFO] img_file: frame_00689.jpg
[INFO] img_file: frame_00448.jpg
[INFO] img_file: frame_00180.jpg
[INFO] img_file: frame_00001.jpg
[INFO] img_file: frame_00838.jpg
[INFO] img_file: frame_00715.jpg
[INFO] img_file: frame_00413.jpg
[INFO] img_file: frame_00749.jpg
[INFO] img_file: frame_01396.jpg
[INFO] img_file: frame_00395.jpg
[INFO] img_file: frame_00403.jpg
[INFO] img_file: frame_01255.jpg
[INFO] img_file: frame_00574.jpg
[INFO] img_file: frame_00253.jpg
[INFO] img_file: frame_00932.jpg
[INFO] img_file: frame_00419.jpg
[INFO] img_file: frame_00820.jpg
[INFO] img_file: frame_00884.jpg
[INFO] img_file: frame_00510.jpg
[INFO] img_file: frame_00722.jpg
[INFO] img_file: frame_00595.jpg
[INFO] img_file: frame_01005.jpg
[INFO] img_file: frame_00570.jpg
[INFO] img_file: frame_00943.jpg
[INFO] img_file: frame_00808.jpg
[INFO] img_file: frame_01079.jpg
[INFO] img_file: frame_01112.jpg
[INFO] img_file: frame_00143.jpg
[INFO] img_file: frame_00174.jpg
[INFO] img_file: frame_01143.jpg
[INFO] img_file: frame_00511.jpg
[INFO] img_file: frame_01006.jpg
[INFO] img_file: frame_00266.jpg
[INFO] img_file: frame_01372.jpg
[INFO] img_file: frame_01110.jpg
[INFO] img_file: frame_00198.jpg
[INFO] img_file: frame_00880.jpg
[INFO] img_file: frame_01489.jpg
[INFO] img_file: frame_00965.jpg
[INFO] img_file: frame_00278.jpg
[INFO] img_file: frame_01418.jpg
[INFO] img_file: frame_00550.jpg
[INFO] img_file: frame_01416.jpg
[INFO] img_file: frame_00047.jpg
[INFO] img_file: frame_01360.jpg
[INFO] img_file: frame_00594.jpg
[INFO] img_file: frame_00241.jpg
[INFO] img_file: frame_01249.jpg
[INFO] img_file: frame_01441.jpg
[INFO] img_file: frame_01224.jpg
[INFO] img_file: frame_00515.jpg
[INFO] img_file: frame_01339.jpg
[INFO] img_file: frame_00906.jpg
[INFO] img_file: frame_01445.jpg
[INFO] img_file: frame_00506.jpg
[INFO] img_file: frame_00030.jpg
[INFO] img_file: frame_00386.jpg
[INFO] img_file: frame_00535.jpg
[INFO] img_file: frame_00572.jpg
[INFO] img_file: frame_00393.jpg
[INFO] img_file: frame_01462.jpg
[INFO] img_file: frame_01058.jpg
[INFO] img_file: frame_00966.jpg
[INFO] img_file: frame_00777.jpg
[INFO] img_file: frame_00898.jpg
[INFO] img_file: frame_00282.jpg
[INFO] img_file: frame_00414.jpg
[INFO] img_file: frame_00218.jpg
[INFO] img_file: frame_01225.jpg
[INFO] img_file: frame_00265.jpg
[INFO] img_file: frame_00871.jpg
[INFO] img_file: frame_01074.jpg
[INFO] img_file: frame_01293.jpg
[INFO] img_file: frame_00644.jpg
[INFO] img_file: frame_01211.jpg
[INFO] img_file: frame_00033.jpg
[INFO] img_file: frame_00341.jpg
[INFO] img_file: frame_00971.jpg
[INFO] img_file: frame_01346.jpg
[INFO] img_file: frame_00662.jpg
[INFO] img_file: frame_00430.jpg
[INFO] img_file: frame_00528.jpg
[INFO] img_file: frame_01177.jpg
[INFO] img_file: frame_00009.jpg
[INFO] img_file: frame_00970.jpg
[INFO] img_file: frame_01040.jpg
[INFO] img_file: frame_01310.jpg
[INFO] img_file: frame_00540.jpg
[INFO] img_file: frame_00821.jpg
[INFO] img_file: frame_01238.jpg
[INFO] img_file: frame_00533.jpg
[INFO] img_file: frame_00514.jpg
[INFO] img_file: frame_01505.jpg
[INFO] img_file: frame_01050.jpg
[INFO] img_file: frame_00451.jpg
[INFO] img_file: frame_01218.jpg
[INFO] img_file: frame_00951.jpg
[INFO] img_file: frame_00851.jpg
[INFO] img_file: frame_00760.jpg
[INFO] img_file: frame_00538.jpg
[INFO] img_file: frame_00053.jpg
[INFO] img_file: frame_01053.jpg
[INFO] img_file: frame_00598.jpg
[INFO] img_file: frame_00728.jpg
[INFO] img_file: frame_00706.jpg
[INFO] img_file: frame_00207.jpg
[INFO] img_file: frame_00622.jpg
[INFO] img_file: frame_00950.jpg
[INFO] img_file: frame_00704.jpg
[INFO] img_file: frame_01507.jpg
[INFO] img_file: frame_00041.jpg
[INFO] img_file: frame_00918.jpg
[INFO] img_file: frame_00076.jpg
[INFO] img_file: frame_01220.jpg
[INFO] img_file: frame_00727.jpg
[INFO] img_file: frame_00563.jpg
[INFO] img_file: frame_01171.jpg
[INFO] img_file: frame_00738.jpg
[INFO] img_file: frame_01140.jpg
[INFO] img_file: frame_00177.jpg
[INFO] img_file: frame_00551.jpg
[INFO] img_file: frame_00197.jpg
[INFO] img_file: frame_00097.jpg
[INFO] img_file: frame_00428.jpg
[INFO] img_file: frame_01020.jpg
[INFO] img_file: frame_00202.jpg
[INFO] img_file: frame_00933.jpg
[INFO] img_file: frame_00743.jpg
[INFO] img_file: frame_00541.jpg
[INFO] img_file: frame_01071.jpg
[INFO] img_file: frame_01259.jpg
[INFO] img_file: frame_01122.jpg
[INFO] img_file: frame_01365.jpg
[INFO] img_file: frame_01294.jpg
[INFO] img_file: frame_00299.jpg
[INFO] img_file: frame_00205.jpg
[INFO] img_file: frame_00714.jpg
[INFO] img_file: frame_00878.jpg
[INFO] img_file: frame_01105.jpg
[INFO] img_file: frame_01361.jpg
[INFO] img_file: frame_01288.jpg
[INFO] img_file: frame_00137.jpg
[INFO] img_file: frame_00500.jpg
[INFO] img_file: frame_01204.jpg
[INFO] img_file: frame_00534.jpg
[INFO] img_file: frame_01236.jpg
[INFO] img_file: frame_01059.jpg
[INFO] img_file: frame_01048.jpg
[INFO] img_file: frame_00475.jpg
[INFO] img_file: frame_01073.jpg
[INFO] img_file: frame_00144.jpg
[INFO] img_file: frame_00508.jpg
[INFO] img_file: frame_00349.jpg
[INFO] img_file: frame_00896.jpg
[INFO] img_file: frame_01274.jpg
[INFO] img_file: frame_01114.jpg
[INFO] img_file: frame_00679.jpg
[INFO] img_file: frame_00731.jpg
[INFO] img_file: frame_01284.jpg
[INFO] img_file: frame_00674.jpg
[INFO] img_file: frame_00215.jpg
[INFO] img_file: frame_00170.jpg
[INFO] img_file: frame_00003.jpg
[INFO] img_file: frame_00054.jpg
[INFO] img_file: frame_01195.jpg
[INFO] img_file: frame_00895.jpg
[INFO] img_file: frame_00545.jpg
[INFO] img_file: frame_00911.jpg
[INFO] img_file: frame_00121.jpg
[INFO] img_file: frame_00167.jpg
[INFO] img_file: frame_00217.jpg
[INFO] img_file: frame_00123.jpg
[INFO] img_file: frame_01402.jpg
[INFO] img_file: frame_01390.jpg
[INFO] img_file: frame_00841.jpg
[INFO] img_file: frame_00723.jpg
[INFO] img_file: frame_00134.jpg
[INFO] img_file: frame_00803.jpg
[INFO] img_file: frame_01039.jpg
[INFO] img_file: frame_00755.jpg
[INFO] img_file: frame_01469.jpg
[INFO] img_file: frame_00672.jpg
[INFO] img_file: frame_01029.jpg
[INFO] img_file: frame_00353.jpg
[INFO] img_file: frame_01120.jpg
[INFO] img_file: frame_00762.jpg
[INFO] img_file: frame_00537.jpg
[INFO] img_file: frame_00314.jpg
[INFO] img_file: frame_00637.jpg
[INFO] img_file: frame_00699.jpg
[INFO] img_file: frame_00770.jpg
[INFO] img_file: frame_00840.jpg
[INFO] img_file: frame_01326.jpg
[INFO] img_file: frame_00684.jpg
[INFO] img_file: frame_01466.jpg
[INFO] img_file: frame_01354.jpg
[INFO] img_file: frame_00584.jpg
[INFO] img_file: frame_00927.jpg
[INFO] img_file: frame_01244.jpg
[INFO] img_file: frame_00582.jpg
[INFO] img_file: frame_01405.jpg
[INFO] img_file: frame_00119.jpg
[INFO] img_file: frame_00065.jpg
[INFO] img_file: frame_01208.jpg
[INFO] img_file: frame_00228.jpg
[INFO] img_file: frame_00256.jpg
[INFO] img_file: frame_00888.jpg
[INFO] img_file: frame_01117.jpg
[INFO] img_file: frame_00624.jpg
[INFO] img_file: frame_00862.jpg
[INFO] img_file: frame_00687.jpg
[INFO] img_file: frame_00039.jpg
[INFO] img_file: frame_01041.jpg
[INFO] img_file: frame_00410.jpg
[INFO] img_file: frame_01439.jpg
[INFO] img_file: frame_00557.jpg
[INFO] img_file: frame_00707.jpg
[INFO] img_file: frame_00909.jpg
[INFO] img_file: frame_00901.jpg
[INFO] img_file: frame_00184.jpg
[INFO] img_file: frame_00270.jpg
[INFO] img_file: frame_00204.jpg
[INFO] img_file: frame_00891.jpg
[INFO] img_file: frame_00116.jpg
[INFO] img_file: frame_00592.jpg
[INFO] img_file: frame_00235.jpg
[INFO] img_file: frame_00271.jpg
[INFO] img_file: frame_00667.jpg
[INFO] img_file: frame_00905.jpg
[INFO] img_file: frame_01222.jpg
[INFO] img_file: frame_01189.jpg
[INFO] img_file: frame_01491.jpg
[INFO] img_file: frame_01092.jpg
[INFO] img_file: frame_00658.jpg
[INFO] img_file: frame_01381.jpg
[INFO] img_file: frame_01004.jpg
[INFO] img_file: frame_00399.jpg
[INFO] img_file: frame_00303.jpg
[INFO] img_file: frame_00936.jpg
[INFO] img_file: frame_00890.jpg
[INFO] img_file: frame_00239.jpg
[INFO] img_file: frame_01052.jpg
[INFO] img_file: frame_00868.jpg
[INFO] img_file: frame_01280.jpg
[INFO] img_file: frame_00211.jpg
[INFO] img_file: frame_00063.jpg
[INFO] img_file: frame_00505.jpg
[INFO] img_file: frame_00457.jpg
[INFO] img_file: frame_01460.jpg
[INFO] img_file: frame_00849.jpg
[INFO] img_file: frame_00472.jpg
[INFO] img_file: frame_00245.jpg
[INFO] img_file: frame_00517.jpg
[INFO] img_file: frame_00863.jpg
[INFO] img_file: frame_00027.jpg
[INFO] img_file: frame_00602.jpg
[INFO] img_file: frame_00263.jpg
[INFO] img_file: frame_00394.jpg
[INFO] img_file: frame_00719.jpg
[INFO] img_file: frame_01016.jpg
[INFO] img_file: frame_00782.jpg
[INFO] img_file: frame_01172.jpg
[INFO] img_file: frame_00285.jpg
[INFO] img_file: frame_01414.jpg
[INFO] img_file: frame_00925.jpg
[INFO] img_file: frame_01430.jpg
[INFO] img_file: frame_01380.jpg
[INFO] img_file: frame_01269.jpg
[INFO] img_file: frame_01027.jpg
[INFO] img_file: frame_01010.jpg
[INFO] img_file: frame_00156.jpg
[INFO] img_file: frame_00478.jpg
[INFO] img_file: frame_00974.jpg
[INFO] img_file: frame_01378.jpg
[INFO] img_file: frame_01148.jpg
[INFO] img_file: frame_00742.jpg
[INFO] img_file: frame_01089.jpg
[INFO] img_file: frame_01002.jpg
[INFO] img_file: frame_01191.jpg
[INFO] img_file: frame_01081.jpg
[INFO] img_file: frame_00504.jpg
[INFO] img_file: frame_01338.jpg
[INFO] img_file: frame_01194.jpg
[INFO] img_file: frame_01166.jpg
[INFO] img_file: frame_00464.jpg
[INFO] img_file: frame_00169.jpg
[INFO] img_file: frame_00802.jpg
[INFO] img_file: frame_00082.jpg
[INFO] img_file: frame_00949.jpg
[INFO] img_file: frame_01165.jpg
[INFO] img_file: frame_00213.jpg
[INFO] img_file: frame_01436.jpg
[INFO] img_file: frame_00333.jpg
[INFO] img_file: frame_00068.jpg
[INFO] img_file: frame_00249.jpg
[INFO] img_file: frame_00902.jpg
[INFO] img_file: frame_01235.jpg
[INFO] img_file: frame_01125.jpg
[INFO] img_file: frame_00589.jpg
[INFO] img_file: frame_01290.jpg
[INFO] img_file: frame_00552.jpg
[INFO] img_file: frame_00363.jpg
[INFO] img_file: frame_01246.jpg
[INFO] img_file: frame_01291.jpg
[INFO] img_file: frame_01173.jpg
[INFO] img_file: frame_01297.jpg
[INFO] img_file: frame_00883.jpg
[INFO] img_file: frame_00889.jpg
[INFO] img_file: frame_01115.jpg
[INFO] img_file: frame_00615.jpg
[INFO] img_file: frame_00536.jpg
[INFO] img_file: frame_00648.jpg
[INFO] img_file: frame_00984.jpg
[INFO] img_file: frame_01456.jpg
[INFO] img_file: frame_00978.jpg
[INFO] img_file: frame_00371.jpg
[INFO] img_file: frame_00573.jpg
[INFO] img_file: frame_00474.jpg
[INFO] img_file: frame_00075.jpg
[INFO] img_file: frame_00154.jpg
[INFO] img_file: frame_00050.jpg
[INFO] img_file: frame_00225.jpg
[INFO] img_file: frame_01015.jpg
[INFO] img_file: frame_00995.jpg
[INFO] img_file: frame_00711.jpg
[INFO] img_file: frame_00231.jpg
[INFO] img_file: frame_00877.jpg
[INFO] img_file: frame_00809.jpg
[INFO] img_file: frame_00073.jpg
[INFO] img_file: frame_01478.jpg
[INFO] img_file: frame_00653.jpg
[INFO] img_file: frame_00415.jpg
[INFO] img_file: frame_00100.jpg
[INFO] img_file: frame_01488.jpg
[INFO] img_file: frame_00352.jpg
[INFO] img_file: frame_00194.jpg
[INFO] img_file: frame_00069.jpg
[INFO] img_file: frame_00839.jpg
[INFO] img_file: frame_00147.jpg
[INFO] img_file: frame_01162.jpg
[INFO] img_file: frame_00575.jpg
[INFO] img_file: frame_00450.jpg
[INFO] img_file: frame_01512.jpg
[INFO] img_file: frame_01321.jpg
[INFO] img_file: frame_01017.jpg
[INFO] img_file: frame_00418.jpg
[INFO] img_file: frame_00621.jpg
[INFO] img_file: frame_00625.jpg
[INFO] img_file: frame_00562.jpg
[INFO] img_file: frame_00099.jpg
[INFO] img_file: frame_00703.jpg
[INFO] img_file: frame_01454.jpg
[INFO] img_file: frame_00912.jpg
[INFO] img_file: frame_01066.jpg
[INFO] img_file: frame_00036.jpg
[INFO] img_file: frame_00389.jpg
[INFO] img_file: frame_01070.jpg
[INFO] img_file: frame_00409.jpg
[INFO] img_file: frame_01141.jpg
[INFO] img_file: frame_01022.jpg
[INFO] img_file: frame_01470.jpg
[INFO] img_file: frame_01303.jpg
[INFO] img_file: frame_01298.jpg
[INFO] img_file: frame_01273.jpg
[INFO] img_file: frame_01411.jpg
[INFO] img_file: frame_01131.jpg
[INFO] img_file: frame_00656.jpg
[INFO] img_file: frame_00671.jpg
[INFO] img_file: frame_00343.jpg
[INFO] img_file: frame_01026.jpg
[INFO] img_file: frame_00590.jpg
[INFO] img_file: frame_00420.jpg
[INFO] img_file: frame_00383.jpg
[INFO] img_file: frame_00693.jpg
[INFO] img_file: frame_01306.jpg
[INFO] img_file: frame_00646.jpg
[INFO] img_file: frame_00650.jpg
[INFO] img_file: frame_00201.jpg
[INFO] img_file: frame_00374.jpg
[INFO] img_file: frame_00360.jpg
[INFO] img_file: frame_00005.jpg
[INFO] img_file: frame_00962.jpg
[INFO] img_file: frame_00388.jpg
[INFO] img_file: frame_00858.jpg
[INFO] img_file: frame_00359.jpg
[INFO] img_file: frame_00887.jpg
[INFO] img_file: frame_00665.jpg
[INFO] img_file: frame_00753.jpg
[INFO] img_file: frame_01154.jpg
[INFO] img_file: frame_00203.jpg
[INFO] img_file: frame_00286.jpg
[INFO] img_file: frame_01239.jpg
[INFO] img_file: frame_00139.jpg
[INFO] img_file: frame_00247.jpg
[INFO] img_file: frame_00661.jpg
[INFO] img_file: frame_00334.jpg
[INFO] img_file: frame_00734.jpg
[INFO] img_file: frame_00700.jpg
[INFO] img_file: frame_00480.jpg
[INFO] img_file: frame_00955.jpg
[INFO] img_file: frame_00985.jpg
[INFO] img_file: frame_00843.jpg
[INFO] img_file: frame_01379.jpg
[INFO] img_file: frame_01035.jpg
[INFO] img_file: frame_01473.jpg
[INFO] img_file: frame_00022.jpg
[INFO] img_file: frame_00326.jpg
[INFO] img_file: frame_01001.jpg
[INFO] img_file: frame_00606.jpg
[INFO] img_file: frame_01331.jpg
[INFO] img_file: frame_01164.jpg
[INFO] img_file: frame_00973.jpg
[INFO] img_file: frame_00952.jpg
[INFO] img_file: frame_01183.jpg
[INFO] img_file: frame_01174.jpg
[INFO] img_file: frame_00870.jpg
[INFO] img_file: frame_00308.jpg
[INFO] img_file: frame_00834.jpg
[INFO] img_file: frame_00836.jpg
[INFO] img_file: frame_01185.jpg
[INFO] img_file: frame_01322.jpg
[INFO] img_file: frame_00417.jpg
[INFO] img_file: frame_00591.jpg
[INFO] img_file: frame_01160.jpg
[INFO] img_file: frame_00397.jpg
[INFO] img_file: frame_01226.jpg
[INFO] img_file: frame_00681.jpg
[INFO] img_file: frame_00830.jpg
[INFO] img_file: frame_00623.jpg
[INFO] img_file: frame_01207.jpg
[INFO] img_file: frame_01386.jpg
[INFO] img_file: frame_00490.jpg
[INFO] img_file: frame_01352.jpg
[INFO] img_file: frame_01415.jpg
[INFO] img_file: frame_01270.jpg
[INFO] img_file: frame_00961.jpg
[INFO] img_file: frame_00085.jpg
[INFO] img_file: frame_00585.jpg
[INFO] img_file: frame_00544.jpg
[INFO] img_file: frame_00968.jpg
[INFO] img_file: frame_00696.jpg
[INFO] img_file: frame_00886.jpg
[INFO] img_file: frame_01062.jpg
[INFO] img_file: frame_00014.jpg
[INFO] img_file: frame_00587.jpg
[INFO] img_file: frame_00783.jpg
[INFO] img_file: frame_01263.jpg
[INFO] img_file: frame_01278.jpg
[INFO] img_file: frame_00772.jpg
[INFO] img_file: frame_00304.jpg
[INFO] img_file: frame_00611.jpg
[INFO] img_file: frame_00431.jpg
[INFO] img_file: frame_00767.jpg
[INFO] img_file: frame_00251.jpg
[INFO] img_file: frame_00553.jpg
[INFO] img_file: frame_01440.jpg
[INFO] img_file: frame_00754.jpg
[INFO] img_file: frame_01129.jpg
[INFO] img_file: frame_00859.jpg
[INFO] img_file: frame_00382.jpg
[INFO] img_file: frame_00366.jpg
[INFO] img_file: frame_00426.jpg
[INFO] img_file: frame_00151.jpg
[INFO] img_file: frame_00381.jpg
[INFO] img_file: frame_00546.jpg
[INFO] img_file: frame_00411.jpg
[INFO] img_file: frame_00713.jpg
[INFO] img_file: frame_00008.jpg
[INFO] img_file: frame_00468.jpg
[INFO] img_file: frame_00607.jpg
[INFO] img_file: frame_01385.jpg
[INFO] img_file: frame_00864.jpg
[INFO] img_file: frame_00960.jpg
[INFO] img_file: frame_00010.jpg
[INFO] img_file: frame_01433.jpg
[INFO] img_file: frame_01150.jpg
[INFO] img_file: frame_01443.jpg
[INFO] img_file: frame_01103.jpg
[INFO] img_file: frame_00357.jpg
[INFO] img_file: frame_00466.jpg
[INFO] img_file: frame_00096.jpg
[INFO] img_file: frame_01121.jpg
[INFO] img_file: frame_00162.jpg
[INFO] img_file: frame_01500.jpg
[INFO] img_file: frame_01179.jpg
[INFO] img_file: frame_01061.jpg
[INFO] img_file: frame_00098.jpg
[INFO] img_file: frame_01144.jpg
[INFO] img_file: frame_00747.jpg
[INFO] img_file: frame_01042.jpg
[INFO] img_file: frame_01479.jpg
[INFO] img_file: frame_00857.jpg
[INFO] img_file: frame_00695.jpg
[INFO] img_file: frame_00539.jpg
[INFO] img_file: frame_00618.jpg
[INFO] img_file: frame_01327.jpg
[INFO] img_file: frame_00453.jpg
[INFO] img_file: frame_00980.jpg
[INFO] img_file: frame_01142.jpg
[INFO] img_file: frame_00600.jpg
[INFO] img_file: frame_00976.jpg
[INFO] img_file: frame_00565.jpg
[INFO] img_file: frame_00683.jpg
[INFO] img_file: frame_00792.jpg
[INFO] img_file: frame_00088.jpg
[INFO] img_file: frame_00335.jpg
[INFO] img_file: frame_00377.jpg
[INFO] img_file: frame_00805.jpg
[INFO] img_file: frame_00652.jpg
[INFO] img_file: frame_01229.jpg
[INFO] img_file: frame_00630.jpg
[INFO] img_file: frame_00153.jpg
[INFO] img_file: frame_00006.jpg
[INFO] img_file: frame_00675.jpg
[INFO] img_file: frame_01018.jpg
[INFO] img_file: frame_00408.jpg
[INFO] img_file: frame_00172.jpg
[INFO] img_file: frame_00507.jpg
[INFO] img_file: frame_01368.jpg
[INFO] img_file: frame_01245.jpg
[INFO] img_file: frame_00516.jpg
[INFO] img_file: frame_00059.jpg
[INFO] img_file: frame_00432.jpg
[INFO] img_file: frame_00072.jpg
[INFO] img_file: frame_01279.jpg
[INFO] img_file: frame_00793.jpg
[INFO] img_file: frame_00776.jpg
[INFO] img_file: frame_00117.jpg
[INFO] img_file: frame_01262.jpg
[INFO] img_file: frame_01085.jpg
[INFO] img_file: frame_00230.jpg
[INFO] img_file: frame_01031.jpg
[INFO] img_file: frame_00149.jpg
[INFO] img_file: frame_01508.jpg
[INFO] img_file: frame_00101.jpg
[INFO] img_file: frame_01206.jpg
[INFO] img_file: frame_00677.jpg
[INFO] img_file: frame_00125.jpg
[INFO] img_file: frame_00758.jpg
[INFO] img_file: frame_00994.jpg
[INFO] img_file: frame_00070.jpg
[INFO] img_file: frame_00015.jpg
[INFO] img_file: frame_00709.jpg
[INFO] img_file: frame_00586.jpg
[INFO] img_file: frame_00937.jpg
[INFO] img_file: frame_01359.jpg
[INFO] img_file: frame_01429.jpg
[INFO] img_file: frame_01049.jpg
[INFO] img_file: frame_00800.jpg
[INFO] img_file: frame_00509.jpg
[INFO] img_file: frame_01068.jpg
[INFO] img_file: frame_01316.jpg
[INFO] img_file: frame_01465.jpg
[INFO] img_file: frame_00716.jpg
[INFO] img_file: frame_01210.jpg
[INFO] img_file: frame_00268.jpg
[INFO] img_file: frame_00340.jpg
[INFO] img_file: frame_01474.jpg
[INFO] img_file: frame_00035.jpg
[INFO] img_file: frame_00484.jpg
[INFO] img_file: frame_00913.jpg
[INFO] img_file: frame_01100.jpg
[INFO] img_file: frame_00634.jpg
[INFO] img_file: frame_00058.jpg
[INFO] img_file: frame_00654.jpg
[INFO] img_file: frame_01471.jpg
[INFO] img_file: frame_01486.jpg
[INFO] img_file: frame_01060.jpg
[INFO] img_file: frame_00427.jpg
[INFO] img_file: frame_00108.jpg
[INFO] img_file: frame_01351.jpg
[INFO] img_file: frame_01374.jpg
[INFO] img_file: frame_00532.jpg
[INFO] img_file: frame_00442.jpg
[INFO] img_file: frame_00710.jpg
[INFO] img_file: frame_00317.jpg
[INFO] img_file: frame_01404.jpg
[INFO] img_file: frame_01464.jpg
[INFO] img_file: frame_00051.jpg
[INFO] img_file: frame_00460.jpg
[INFO] img_file: frame_00095.jpg
[INFO] img_file: frame_01320.jpg
[INFO] img_file: frame_00953.jpg
[INFO] img_file: frame_00893.jpg
[INFO] img_file: frame_01477.jpg
[INFO] img_file: frame_00882.jpg
[INFO] img_file: frame_00328.jpg
[INFO] img_file: frame_01484.jpg
[INFO] img_file: frame_01087.jpg
[INFO] img_file: frame_00548.jpg
[INFO] img_file: frame_00768.jpg
[INFO] img_file: frame_00503.jpg
[INFO] img_file: frame_01205.jpg
[INFO] img_file: frame_01315.jpg
[INFO] img_file: frame_00558.jpg
[INFO] img_file: frame_00721.jpg
[INFO] img_file: frame_00881.jpg
[INFO] img_file: frame_00011.jpg
[INFO] img_file: frame_00526.jpg
[INFO] img_file: frame_00635.jpg
[INFO] img_file: frame_01011.jpg
[INFO] img_file: frame_00855.jpg
[INFO] img_file: frame_01156.jpg
[INFO] img_file: frame_00854.jpg
[INFO] img_file: frame_00917.jpg
[INFO] img_file: frame_00208.jpg
[INFO] img_file: frame_01221.jpg
[INFO] img_file: frame_01387.jpg
[INFO] img_file: frame_00191.jpg
[INFO] img_file: frame_00569.jpg
[INFO] img_file: frame_00812.jpg
[INFO] img_file: frame_00963.jpg
[INFO] img_file: frame_01240.jpg
[INFO] img_file: frame_01228.jpg
[INFO] img_file: frame_01341.jpg
[INFO] img_file: frame_00636.jpg
[INFO] img_file: frame_00930.jpg
[INFO] img_file: frame_01446.jpg
[INFO] img_file: frame_00045.jpg
[INFO] img_file: frame_00195.jpg
[INFO] img_file: frame_01494.jpg
[INFO] img_file: frame_01427.jpg
[INFO] img_file: frame_00660.jpg
[INFO] img_file: frame_00400.jpg
[INFO] img_file: frame_01034.jpg
[INFO] img_file: frame_01510.jpg
[INFO] img_file: frame_00956.jpg
[INFO] img_file: frame_00391.jpg
[INFO] img_file: frame_01461.jpg
[INFO] img_file: frame_00663.jpg
[INFO] img_file: frame_00279.jpg
[INFO] img_file: frame_00118.jpg
[INFO] img_file: frame_01308.jpg
[INFO] img_file: frame_01168.jpg
[INFO] img_file: frame_00297.jpg
[INFO] img_file: frame_01241.jpg
[INFO] img_file: frame_00502.jpg
[INFO] img_file: frame_00844.jpg
[INFO] img_file: frame_01008.jpg
[INFO] img_file: frame_00813.jpg
[INFO] img_file: frame_00856.jpg
[INFO] img_file: frame_00292.jpg
[INFO] img_file: frame_00291.jpg
[INFO] img_file: frame_00146.jpg
[INFO] img_file: frame_00892.jpg
[INFO] img_file: frame_00246.jpg
[INFO] img_file: frame_01181.jpg
[INFO] img_file: frame_00959.jpg
[INFO] img_file: frame_00577.jpg
[INFO] img_file: frame_00163.jpg
[INFO] img_file: frame_00422.jpg
[INFO] img_file: frame_00682.jpg
[INFO] img_file: frame_00629.jpg
[INFO] img_file: frame_00471.jpg
[INFO] img_file: frame_00436.jpg
[INFO] img_file: frame_01219.jpg
[INFO] img_file: frame_00351.jpg
[INFO] img_file: frame_00404.jpg
[INFO] img_file: frame_01435.jpg
[INFO] img_file: frame_01188.jpg
[INFO] img_file: frame_00765.jpg
[INFO] img_file: frame_00645.jpg
[INFO] img_file: frame_01382.jpg
[INFO] img_file: frame_01258.jpg
[INFO] img_file: frame_00751.jpg
[INFO] img_file: frame_00264.jpg
[INFO] img_file: frame_01268.jpg
[INFO] img_file: frame_00330.jpg
[INFO] img_file: frame_00489.jpg
[INFO] img_file: frame_01163.jpg
[INFO] img_file: frame_01012.jpg
[INFO] img_file: frame_01409.jpg
[INFO] img_file: frame_00223.jpg
[INFO] img_file: frame_01139.jpg
[INFO] img_file: frame_00860.jpg
[INFO] img_file: frame_01425.jpg
[INFO] img_file: frame_01509.jpg
[INFO] img_file: frame_00434.jpg
[INFO] img_file: frame_00757.jpg
[INFO] img_file: frame_00252.jpg
[INFO] img_file: frame_00324.jpg
[INFO] img_file: frame_00954.jpg
[INFO] img_file: frame_01499.jpg
[INFO] img_file: frame_00958.jpg
[INFO] img_file: frame_01032.jpg
[INFO] img_file: frame_00979.jpg
[INFO] img_file: frame_00379.jpg
[INFO] img_file: frame_00175.jpg
[INFO] img_file: frame_00057.jpg
[INFO] img_file: frame_00495.jpg
[INFO] img_file: frame_00244.jpg
[INFO] img_file: frame_01080.jpg
[INFO] img_file: frame_01056.jpg
[INFO] img_file: frame_00876.jpg
[INFO] img_file: frame_01272.jpg
[INFO] img_file: frame_00160.jpg
[INFO] img_file: frame_01067.jpg
[INFO] img_file: frame_00916.jpg
[INFO] img_file: frame_01431.jpg
[INFO] img_file: frame_01349.jpg
[INFO] img_file: frame_01376.jpg
[INFO] img_file: frame_01283.jpg
[INFO] img_file: frame_01301.jpg
[INFO] img_file: frame_00939.jpg
[INFO] img_file: frame_00012.jpg
[INFO] img_file: frame_01028.jpg
[INFO] img_file: frame_00322.jpg
[INFO] img_file: frame_01344.jpg
[INFO] img_file: frame_00543.jpg
[INFO] img_file: frame_01319.jpg
[INFO] img_file: frame_01504.jpg
[INFO] img_file: frame_00331.jpg
[INFO] img_file: frame_01296.jpg
[INFO] img_file: frame_00944.jpg
[INFO] img_file: frame_01342.jpg
[INFO] img_file: frame_01038.jpg
[INFO] img_file: frame_01127.jpg
[INFO] img_file: frame_00499.jpg
[INFO] img_file: frame_01332.jpg
[INFO] img_file: frame_01193.jpg
[INFO] img_file: frame_00885.jpg
[INFO] img_file: frame_00737.jpg
[INFO] img_file: frame_00138.jpg
[INFO] img_file: frame_00613.jpg
[INFO] img_file: frame_00588.jpg
[INFO] img_file: frame_01482.jpg
[INFO] img_file: frame_00530.jpg
[INFO] img_file: frame_01044.jpg
[INFO] img_file: frame_01146.jpg
[INFO] img_file: frame_00494.jpg
[INFO] img_file: frame_01340.jpg
[INFO] img_file: frame_00549.jpg
[INFO] img_file: frame_01234.jpg
[INFO] img_file: frame_01276.jpg
[INFO] img_file: frame_00031.jpg
[INFO] img_file: frame_00459.jpg
[INFO] img_file: frame_01475.jpg
[INFO] img_file: frame_00188.jpg
[INFO] img_file: frame_00678.jpg
[INFO] img_file: frame_00899.jpg
[INFO] img_file: frame_01434.jpg
[INFO] img_file: frame_01184.jpg
[INFO] img_file: frame_00262.jpg
[INFO] img_file: frame_00186.jpg
[INFO] img_file: frame_01019.jpg
[INFO] img_file: frame_01336.jpg
[INFO] img_file: frame_01333.jpg
[INFO] img_file: frame_00564.jpg
[INFO] img_file: frame_00336.jpg
[INFO] img_file: frame_00016.jpg
[INFO] img_file: frame_01134.jpg
[INFO] img_file: frame_01057.jpg
[INFO] img_file: frame_00168.jpg
[INFO] img_file: frame_00492.jpg
[INFO] img_file: frame_00797.jpg
[INFO] img_file: frame_00443.jpg
[INFO] img_file: frame_01083.jpg
[INFO] img_file: frame_00982.jpg
[INFO] img_file: frame_01450.jpg
[INFO] img_file: frame_00845.jpg
[INFO] img_file: frame_00190.jpg
[INFO] img_file: frame_00903.jpg
[INFO] img_file: frame_01421.jpg
[INFO] img_file: frame_00267.jpg
[INFO] img_file: frame_00527.jpg
[INFO] img_file: frame_00305.jpg
[INFO] img_file: frame_01024.jpg
[INFO] img_file: frame_00746.jpg
[INFO] img_file: frame_01135.jpg
[INFO] img_file: frame_00659.jpg
[INFO] img_file: frame_01413.jpg
[INFO] img_file: frame_01227.jpg
[INFO] img_file: frame_01392.jpg
[INFO] img_file: frame_01198.jpg
[INFO] img_file: frame_00043.jpg
[INFO] img_file: frame_00923.jpg
[INFO] img_file: frame_01102.jpg
[INFO] img_file: frame_00524.jpg
[INFO] img_file: frame_00521.jpg
[INFO] img_file: frame_01377.jpg
[INFO] img_file: frame_00375.jpg
[INFO] img_file: frame_00109.jpg
[INFO] img_file: frame_01447.jpg
[INFO] img_file: frame_00818.jpg
[INFO] img_file: frame_00827.jpg
[INFO] img_file: frame_01410.jpg
[INFO] img_file: frame_01367.jpg
[INFO] img_file: frame_01277.jpg
[INFO] img_file: frame_00300.jpg
[INFO] img_file: frame_01328.jpg
[INFO] img_file: frame_01094.jpg
[INFO] img_file: frame_00850.jpg
[INFO] img_file: frame_01014.jpg
[INFO] img_file: frame_00491.jpg
[INFO] img_file: frame_01453.jpg
[INFO] img_file: frame_01506.jpg
[INFO] img_file: frame_01197.jpg
[INFO] img_file: frame_00835.jpg
[INFO] img_file: frame_00992.jpg
[INFO] img_file: frame_00320.jpg
[INFO] img_file: frame_01037.jpg
[INFO] img_file: frame_00026.jpg
[INFO] img_file: frame_00275.jpg
[INFO] img_file: frame_01330.jpg
[INFO] img_file: frame_00928.jpg
[INFO] img_file: frame_00904.jpg
[INFO] img_file: frame_00482.jpg
[INFO] img_file: frame_00501.jpg
[INFO] img_file: frame_00817.jpg
[INFO] img_file: frame_00969.jpg
[INFO] img_file: frame_01176.jpg
[INFO] img_file: frame_00929.jpg
[INFO] img_file: frame_00493.jpg
[INFO] img_file: frame_00920.jpg
[INFO] img_file: frame_00421.jpg
[INFO] img_file: frame_00042.jpg
[INFO] img_file: frame_00649.jpg
[INFO] img_file: frame_01095.jpg
[INFO] img_file: frame_01200.jpg
[INFO] img_file: frame_00255.jpg
[INFO] img_file: frame_00032.jpg
[INFO] img_file: frame_01348.jpg
[INFO] img_file: frame_01147.jpg
[INFO] img_file: frame_00187.jpg
[INFO] img_file: frame_00771.jpg
[INFO] img_file: frame_00055.jpg
[INFO] img_file: frame_01137.jpg
[INFO] img_file: frame_00641.jpg
[INFO] img_file: frame_00289.jpg
[INFO] img_file: frame_00701.jpg
[INFO] img_file: frame_00922.jpg
[INFO] img_file: frame_00804.jpg
[INFO] img_file: frame_00730.jpg
[INFO] img_file: frame_01247.jpg
[INFO] img_file: frame_00107.jpg
[INFO] img_file: frame_00226.jpg
[INFO] img_file: frame_00470.jpg
[INFO] img_file: frame_00024.jpg
[INFO] img_file: frame_01116.jpg
[INFO] img_file: frame_01260.jpg
[INFO] img_file: frame_01287.jpg
[INFO] img_file: frame_00091.jpg
[INFO] img_file: frame_00380.jpg
[INFO] img_file: frame_01132.jpg
[INFO] img_file: frame_00179.jpg
[INFO] img_file: frame_01242.jpg
[INFO] img_file: frame_00921.jpg
[INFO] img_file: frame_01420.jpg
[INFO] img_file: frame_01128.jpg
[INFO] img_file: frame_00105.jpg
[INFO] img_file: frame_00554.jpg
[INFO] img_file: frame_00975.jpg
[INFO] img_file: frame_00092.jpg
[INFO] img_file: frame_00344.jpg
[INFO] img_file: frame_01152.jpg
[INFO] img_file: frame_00002.jpg
[INFO] img_file: frame_00616.jpg
[INFO] img_file: frame_01424.jpg
[INFO] img_file: frame_00739.jpg
[INFO] img_file: frame_00967.jpg
[INFO] img_file: frame_00398.jpg
[INFO] img_file: frame_01384.jpg
[INFO] img_file: frame_00086.jpg
[INFO] img_file: frame_00120.jpg
[INFO] img_file: frame_00848.jpg
[INFO] img_file: frame_01264.jpg
[INFO] img_file: frame_01252.jpg
[INFO] img_file: frame_00222.jpg
[INFO] img_file: frame_01302.jpg
[INFO] img_file: frame_01133.jpg
[INFO] img_file: frame_00079.jpg
[INFO] img_file: frame_00273.jpg
[INFO] img_file: frame_00957.jpg
[INFO] img_file: frame_01463.jpg
[INFO] img_file: frame_00697.jpg
[INFO] img_file: frame_00281.jpg
[INFO] img_file: frame_01003.jpg
[INFO] img_file: frame_01151.jpg
[INFO] img_file: frame_00214.jpg
[INFO] img_file: frame_00089.jpg
[INFO] img_file: frame_00210.jpg
[INFO] img_file: frame_01318.jpg
[INFO] img_file: frame_00373.jpg
[INFO] img_file: frame_00405.jpg
[INFO] img_file: frame_01495.jpg
[INFO] img_file: frame_01096.jpg
[INFO] img_file: frame_00329.jpg
[INFO] img_file: frame_00193.jpg
[INFO] img_file: frame_00781.jpg
[INFO] img_file: frame_01036.jpg
[INFO] img_file: frame_01442.jpg
[INFO] img_file: frame_01113.jpg
[INFO] img_file: frame_01371.jpg
[INFO] img_file: frame_00832.jpg
[INFO] img_file: frame_01233.jpg
[INFO] img_file: frame_01145.jpg
[INFO] img_file: frame_00787.jpg
[INFO] img_file: frame_00020.jpg
[INFO] img_file: frame_01389.jpg
[INFO] img_file: frame_00948.jpg
[INFO] img_file: frame_00786.jpg
[INFO] img_file: frame_00941.jpg
[INFO] img_file: frame_01217.jpg
[INFO] img_file: frame_00080.jpg
[INFO] img_file: frame_00038.jpg
[INFO] img_file: frame_01285.jpg
[INFO] img_file: frame_00185.jpg
[INFO] img_file: frame_00113.jpg
[INFO] img_file: frame_00313.jpg
[INFO] img_file: frame_01467.jpg
[INFO] img_file: frame_01300.jpg
[INFO] img_file: frame_01064.jpg
[INFO] img_file: frame_00368.jpg
[INFO] img_file: frame_00519.jpg
[INFO] img_file: frame_00685.jpg
[INFO] img_file: frame_00178.jpg
[INFO] img_file: frame_00402.jpg
[INFO] img_file: frame_01358.jpg
[INFO] img_file: frame_01055.jpg
[INFO] img_file: frame_00396.jpg
[INFO] img_file: frame_00580.jpg
[INFO] img_file: frame_00104.jpg
[INFO] img_file: frame_01476.jpg
[INFO] img_file: frame_01400.jpg
[INFO] img_file: frame_00346.jpg
[INFO] img_file: frame_00638.jpg
[INFO] img_file: frame_00875.jpg
[INFO] img_file: frame_01366.jpg
[INFO] img_file: frame_00311.jpg
[INFO] img_file: frame_00447.jpg
[INFO] img_file: frame_01317.jpg
[INFO] img_file: frame_00309.jpg
[INFO] img_file: frame_00206.jpg
[INFO] img_file: frame_00452.jpg
[INFO] img_file: frame_01472.jpg
[INFO] img_file: frame_00726.jpg
[INFO] img_file: frame_00610.jpg
[INFO] img_file: frame_01119.jpg
[INFO] img_file: frame_00604.jpg
[INFO] img_file: frame_00044.jpg
[INFO] img_file: frame_00192.jpg
[INFO] img_file: frame_00315.jpg
[INFO] img_file: frame_00173.jpg
[INFO] img_file: frame_01423.jpg
[INFO] img_file: frame_00347.jpg
[INFO] img_file: frame_00560.jpg
[INFO] img_file: frame_00795.jpg
[INFO] img_file: frame_00807.jpg
[INFO] img_file: frame_00444.jpg
[INFO] img_file: frame_00799.jpg
[INFO] img_file: frame_00216.jpg
[INFO] img_file: frame_00617.jpg
[INFO] img_file: frame_00350.jpg
[INFO] img_file: frame_00780.jpg
[INFO] img_file: frame_01364.jpg
[INFO] img_file: frame_00946.jpg
[INFO] img_file: frame_00465.jpg
[INFO] img_file: frame_00756.jpg
[INFO] img_file: frame_01201.jpg
[INFO] img_file: frame_01449.jpg
[INFO] img_file: frame_00390.jpg
[INFO] img_file: frame_01398.jpg
[INFO] img_file: frame_01082.jpg
[INFO] img_file: frame_00670.jpg
[INFO] img_file: frame_01403.jpg
[INFO] img_file: frame_00037.jpg
[INFO] img_file: frame_00407.jpg
[INFO] img_file: frame_00269.jpg
[INFO] img_file: frame_01030.jpg
[INFO] img_file: frame_01281.jpg
[INFO] img_file: frame_00294.jpg
[INFO] img_file: frame_01203.jpg
[INFO] img_file: frame_00816.jpg
[INFO] img_file: frame_00126.jpg
[INFO] img_file: frame_00852.jpg
[INFO] img_file: frame_00666.jpg
[INFO] img_file: frame_00796.jpg
[INFO] img_file: frame_00148.jpg
[INFO] img_file: frame_00261.jpg
[INFO] img_file: frame_01025.jpg
[INFO] img_file: frame_01492.jpg
[INFO] img_file: frame_00283.jpg
[INFO] img_file: frame_01362.jpg
[INFO] img_file: frame_00647.jpg
[INFO] img_file: frame_00748.jpg
[INFO] img_file: frame_01097.jpg
[INFO] img_file: frame_00316.jpg
[INFO] img_file: frame_00989.jpg
[INFO] img_file: frame_00302.jpg
[INFO] img_file: frame_00822.jpg
[INFO] img_file: frame_00942.jpg
[INFO] img_file: frame_00425.jpg
[INFO] img_file: frame_01199.jpg
[INFO] img_file: frame_00801.jpg
[INFO] img_file: frame_01363.jpg
[INFO] img_file: frame_00062.jpg
[INFO] img_file: frame_00651.jpg
[INFO] img_file: frame_00745.jpg
[INFO] img_file: frame_00272.jpg
[INFO] img_file: frame_01167.jpg
[INFO] img_file: frame_00046.jpg
[INFO] img_file: frame_01451.jpg
[INFO] img_file: frame_01215.jpg
[INFO] img_file: frame_00260.jpg
[INFO] img_file: frame_00626.jpg
[INFO] img_file: frame_00200.jpg
[INFO] img_file: frame_00496.jpg
[INFO] img_file: frame_00090.jpg
[INFO] img_file: frame_01187.jpg
[INFO] img_file: frame_00498.jpg
[INFO] img_file: frame_00547.jpg
[INFO] img_file: frame_00429.jpg
[INFO] img_file: frame_00513.jpg
[INFO] img_file: frame_01212.jpg
[INFO] img_file: frame_00914.jpg
[INFO] img_file: frame_00103.jpg
[INFO] img_file: frame_00619.jpg
[INFO] img_file: frame_00938.jpg
[INFO] img_file: frame_00463.jpg
[INFO] img_file: frame_00078.jpg
[INFO] img_file: frame_00150.jpg
[INFO] img_file: frame_00643.jpg
[INFO] img_file: frame_00130.jpg
[INFO] img_file: frame_00071.jpg
[INFO] img_file: frame_00603.jpg
[INFO] img_file: frame_01496.jpg
[INFO] img_file: frame_00578.jpg
[INFO] img_file: frame_00145.jpg
[INFO] img_file: frame_00048.jpg
[INFO] img_file: frame_01021.jpg
[INFO] img_file: frame_00712.jpg
[INFO] img_file: frame_01412.jpg
[INFO] img_file: frame_00287.jpg
[INFO] img_file: frame_00115.jpg
[INFO] img_file: frame_00487.jpg
[INFO] img_file: frame_01256.jpg
[INFO] img_file: frame_01490.jpg
[INFO] img_file: frame_00775.jpg
[INFO] img_file: frame_00657.jpg
[INFO] img_file: frame_00940.jpg
[INFO] img_file: frame_00708.jpg
[INFO] img_file: frame_00332.jpg
[INFO] img_file: frame_01065.jpg
[INFO] img_file: frame_00369.jpg
[INFO] img_file: frame_01253.jpg
[INFO] img_file: frame_01375.jpg
[INFO] img_file: frame_00741.jpg
[INFO] img_file: frame_00111.jpg
[INFO] img_file: frame_00735.jpg
[INFO] img_file: frame_00106.jpg
[INFO] img_file: frame_00999.jpg
[INFO] img_file: frame_00996.jpg
[INFO] img_file: frame_01047.jpg
[INFO] img_file: frame_00788.jpg
[INFO] img_file: frame_00229.jpg
[INFO] img_file: frame_00579.jpg
[INFO] img_file: frame_00017.jpg
[INFO] img_file: frame_00220.jpg
[INFO] img_file: frame_00004.jpg
[INFO] img_file: frame_00067.jpg
[INFO] img_file: frame_00919.jpg
[INFO] img_file: frame_00825.jpg
[INFO] img_file: frame_00274.jpg
[INFO] img_file: frame_00488.jpg
[INFO] img_file: frame_00209.jpg
[INFO] img_file: frame_01426.jpg
[INFO] img_file: frame_00161.jpg
[INFO] img_file: frame_00668.jpg
[INFO] img_file: frame_00983.jpg
[INFO] img_file: frame_00945.jpg
[INFO] img_file: frame_00019.jpg
[INFO] img_file: frame_00847.jpg
[INFO] img_file: frame_01209.jpg
[INFO] img_file: frame_00824.jpg
[INFO] img_file: frame_00518.jpg
[INFO] img_file: frame_00455.jpg
[INFO] img_file: frame_00784.jpg
[INFO] img_file: frame_00761.jpg
[INFO] img_file: frame_01155.jpg
[INFO] img_file: frame_00987.jpg
[INFO] img_file: frame_00061.jpg
[INFO] img_file: frame_00306.jpg
[INFO] img_file: frame_01104.jpg
[INFO] img_file: frame_00221.jpg
[INFO] img_file: frame_01045.jpg
[INFO] img_file: frame_00561.jpg
[INFO] img_file: frame_01313.jpg
[INFO] img_file: frame_01391.jpg
[INFO] img_file: frame_01314.jpg
[INFO] img_file: frame_01419.jpg
[INFO] img_file: frame_00232.jpg
[INFO] img_file: frame_00632.jpg
[INFO] img_file: frame_01286.jpg
[INFO] img_file: frame_00387.jpg
[INFO] img_file: frame_01498.jpg
[INFO] img_file: frame_01213.jpg
[INFO] img_file: frame_00477.jpg
[INFO] img_file: frame_00372.jpg
[INFO] img_file: frame_00182.jpg
[INFO] img_file: frame_01023.jpg
[INFO] img_file: frame_01118.jpg
[INFO] img_file: frame_00869.jpg
[INFO] img_file: frame_00056.jpg
[INFO] img_file: frame_01158.jpg
[INFO] img_file: frame_01084.jpg
[INFO] img_file: frame_01157.jpg
[INFO] img_file: frame_01357.jpg
[INFO] img_file: frame_00355.jpg
[INFO] img_file: frame_01401.jpg
[INFO] img_file: frame_00141.jpg
[INFO] img_file: frame_00688.jpg
[INFO] img_file: frame_00362.jpg
[INFO] img_file: frame_00769.jpg
[INFO] img_file: frame_00915.jpg
[INFO] img_file: frame_01091.jpg
[INFO] img_file: frame_00823.jpg
[INFO] img_file: frame_00826.jpg
[INFO] img_file: frame_00599.jpg
[INFO] img_file: frame_01266.jpg
[INFO] img_file: frame_00773.jpg
[INFO] img_file: frame_00327.jpg
[INFO] img_file: frame_00034.jpg
[INFO] img_file: frame_01397.jpg
[INFO] img_file: frame_01265.jpg
[INFO] img_file: frame_00094.jpg
[INFO] img_file: frame_00640.jpg
[INFO] img_file: frame_00846.jpg
[INFO] img_file: frame_01343.jpg
[INFO] img_file: frame_01237.jpg
[INFO] img_file: frame_00608.jpg
[INFO] img_file: frame_01130.jpg
[INFO] img_file: frame_01111.jpg
[INFO] img_file: frame_00690.jpg
[INFO] img_file: frame_00614.jpg
[INFO] img_file: frame_00566.jpg
[INFO] img_file: frame_00774.jpg
[INFO] img_file: frame_00819.jpg
[INFO] img_file: frame_00542.jpg
[INFO] img_file: frame_00392.jpg
[INFO] img_file: frame_01248.jpg
[INFO] img_file: frame_01153.jpg
[INFO] img_file: frame_00312.jpg
[INFO] img_file: frame_00242.jpg
[INFO] img_file: frame_00642.jpg
[INFO] img_file: frame_00790.jpg
[INFO] img_file: frame_01459.jpg
[INFO] img_file: frame_00729.jpg
[INFO] img_file: frame_00806.jpg
[INFO] img_file: frame_00440.jpg
[INFO] img_file: frame_01072.jpg
[INFO] img_file: frame_00338.jpg
[INFO] img_file: frame_00900.jpg
[INFO] img_file: frame_01159.jpg
[INFO] img_file: frame_01175.jpg
[INFO] img_file: frame_00910.jpg
[INFO] img_file: frame_01480.jpg
[INFO] img_file: frame_00110.jpg
[INFO] img_file: frame_00981.jpg
[INFO] img_file: frame_00401.jpg
[INFO] img_file: frame_01394.jpg
[INFO] img_file: frame_00559.jpg
[INFO] img_file: frame_00064.jpg
[INFO] img_file: frame_01395.jpg
[INFO] img_file: frame_00479.jpg
[INFO] img_file: frame_00257.jpg
[INFO] img_file: frame_01202.jpg
[INFO] img_file: frame_00060.jpg
[INFO] img_file: frame_00296.jpg
[INFO] img_file: frame_00725.jpg
[INFO] img_file: frame_00485.jpg
[INFO] img_file: frame_00759.jpg
[INFO] img_file: frame_00744.jpg
[INFO] img_file: frame_00385.jpg
[INFO] img_file: frame_00676.jpg
[INFO] img_file: frame_00155.jpg
[INFO] img_file: frame_00183.jpg
[INFO] img_file: frame_00456.jpg
[INFO] img_file: frame_01497.jpg
[INFO] img_file: frame_00873.jpg
[INFO] img_file: frame_00237.jpg
[INFO] img_file: frame_00531.jpg
[INFO] img_file: frame_00907.jpg
[INFO] img_file: frame_00732.jpg
[INFO] img_file: frame_00633.jpg
[INFO] img_file: frame_01393.jpg
[INFO] img_file: frame_00810.jpg
[INFO] img_file: frame_00908.jpg
[INFO] img_file: frame_01289.jpg
[INFO] img_file: frame_01231.jpg
[INFO] img_file: frame_00441.jpg
[INFO] img_file: frame_01069.jpg
[INFO] img_file: frame_01108.jpg
[INFO] img_file: frame_00087.jpg
[INFO] img_file: frame_01487.jpg
[INFO] img_file: frame_00794.jpg
[INFO] img_file: frame_00483.jpg
[INFO] img_file: frame_00522.jpg
[INFO] img_file: frame_00811.jpg
[INFO] img_file: frame_00136.jpg
[INFO] img_file: frame_00763.jpg
[INFO] img_file: frame_00342.jpg
[INFO] img_file: frame_00323.jpg
[INFO] img_file: frame_00437.jpg
[INFO] img_file: frame_00243.jpg
[INFO] img_file: frame_01307.jpg
[INFO] img_file: frame_00596.jpg
[INFO] img_file: frame_01126.jpg
[INFO] img_file: frame_00129.jpg
[INFO] img_file: frame_00593.jpg
[INFO] img_file: frame_01275.jpg
[INFO] img_file: frame_01337.jpg
[INFO] img_file: frame_00212.jpg
[INFO] img_file: frame_00867.jpg
[INFO] img_file: frame_00240.jpg
[INFO] img_file: frame_00290.jpg
[INFO] img_file: frame_01109.jpg
[INFO] img_file: frame_00814.jpg
[INFO] img_file: frame_00152.jpg
[INFO] img_file: frame_00520.jpg
[INFO] img_file: frame_01406.jpg
[INFO] img_file: frame_01511.jpg
[INFO] img_file: frame_01329.jpg
[INFO] img_file: frame_00233.jpg
[INFO] img_file: frame_01353.jpg
[INFO] img_file: frame_00227.jpg
[INFO] img_file: frame_00620.jpg
[INFO] img_file: frame_01304.jpg
[INFO] img_file: frame_00476.jpg
[INFO] img_file: frame_00276.jpg
[INFO] img_file: frame_00446.jpg
[INFO] img_file: frame_00293.jpg
[INFO] img_file: frame_00066.jpg
[INFO] img_file: frame_00990.jpg
[INFO] img_file: frame_00234.jpg
[INFO] img_file: frame_00301.jpg
[INFO] img_file: frame_01324.jpg
[INFO] img_file: frame_00473.jpg
[INFO] img_file: frame_01399.jpg
[INFO] img_file: frame_01136.jpg
[INFO] img_file: frame_00752.jpg
[INFO] img_file: frame_01455.jpg
[INFO] img_file: frame_01407.jpg
[INFO] img_file: frame_01099.jpg
[INFO] img_file: frame_00861.jpg
[INFO] img_file: frame_00872.jpg
[INFO] img_file: frame_00977.jpg
[INFO] img_file: frame_01186.jpg
[INFO] img_file: frame_00171.jpg
[INFO] img_file: frame_00931.jpg
[INFO] img_file: frame_00655.jpg
[INFO] img_file: frame_00376.jpg
[INFO] img_file: frame_00133.jpg
[INFO] img_file: frame_00964.jpg
[INFO] img_file: frame_00259.jpg
[INFO] img_file: frame_01076.jpg
[INFO] img_file: frame_00523.jpg
[INFO] img_file: frame_00724.jpg
[INFO] img_file: frame_01214.jpg
[INFO] img_file: frame_01243.jpg
[INFO] img_file: frame_00467.jpg
[INFO] img_file: frame_00720.jpg
[INFO] img_file: frame_00469.jpg
[INFO] img_file: frame_00601.jpg
[INFO] img_file: frame_01417.jpg
[INFO] img_file: frame_00433.jpg
[INFO] img_file: frame_01257.jpg
[INFO] img_file: frame_00254.jpg
[INFO] img_file: frame_00639.jpg
[INFO] img_file: frame_01483.jpg
[INFO] img_file: frame_00935.jpg
[INFO] img_file: frame_00277.jpg
[INFO] img_file: frame_00416.jpg
[INFO] img_file: frame_00074.jpg
[INFO] img_file: frame_01063.jpg
[INFO] img_file: frame_01334.jpg
[INFO] img_file: frame_00605.jpg
[INFO] img_file: frame_00114.jpg
[INFO] img_file: frame_00686.jpg
[INFO] img_file: frame_01452.jpg
[INFO] img_file: frame_01422.jpg
[INFO] img_file: frame_01373.jpg
[INFO] img_file: frame_00248.jpg
[INFO] img_file: frame_00127.jpg
[INFO] img_file: frame_01190.jpg
[INFO] img_file: frame_00529.jpg
[INFO] img_file: frame_00356.jpg
[INFO] img_file: frame_01485.jpg
[INFO] img_file: frame_00159.jpg
[INFO] img_file: frame_00717.jpg
[INFO] img_file: frame_01124.jpg
[INFO] img_file: frame_00481.jpg
[INFO] img_file: frame_01438.jpg
[INFO] img_file: frame_00991.jpg
[INFO] img_file: frame_01138.jpg
[INFO] img_file: frame_00778.jpg
[INFO] img_file: frame_01408.jpg
[INFO] img_file: frame_00158.jpg
[INFO] img_file: frame_01007.jpg
[INFO] img_file: frame_00597.jpg
[INFO] img_file: frame_00785.jpg
[INFO] img_file: frame_00102.jpg
[INFO] img_file: frame_01251.jpg
[INFO] img_file: frame_01093.jpg
[INFO] img_file: frame_01312.jpg
[INFO] img_file: frame_01444.jpg
[INFO] img_file: frame_00926.jpg
[INFO] img_file: frame_01046.jpg
[INFO] img_file: frame_00750.jpg
[INFO] img_file: frame_00321.jpg
[INFO] img_file: frame_00853.jpg
[INFO] img_file: frame_00142.jpg
[INFO] img_file: frame_00224.jpg
[INFO] img_file: frame_00112.jpg
Stato della GPU dopo l'esecuzione:
Tue Feb 11 10:42:43 2025       
+---------------------------------------------------------------------------------------+
| NVIDIA-SMI 530.30.02              Driver Version: 530.30.02    CUDA Version: 12.1     |
|-----------------------------------------+----------------------+----------------------+
| GPU  Name                  Persistence-M| Bus-Id        Disp.A | Volatile Uncorr. ECC |
| Fan  Temp  Perf            Pwr:Usage/Cap|         Memory-Usage | GPU-Util  Compute M. |
|                                         |                      |               MIG M. |
|=========================================+======================+======================|
|   0  NVIDIA A100-SXM-64GB            On | 00000000:1D:00.0 Off |                    0 |
| N/A   45C    P0               81W / 469W|      0MiB / 65536MiB |      0%      Default |
|                                         |                      |             Disabled |
+-----------------------------------------+----------------------+----------------------+
                                                                                         
+---------------------------------------------------------------------------------------+
| Processes:                                                                            |
|  GPU   GI   CI        PID   Type   Process name                            GPU Memory |
|        ID   ID                                                             Usage      |
|=======================================================================================|
|  No running processes found                                                           |
+---------------------------------------------------------------------------------------+
