Test GPU prima dell'esecuzione:
Mon Feb 10 18:08:21 2025       
+---------------------------------------------------------------------------------------+
| NVIDIA-SMI 530.30.02              Driver Version: 530.30.02    CUDA Version: 12.1     |
|-----------------------------------------+----------------------+----------------------+
| GPU  Name                  Persistence-M| Bus-Id        Disp.A | Volatile Uncorr. ECC |
| Fan  Temp  Perf            Pwr:Usage/Cap|         Memory-Usage | GPU-Util  Compute M. |
|                                         |                      |               MIG M. |
|=========================================+======================+======================|
|   0  NVIDIA A100-SXM-64GB            On | 00000000:C8:00.0 Off |                    0 |
| N/A   42C    P0               59W / 455W|      0MiB / 65536MiB |      0%      Default |
|                                         |                      |             Disabled |
+-----------------------------------------+----------------------+----------------------+
                                                                                         
+---------------------------------------------------------------------------------------+
| Processes:                                                                            |
|  GPU   GI   CI        PID   Type   Process name                            GPU Memory |
|        ID   ID                                                             Usage      |
|=======================================================================================|
|  No running processes found                                                           |
+---------------------------------------------------------------------------------------+
[INFO] Dataset: ../PascalCOCO/valid2
[INFO] Device: cpu
Load PResNet50 state_dict
[INFO] img_file: 2007_000549_jpg.rf.17a674b34880cb7de3ddf62fe523afe3.jpg
[INFO] img_file: 2007_000491_jpg.rf.e119fd90e33194813206f222022edc2a.jpg
[INFO] Dataset: ../PascalCOCO/valid2
[INFO] Device: cpu
Load PResNet50 state_dict
[INFO] img_file: 2007_000549_jpg.rf.17a674b34880cb7de3ddf62fe523afe3.jpg
[INFO] img_file: 2007_000491_jpg.rf.e119fd90e33194813206f222022edc2a.jpg
[INFO] Dataset: ../PascalCOCO/valid2
[INFO] Device: cpu
Load PResNet50 state_dict
[INFO] img_file: 2007_000549_jpg.rf.17a674b34880cb7de3ddf62fe523afe3.jpg
[INFO] img_file: 2007_000491_jpg.rf.e119fd90e33194813206f222022edc2a.jpg
[INFO] Dataset: ../PascalCOCO/valid2
[INFO] Device: cpu
Load PResNet50 state_dict
[INFO] img_file: 2007_000549_jpg.rf.17a674b34880cb7de3ddf62fe523afe3.jpg
[INFO] img_file: 2007_000491_jpg.rf.e119fd90e33194813206f222022edc2a.jpg
