[INFO] Dataset: ../PascalCOCO/video2_frames
[INFO] Device: cuda
Load PResNet50 state_dict
[INFO] img_file: frame_00949.jpg
[INFO] img_file: frame_01619.jpg
[INFO] img_file: frame_00114.jpg
[INFO] img_file: frame_02294.jpg
[INFO] img_file: frame_01674.jpg
[INFO] img_file: frame_00958.jpg
[INFO] img_file: frame_01654.jpg
[INFO] img_file: frame_00880.jpg
[INFO] img_file: frame_01568.jpg
[INFO] img_file: frame_01382.jpg
[INFO] img_file: frame_02399.jpg
[INFO] img_file: frame_01260.jpg
[INFO] img_file: frame_02408.jpg
[INFO] img_file: frame_02201.jpg
[INFO] img_file: frame_00265.jpg
[INFO] img_file: frame_00248.jpg
[INFO] img_file: frame_02479.jpg
[INFO] img_file: frame_01924.jpg
[INFO] img_file: frame_01160.jpg
[INFO] img_file: frame_02308.jpg
[INFO] img_file: frame_02465.jpg
[INFO] img_file: frame_02661.jpg
[INFO] img_file: frame_00840.jpg
[INFO] img_file: frame_00281.jpg
[INFO] img_file: frame_01223.jpg
[INFO] img_file: frame_00863.jpg
[INFO] img_file: frame_02289.jpg
[INFO] img_file: frame_02152.jpg
[INFO] img_file: frame_01874.jpg
[INFO] img_file: frame_00643.jpg
[INFO] img_file: frame_01028.jpg
[INFO] img_file: frame_00481.jpg
[INFO] img_file: frame_00220.jpg
[INFO] img_file: frame_02748.jpg
[INFO] img_file: frame_02450.jpg
[INFO] img_file: frame_00435.jpg
[INFO] img_file: frame_00915.jpg
[INFO] img_file: frame_01895.jpg
[INFO] img_file: frame_01389.jpg
[INFO] img_file: frame_00718.jpg
[INFO] img_file: frame_00832.jpg
[INFO] img_file: frame_00711.jpg
[INFO] img_file: frame_02598.jpg
[INFO] img_file: frame_02412.jpg
[INFO] img_file: frame_02345.jpg
[INFO] img_file: frame_00998.jpg
[INFO] img_file: frame_01584.jpg
[INFO] img_file: frame_01019.jpg
[INFO] img_file: frame_02110.jpg
[INFO] img_file: frame_00905.jpg
[INFO] img_file: frame_00617.jpg
[INFO] img_file: frame_01947.jpg
[INFO] img_file: frame_01524.jpg
[INFO] img_file: frame_00271.jpg
[INFO] img_file: frame_00398.jpg
[INFO] img_file: frame_01722.jpg
[INFO] img_file: frame_01093.jpg
[INFO] img_file: frame_01532.jpg
[INFO] img_file: frame_01261.jpg
[INFO] img_file: frame_01769.jpg
[INFO] img_file: frame_00309.jpg
[INFO] img_file: frame_00109.jpg
[INFO] img_file: frame_02658.jpg
[INFO] img_file: frame_02402.jpg
[INFO] img_file: frame_02261.jpg
[INFO] img_file: frame_00996.jpg
[INFO] img_file: frame_02346.jpg
[INFO] img_file: frame_02223.jpg
[INFO] img_file: frame_00194.jpg
[INFO] img_file: frame_02561.jpg
[INFO] img_file: frame_00994.jpg
[INFO] img_file: frame_00428.jpg
[INFO] img_file: frame_01938.jpg
[INFO] img_file: frame_00858.jpg
[INFO] img_file: frame_01096.jpg
[INFO] img_file: frame_02756.jpg
[INFO] img_file: frame_01399.jpg
[INFO] img_file: frame_02097.jpg
[INFO] img_file: frame_00926.jpg
[INFO] img_file: frame_02646.jpg
[INFO] img_file: frame_02278.jpg
[INFO] img_file: frame_01692.jpg
[INFO] img_file: frame_01076.jpg
[INFO] img_file: frame_01606.jpg
[INFO] img_file: frame_01706.jpg
[INFO] img_file: frame_00760.jpg
[INFO] img_file: frame_02385.jpg
[INFO] img_file: frame_00768.jpg
[INFO] img_file: frame_00419.jpg
[INFO] img_file: frame_00939.jpg
[INFO] img_file: frame_00310.jpg
[INFO] img_file: frame_00589.jpg
[INFO] img_file: frame_00569.jpg
[INFO] img_file: frame_01916.jpg
[INFO] img_file: frame_02071.jpg
[INFO] img_file: frame_00019.jpg
[INFO] img_file: frame_01534.jpg
[INFO] img_file: frame_01728.jpg
[INFO] img_file: frame_00749.jpg
[INFO] img_file: frame_02472.jpg
[INFO] img_file: frame_00584.jpg
[INFO] img_file: frame_00919.jpg
[INFO] img_file: frame_01533.jpg
[INFO] img_file: frame_01036.jpg
[INFO] img_file: frame_00684.jpg
[INFO] img_file: frame_02145.jpg
[INFO] img_file: frame_01104.jpg
[INFO] img_file: frame_01381.jpg
[INFO] img_file: frame_01208.jpg
[INFO] img_file: frame_00015.jpg
[INFO] img_file: frame_01207.jpg
[INFO] img_file: frame_01711.jpg
[INFO] img_file: frame_00071.jpg
[INFO] img_file: frame_00572.jpg
[INFO] img_file: frame_00159.jpg
[INFO] img_file: frame_00496.jpg
[INFO] img_file: frame_00221.jpg
[INFO] img_file: frame_02690.jpg
[INFO] img_file: frame_00648.jpg
[INFO] img_file: frame_01987.jpg
[INFO] img_file: frame_02702.jpg
[INFO] img_file: frame_00910.jpg
[INFO] img_file: frame_02714.jpg
[INFO] img_file: frame_00935.jpg
[INFO] img_file: frame_00041.jpg
[INFO] img_file: frame_01395.jpg
[INFO] img_file: frame_00829.jpg
[INFO] img_file: frame_00375.jpg
[INFO] img_file: frame_01843.jpg
[INFO] img_file: frame_00942.jpg
[INFO] img_file: frame_01657.jpg
[INFO] img_file: frame_02369.jpg
[INFO] img_file: frame_01906.jpg
[INFO] img_file: frame_01702.jpg
[INFO] img_file: frame_00672.jpg
[INFO] img_file: frame_02666.jpg
[INFO] img_file: frame_00561.jpg
[INFO] img_file: frame_01010.jpg
[INFO] img_file: frame_02700.jpg
[INFO] img_file: frame_00622.jpg
[INFO] img_file: frame_02699.jpg
[INFO] img_file: frame_01396.jpg
[INFO] img_file: frame_02574.jpg
[INFO] img_file: frame_00277.jpg
[INFO] img_file: frame_01385.jpg
[INFO] img_file: frame_00171.jpg
[INFO] img_file: frame_02701.jpg
[INFO] img_file: frame_02168.jpg
[INFO] img_file: frame_02302.jpg
[INFO] img_file: frame_01973.jpg
[INFO] img_file: frame_02078.jpg
[INFO] img_file: frame_02268.jpg
[INFO] img_file: frame_00001.jpg
[INFO] img_file: frame_01294.jpg
[INFO] img_file: frame_00719.jpg
[INFO] img_file: frame_02307.jpg
[INFO] img_file: frame_02014.jpg
[INFO] img_file: frame_00213.jpg
[INFO] img_file: frame_00665.jpg
[INFO] img_file: frame_02233.jpg
[INFO] img_file: frame_00285.jpg
[INFO] img_file: frame_01647.jpg
[INFO] img_file: frame_00239.jpg
[INFO] img_file: frame_02335.jpg
[INFO] img_file: frame_02645.jpg
[INFO] img_file: frame_02044.jpg
[INFO] img_file: frame_01816.jpg
[INFO] img_file: frame_00178.jpg
[INFO] img_file: frame_00322.jpg
[INFO] img_file: frame_00034.jpg
[INFO] img_file: frame_02745.jpg
[INFO] img_file: frame_02633.jpg
[INFO] img_file: frame_02246.jpg
[INFO] img_file: frame_01724.jpg
[INFO] img_file: frame_01470.jpg
[INFO] img_file: frame_01120.jpg
[INFO] img_file: frame_00050.jpg
[INFO] img_file: frame_02002.jpg
[INFO] img_file: frame_01710.jpg
[INFO] img_file: frame_01205.jpg
[INFO] img_file: frame_01755.jpg
[INFO] img_file: frame_02452.jpg
[INFO] img_file: frame_02029.jpg
[INFO] img_file: frame_00256.jpg
[INFO] img_file: frame_01609.jpg
[INFO] img_file: frame_02491.jpg
[INFO] img_file: frame_00259.jpg
[INFO] img_file: frame_01161.jpg
[INFO] img_file: frame_02436.jpg
[INFO] img_file: frame_01169.jpg
[INFO] img_file: frame_02295.jpg
[INFO] img_file: frame_01943.jpg
[INFO] img_file: frame_02681.jpg
[INFO] img_file: frame_00378.jpg
[INFO] img_file: frame_02248.jpg
[INFO] img_file: frame_00158.jpg
[INFO] img_file: frame_00669.jpg
[INFO] img_file: frame_02758.jpg
[INFO] img_file: frame_02087.jpg
[INFO] img_file: frame_02182.jpg
[INFO] img_file: frame_00872.jpg
[INFO] img_file: frame_01566.jpg
[INFO] img_file: frame_00393.jpg
[INFO] img_file: frame_01950.jpg
[INFO] img_file: frame_01135.jpg
[INFO] img_file: frame_02609.jpg
[INFO] img_file: frame_02707.jpg
[INFO] img_file: frame_01067.jpg
[INFO] img_file: frame_02079.jpg
[INFO] img_file: frame_00464.jpg
[INFO] img_file: frame_01542.jpg
[INFO] img_file: frame_01195.jpg
[INFO] img_file: frame_00446.jpg
[INFO] img_file: frame_02770.jpg
[INFO] img_file: frame_00155.jpg
[INFO] img_file: frame_00734.jpg
[INFO] img_file: frame_02141.jpg
[INFO] img_file: frame_02343.jpg
[INFO] img_file: frame_02098.jpg
[INFO] img_file: frame_02711.jpg
[INFO] img_file: frame_02322.jpg
[INFO] img_file: frame_00102.jpg
[INFO] img_file: frame_01845.jpg
[INFO] img_file: frame_01451.jpg
[INFO] img_file: frame_01605.jpg
[INFO] img_file: frame_02125.jpg
[INFO] img_file: frame_00917.jpg
[INFO] img_file: frame_02549.jpg
[INFO] img_file: frame_01459.jpg
[INFO] img_file: frame_00062.jpg
[INFO] img_file: frame_02457.jpg
[INFO] img_file: frame_00101.jpg
[INFO] img_file: frame_02256.jpg
[INFO] img_file: frame_02319.jpg
[INFO] img_file: frame_02100.jpg
[INFO] img_file: frame_00796.jpg
[INFO] img_file: frame_01016.jpg
[INFO] img_file: frame_02405.jpg
[INFO] img_file: frame_00976.jpg
[INFO] img_file: frame_00353.jpg
[INFO] img_file: frame_01131.jpg
[INFO] img_file: frame_00388.jpg
[INFO] img_file: frame_00667.jpg
[INFO] img_file: frame_01963.jpg
[INFO] img_file: frame_01049.jpg
[INFO] img_file: frame_02577.jpg
[INFO] img_file: frame_01416.jpg
[INFO] img_file: frame_01952.jpg
[INFO] img_file: frame_01212.jpg
[INFO] img_file: frame_00389.jpg
[INFO] img_file: frame_02467.jpg
[INFO] img_file: frame_00497.jpg
[INFO] img_file: frame_01608.jpg
[INFO] img_file: frame_01962.jpg
[INFO] img_file: frame_01454.jpg
[INFO] img_file: frame_01803.jpg
[INFO] img_file: frame_02332.jpg
[INFO] img_file: frame_02507.jpg
[INFO] img_file: frame_02671.jpg
[INFO] img_file: frame_00280.jpg
[INFO] img_file: frame_00802.jpg
[INFO] img_file: frame_02533.jpg
[INFO] img_file: frame_01691.jpg
[INFO] img_file: frame_01473.jpg
[INFO] img_file: frame_00190.jpg
[INFO] img_file: frame_02713.jpg
[INFO] img_file: frame_02570.jpg
[INFO] img_file: frame_01725.jpg
[INFO] img_file: frame_01004.jpg
[INFO] img_file: frame_02774.jpg
[INFO] img_file: frame_02205.jpg
[INFO] img_file: frame_01408.jpg
[INFO] img_file: frame_01513.jpg
[INFO] img_file: frame_02232.jpg
[INFO] img_file: frame_00846.jpg
[INFO] img_file: frame_00621.jpg
[INFO] img_file: frame_01111.jpg
[INFO] img_file: frame_00528.jpg
[INFO] img_file: frame_00861.jpg
[INFO] img_file: frame_01508.jpg
[INFO] img_file: frame_00323.jpg
[INFO] img_file: frame_00583.jpg
[INFO] img_file: frame_01883.jpg
[INFO] img_file: frame_00407.jpg
[INFO] img_file: frame_02109.jpg
[INFO] img_file: frame_01257.jpg
[INFO] img_file: frame_01646.jpg
[INFO] img_file: frame_00762.jpg
[INFO] img_file: frame_00482.jpg
[INFO] img_file: frame_00312.jpg
[INFO] img_file: frame_01325.jpg
[INFO] img_file: frame_00853.jpg
[INFO] img_file: frame_01840.jpg
[INFO] img_file: frame_00241.jpg
[INFO] img_file: frame_00747.jpg
[INFO] img_file: frame_02454.jpg
[INFO] img_file: frame_01941.jpg
[INFO] img_file: frame_01299.jpg
[INFO] img_file: frame_02516.jpg
[INFO] img_file: frame_02368.jpg
[INFO] img_file: frame_02111.jpg
[INFO] img_file: frame_00791.jpg
[INFO] img_file: frame_01781.jpg
[INFO] img_file: frame_01082.jpg
[INFO] img_file: frame_00526.jpg
[INFO] img_file: frame_01377.jpg
[INFO] img_file: frame_00075.jpg
[INFO] img_file: frame_00049.jpg
[INFO] img_file: frame_02366.jpg
[INFO] img_file: frame_01144.jpg
[INFO] img_file: frame_01683.jpg
[INFO] img_file: frame_00560.jpg
[INFO] img_file: frame_02421.jpg
[INFO] img_file: frame_02569.jpg
[INFO] img_file: frame_00781.jpg
[INFO] img_file: frame_02532.jpg
[INFO] img_file: frame_01355.jpg
[INFO] img_file: frame_00242.jpg
[INFO] img_file: frame_00533.jpg
[INFO] img_file: frame_01783.jpg
[INFO] img_file: frame_01844.jpg
[INFO] img_file: frame_02764.jpg
[INFO] img_file: frame_01447.jpg
[INFO] img_file: frame_00813.jpg
[INFO] img_file: frame_02565.jpg
[INFO] img_file: frame_02582.jpg
[INFO] img_file: frame_01176.jpg
[INFO] img_file: frame_02653.jpg
[INFO] img_file: frame_02750.jpg
[INFO] img_file: frame_00092.jpg
[INFO] img_file: frame_01449.jpg
[INFO] img_file: frame_01942.jpg
[INFO] img_file: frame_01296.jpg
[INFO] img_file: frame_01911.jpg
[INFO] img_file: frame_01209.jpg
[INFO] img_file: frame_01787.jpg
[INFO] img_file: frame_02439.jpg
[INFO] img_file: frame_01463.jpg
[INFO] img_file: frame_00588.jpg
[INFO] img_file: frame_01313.jpg
[INFO] img_file: frame_00234.jpg
[INFO] img_file: frame_00327.jpg
[INFO] img_file: frame_00006.jpg
[INFO] img_file: frame_01860.jpg
[INFO] img_file: frame_02396.jpg
[INFO] img_file: frame_01069.jpg
[INFO] img_file: frame_01045.jpg
[INFO] img_file: frame_02688.jpg
[INFO] img_file: frame_01079.jpg
[INFO] img_file: frame_00064.jpg
[INFO] img_file: frame_02772.jpg
[INFO] img_file: frame_02660.jpg
[INFO] img_file: frame_01806.jpg
[INFO] img_file: frame_00898.jpg
[INFO] img_file: frame_02052.jpg
[INFO] img_file: frame_01293.jpg
[INFO] img_file: frame_00576.jpg
[INFO] img_file: frame_02124.jpg
[INFO] img_file: frame_00279.jpg
[INFO] img_file: frame_00916.jpg
[INFO] img_file: frame_00956.jpg
[INFO] img_file: frame_00692.jpg
[INFO] img_file: frame_00710.jpg
[INFO] img_file: frame_01768.jpg
[INFO] img_file: frame_00623.jpg
[INFO] img_file: frame_01289.jpg
[INFO] img_file: frame_02430.jpg
[INFO] img_file: frame_02696.jpg
[INFO] img_file: frame_01509.jpg
[INFO] img_file: frame_00615.jpg
[INFO] img_file: frame_02739.jpg
[INFO] img_file: frame_00654.jpg
[INFO] img_file: frame_02631.jpg
[INFO] img_file: frame_02204.jpg
[INFO] img_file: frame_00451.jpg
[INFO] img_file: frame_02286.jpg
[INFO] img_file: frame_00022.jpg
[INFO] img_file: frame_01937.jpg
[INFO] img_file: frame_02024.jpg
[INFO] img_file: frame_01966.jpg
[INFO] img_file: frame_00606.jpg
[INFO] img_file: frame_01412.jpg
[INFO] img_file: frame_01390.jpg
[INFO] img_file: frame_00358.jpg
[INFO] img_file: frame_00704.jpg
[INFO] img_file: frame_02184.jpg
[INFO] img_file: frame_00574.jpg
[INFO] img_file: frame_00231.jpg
[INFO] img_file: frame_01772.jpg
[INFO] img_file: frame_02425.jpg
[INFO] img_file: frame_01801.jpg
[INFO] img_file: frame_01547.jpg
[INFO] img_file: frame_01064.jpg
[INFO] img_file: frame_01888.jpg
[INFO] img_file: frame_00067.jpg
[INFO] img_file: frame_01757.jpg
[INFO] img_file: frame_00517.jpg
[INFO] img_file: frame_01368.jpg
[INFO] img_file: frame_00103.jpg
[INFO] img_file: frame_00028.jpg
[INFO] img_file: frame_00876.jpg
[INFO] img_file: frame_01517.jpg
[INFO] img_file: frame_00383.jpg
[INFO] img_file: frame_00759.jpg
[INFO] img_file: frame_00554.jpg
[INFO] img_file: frame_00866.jpg
[INFO] img_file: frame_02093.jpg
[INFO] img_file: frame_01849.jpg
[INFO] img_file: frame_01075.jpg
[INFO] img_file: frame_02390.jpg
[INFO] img_file: frame_01073.jpg
[INFO] img_file: frame_00999.jpg
[INFO] img_file: frame_01460.jpg
[INFO] img_file: frame_01655.jpg
[INFO] img_file: frame_01300.jpg
[INFO] img_file: frame_00121.jpg
[INFO] img_file: frame_01823.jpg
[INFO] img_file: frame_02067.jpg
[INFO] img_file: frame_00980.jpg
[INFO] img_file: frame_01856.jpg
[INFO] img_file: frame_01402.jpg
[INFO] img_file: frame_01818.jpg
[INFO] img_file: frame_02290.jpg
[INFO] img_file: frame_02365.jpg
[INFO] img_file: frame_01393.jpg
[INFO] img_file: frame_01226.jpg
[INFO] img_file: frame_00723.jpg
[INFO] img_file: frame_00542.jpg
[INFO] img_file: frame_02617.jpg
[INFO] img_file: frame_01837.jpg
[INFO] img_file: frame_02576.jpg
[INFO] img_file: frame_02531.jpg
[INFO] img_file: frame_00783.jpg
[INFO] img_file: frame_01705.jpg
[INFO] img_file: frame_01292.jpg
[INFO] img_file: frame_02697.jpg
[INFO] img_file: frame_01432.jpg
[INFO] img_file: frame_01744.jpg
[INFO] img_file: frame_01876.jpg
[INFO] img_file: frame_02057.jpg
[INFO] img_file: frame_01701.jpg
[INFO] img_file: frame_00890.jpg
[INFO] img_file: frame_00177.jpg
[INFO] img_file: frame_01586.jpg
[INFO] img_file: frame_01564.jpg
[INFO] img_file: frame_01013.jpg
[INFO] img_file: frame_00166.jpg
[INFO] img_file: frame_01678.jpg
[INFO] img_file: frame_00325.jpg
[INFO] img_file: frame_02180.jpg
[INFO] img_file: frame_00914.jpg
[INFO] img_file: frame_01770.jpg
[INFO] img_file: frame_00570.jpg
[INFO] img_file: frame_00362.jpg
[INFO] img_file: frame_02139.jpg
[INFO] img_file: frame_02230.jpg
[INFO] img_file: frame_00730.jpg
[INFO] img_file: frame_01102.jpg
[INFO] img_file: frame_00732.jpg
[INFO] img_file: frame_02058.jpg
[INFO] img_file: frame_00618.jpg
[INFO] img_file: frame_02096.jpg
[INFO] img_file: frame_01192.jpg
[INFO] img_file: frame_02416.jpg
[INFO] img_file: frame_02760.jpg
[INFO] img_file: frame_02540.jpg
[INFO] img_file: frame_02026.jpg
[INFO] img_file: frame_01273.jpg
[INFO] img_file: frame_01348.jpg
[INFO] img_file: frame_01362.jpg
[INFO] img_file: frame_00922.jpg
[INFO] img_file: frame_00924.jpg
[INFO] img_file: frame_00706.jpg
[INFO] img_file: frame_01057.jpg
[INFO] img_file: frame_02420.jpg
[INFO] img_file: frame_00216.jpg
[INFO] img_file: frame_02461.jpg
[INFO] img_file: frame_00620.jpg
[INFO] img_file: frame_01575.jpg
[INFO] img_file: frame_02564.jpg
[INFO] img_file: frame_01033.jpg
[INFO] img_file: frame_00413.jpg
[INFO] img_file: frame_02627.jpg
[INFO] img_file: frame_02117.jpg
[INFO] img_file: frame_00877.jpg
[INFO] img_file: frame_02089.jpg
[INFO] img_file: frame_00690.jpg
[INFO] img_file: frame_00430.jpg
[INFO] img_file: frame_00403.jpg
[INFO] img_file: frame_02255.jpg
[INFO] img_file: frame_00299.jpg
[INFO] img_file: frame_02381.jpg
[INFO] img_file: frame_01214.jpg
[INFO] img_file: frame_00096.jpg
[INFO] img_file: frame_00386.jpg
[INFO] img_file: frame_01573.jpg
[INFO] img_file: frame_02240.jpg
[INFO] img_file: frame_02119.jpg
[INFO] img_file: frame_00035.jpg
[INFO] img_file: frame_00944.jpg
[INFO] img_file: frame_01153.jpg
[INFO] img_file: frame_00344.jpg
[INFO] img_file: frame_00197.jpg
[INFO] img_file: frame_00275.jpg
[INFO] img_file: frame_01576.jpg
[INFO] img_file: frame_01550.jpg
[INFO] img_file: frame_01269.jpg
[INFO] img_file: frame_01996.jpg
[INFO] img_file: frame_02056.jpg
[INFO] img_file: frame_00855.jpg
[INFO] img_file: frame_00409.jpg
[INFO] img_file: frame_00173.jpg
[INFO] img_file: frame_01859.jpg
[INFO] img_file: frame_01858.jpg
[INFO] img_file: frame_00303.jpg
[INFO] img_file: frame_01991.jpg
[INFO] img_file: frame_02280.jpg
[INFO] img_file: frame_00273.jpg
[INFO] img_file: frame_00433.jpg
[INFO] img_file: frame_00120.jpg
[INFO] img_file: frame_00083.jpg
[INFO] img_file: frame_01836.jpg
[INFO] img_file: frame_01857.jpg
[INFO] img_file: frame_02762.jpg
[INFO] img_file: frame_00357.jpg
[INFO] img_file: frame_00698.jpg
[INFO] img_file: frame_02511.jpg
[INFO] img_file: frame_01298.jpg
[INFO] img_file: frame_02354.jpg
[INFO] img_file: frame_00474.jpg
[INFO] img_file: frame_00354.jpg
[INFO] img_file: frame_00815.jpg
[INFO] img_file: frame_02216.jpg
[INFO] img_file: frame_01487.jpg
[INFO] img_file: frame_01946.jpg
[INFO] img_file: frame_00122.jpg
[INFO] img_file: frame_01649.jpg
[INFO] img_file: frame_01438.jpg
[INFO] img_file: frame_01679.jpg
[INFO] img_file: frame_02224.jpg
[INFO] img_file: frame_01848.jpg
[INFO] img_file: frame_02539.jpg
[INFO] img_file: frame_01805.jpg
[INFO] img_file: frame_01219.jpg
[INFO] img_file: frame_02197.jpg
[INFO] img_file: frame_00169.jpg
[INFO] img_file: frame_02596.jpg
[INFO] img_file: frame_02673.jpg
[INFO] img_file: frame_02169.jpg
[INFO] img_file: frame_00329.jpg
[INFO] img_file: frame_01492.jpg
[INFO] img_file: frame_01514.jpg
[INFO] img_file: frame_00106.jpg
[INFO] img_file: frame_00568.jpg
[INFO] img_file: frame_01985.jpg
[INFO] img_file: frame_00945.jpg
[INFO] img_file: frame_00928.jpg
[INFO] img_file: frame_00346.jpg
[INFO] img_file: frame_00150.jpg
[INFO] img_file: frame_02571.jpg
[INFO] img_file: frame_02105.jpg
[INFO] img_file: frame_01154.jpg
[INFO] img_file: frame_01731.jpg
[INFO] img_file: frame_01265.jpg
[INFO] img_file: frame_02655.jpg
[INFO] img_file: frame_02586.jpg
[INFO] img_file: frame_02112.jpg
[INFO] img_file: frame_00630.jpg
[INFO] img_file: frame_01324.jpg
[INFO] img_file: frame_02708.jpg
[INFO] img_file: frame_01485.jpg
[INFO] img_file: frame_01651.jpg
[INFO] img_file: frame_01546.jpg
[INFO] img_file: frame_02526.jpg
[INFO] img_file: frame_02536.jpg
[INFO] img_file: frame_01130.jpg
[INFO] img_file: frame_00920.jpg
[INFO] img_file: frame_01600.jpg
[INFO] img_file: frame_00424.jpg
[INFO] img_file: frame_02747.jpg
[INFO] img_file: frame_02558.jpg
[INFO] img_file: frame_00410.jpg
[INFO] img_file: frame_01795.jpg
[INFO] img_file: frame_01211.jpg
[INFO] img_file: frame_00457.jpg
[INFO] img_file: frame_01659.jpg
[INFO] img_file: frame_01621.jpg
[INFO] img_file: frame_02475.jpg
[INFO] img_file: frame_00518.jpg
[INFO] img_file: frame_01330.jpg
[INFO] img_file: frame_01528.jpg
[INFO] img_file: frame_00799.jpg
[INFO] img_file: frame_02011.jpg
[INFO] img_file: frame_00008.jpg
[INFO] img_file: frame_01660.jpg
[INFO] img_file: frame_01347.jpg
[INFO] img_file: frame_01972.jpg
[INFO] img_file: frame_02353.jpg
[INFO] img_file: frame_00209.jpg
[INFO] img_file: frame_00007.jpg
[INFO] img_file: frame_02155.jpg
[INFO] img_file: frame_00098.jpg
[INFO] img_file: frame_00989.jpg
[INFO] img_file: frame_01589.jpg
[INFO] img_file: frame_00487.jpg
[INFO] img_file: frame_01917.jpg
[INFO] img_file: frame_01245.jpg
[INFO] img_file: frame_02597.jpg
[INFO] img_file: frame_00519.jpg
[INFO] img_file: frame_01092.jpg
[INFO] img_file: frame_00823.jpg
[INFO] img_file: frame_00093.jpg
[INFO] img_file: frame_01855.jpg
[INFO] img_file: frame_00485.jpg
[INFO] img_file: frame_01132.jpg
[INFO] img_file: frame_02349.jpg
[INFO] img_file: frame_01782.jpg
[INFO] img_file: frame_01018.jpg
[INFO] img_file: frame_00363.jpg
[INFO] img_file: frame_01961.jpg
[INFO] img_file: frame_00627.jpg
[INFO] img_file: frame_00522.jpg
[INFO] img_file: frame_02423.jpg
[INFO] img_file: frame_01360.jpg
[INFO] img_file: frame_00238.jpg
[INFO] img_file: frame_00586.jpg
[INFO] img_file: frame_00708.jpg
[INFO] img_file: frame_01997.jpg
[INFO] img_file: frame_00486.jpg
[INFO] img_file: frame_02501.jpg
[INFO] img_file: frame_01190.jpg
[INFO] img_file: frame_02676.jpg
[INFO] img_file: frame_01457.jpg
[INFO] img_file: frame_02634.jpg
[INFO] img_file: frame_02514.jpg
[INFO] img_file: frame_02520.jpg
[INFO] img_file: frame_00575.jpg
[INFO] img_file: frame_00087.jpg
[INFO] img_file: frame_00844.jpg
[INFO] img_file: frame_01984.jpg
[INFO] img_file: frame_01046.jpg
[INFO] img_file: frame_01275.jpg
[INFO] img_file: frame_00807.jpg
[INFO] img_file: frame_00107.jpg
[INFO] img_file: frame_01446.jpg
[INFO] img_file: frame_02080.jpg
[INFO] img_file: frame_00512.jpg
[INFO] img_file: frame_02407.jpg
[INFO] img_file: frame_01502.jpg
[INFO] img_file: frame_00283.jpg
[INFO] img_file: frame_01280.jpg
[INFO] img_file: frame_00988.jpg
[INFO] img_file: frame_00493.jpg
[INFO] img_file: frame_01162.jpg
[INFO] img_file: frame_02183.jpg
[INFO] img_file: frame_00929.jpg
[INFO] img_file: frame_01847.jpg
[INFO] img_file: frame_00712.jpg
[INFO] img_file: frame_01993.jpg
[INFO] img_file: frame_00172.jpg
[INFO] img_file: frame_00722.jpg
[INFO] img_file: frame_00330.jpg
[INFO] img_file: frame_00349.jpg
[INFO] img_file: frame_01286.jpg
[INFO] img_file: frame_00251.jpg
[INFO] img_file: frame_01134.jpg
[INFO] img_file: frame_02498.jpg
[INFO] img_file: frame_00125.jpg
[INFO] img_file: frame_00720.jpg
[INFO] img_file: frame_01198.jpg
[INFO] img_file: frame_01671.jpg
[INFO] img_file: frame_02476.jpg
[INFO] img_file: frame_01327.jpg
[INFO] img_file: frame_02176.jpg
[INFO] img_file: frame_02642.jpg
[INFO] img_file: frame_00857.jpg
[INFO] img_file: frame_01397.jpg
[INFO] img_file: frame_00492.jpg
[INFO] img_file: frame_00971.jpg
[INFO] img_file: frame_00406.jpg
[INFO] img_file: frame_01063.jpg
[INFO] img_file: frame_01732.jpg
[INFO] img_file: frame_00845.jpg
[INFO] img_file: frame_02728.jpg
[INFO] img_file: frame_02684.jpg
[INFO] img_file: frame_01011.jpg
[INFO] img_file: frame_00943.jpg
[INFO] img_file: frame_00196.jpg
[INFO] img_file: frame_00459.jpg
[INFO] img_file: frame_01464.jpg
[INFO] img_file: frame_01622.jpg
[INFO] img_file: frame_00317.jpg
[INFO] img_file: frame_02226.jpg
[INFO] img_file: frame_02030.jpg
[INFO] img_file: frame_01912.jpg
[INFO] img_file: frame_02677.jpg
[INFO] img_file: frame_00412.jpg
[INFO] img_file: frame_00833.jpg
[INFO] img_file: frame_02221.jpg
[INFO] img_file: frame_02607.jpg
[INFO] img_file: frame_01511.jpg
[INFO] img_file: frame_02277.jpg
[INFO] img_file: frame_00830.jpg
[INFO] img_file: frame_00532.jpg
[INFO] img_file: frame_01406.jpg
[INFO] img_file: frame_01891.jpg
[INFO] img_file: frame_01150.jpg
[INFO] img_file: frame_01680.jpg
[INFO] img_file: frame_01560.jpg
[INFO] img_file: frame_02254.jpg
[INFO] img_file: frame_02630.jpg
[INFO] img_file: frame_00094.jpg
[INFO] img_file: frame_01958.jpg
[INFO] img_file: frame_02397.jpg
[INFO] img_file: frame_01925.jpg
[INFO] img_file: frame_00115.jpg
[INFO] img_file: frame_00647.jpg
[INFO] img_file: frame_01745.jpg
[INFO] img_file: frame_01892.jpg
[INFO] img_file: frame_00061.jpg
[INFO] img_file: frame_01264.jpg
[INFO] img_file: frame_01051.jpg
[INFO] img_file: frame_01775.jpg
[INFO] img_file: frame_00039.jpg
[INFO] img_file: frame_02252.jpg
[INFO] img_file: frame_01263.jpg
[INFO] img_file: frame_02731.jpg
[INFO] img_file: frame_02253.jpg
[INFO] img_file: frame_02148.jpg
[INFO] img_file: frame_01375.jpg
[INFO] img_file: frame_00875.jpg
[INFO] img_file: frame_01255.jpg
[INFO] img_file: frame_01156.jpg
[INFO] img_file: frame_01090.jpg
[INFO] img_file: frame_02177.jpg
[INFO] img_file: frame_00140.jpg
[INFO] img_file: frame_01507.jpg
[INFO] img_file: frame_02411.jpg
[INFO] img_file: frame_02362.jpg
[INFO] img_file: frame_02559.jpg
[INFO] img_file: frame_00938.jpg
[INFO] img_file: frame_02534.jpg
[INFO] img_file: frame_02120.jpg
[INFO] img_file: frame_01697.jpg
[INFO] img_file: frame_01113.jpg
[INFO] img_file: frame_00709.jpg
[INFO] img_file: frame_01626.jpg
[INFO] img_file: frame_01312.jpg
[INFO] img_file: frame_01422.jpg
[INFO] img_file: frame_02384.jpg
[INFO] img_file: frame_02339.jpg
[INFO] img_file: frame_01713.jpg
[INFO] img_file: frame_00908.jpg
[INFO] img_file: frame_01484.jpg
[INFO] img_file: frame_02053.jpg
[INFO] img_file: frame_02020.jpg
[INFO] img_file: frame_00002.jpg
[INFO] img_file: frame_01813.jpg
[INFO] img_file: frame_00057.jpg
[INFO] img_file: frame_00652.jpg
[INFO] img_file: frame_00480.jpg
[INFO] img_file: frame_01295.jpg
[INFO] img_file: frame_02625.jpg
[INFO] img_file: frame_01880.jpg
[INFO] img_file: frame_01635.jpg
[INFO] img_file: frame_01436.jpg
[INFO] img_file: frame_01091.jpg
[INFO] img_file: frame_02186.jpg
[INFO] img_file: frame_00180.jpg
[INFO] img_file: frame_02315.jpg
[INFO] img_file: frame_00985.jpg
[INFO] img_file: frame_00042.jpg
[INFO] img_file: frame_01518.jpg
[INFO] img_file: frame_00544.jpg
[INFO] img_file: frame_02376.jpg
[INFO] img_file: frame_00731.jpg
[INFO] img_file: frame_00594.jpg
[INFO] img_file: frame_00305.jpg
[INFO] img_file: frame_01127.jpg
[INFO] img_file: frame_01890.jpg
[INFO] img_file: frame_00521.jpg
[INFO] img_file: frame_02606.jpg
[INFO] img_file: frame_02464.jpg
[INFO] img_file: frame_01008.jpg
[INFO] img_file: frame_02134.jpg
[INFO] img_file: frame_00573.jpg
[INFO] img_file: frame_00286.jpg
[INFO] img_file: frame_00223.jpg
[INFO] img_file: frame_00508.jpg
[INFO] img_file: frame_00729.jpg
[INFO] img_file: frame_01809.jpg
[INFO] img_file: frame_00478.jpg
[INFO] img_file: frame_00023.jpg
[INFO] img_file: frame_01846.jpg
[INFO] img_file: frame_01838.jpg
[INFO] img_file: frame_00298.jpg
[INFO] img_file: frame_01867.jpg
[INFO] img_file: frame_00745.jpg
[INFO] img_file: frame_02203.jpg
[INFO] img_file: frame_00913.jpg
[INFO] img_file: frame_02736.jpg
[INFO] img_file: frame_00721.jpg
[INFO] img_file: frame_00860.jpg
[INFO] img_file: frame_02387.jpg
[INFO] img_file: frame_00843.jpg
[INFO] img_file: frame_01445.jpg
[INFO] img_file: frame_00359.jpg
[INFO] img_file: frame_02045.jpg
[INFO] img_file: frame_02209.jpg
[INFO] img_file: frame_01316.jpg
[INFO] img_file: frame_02211.jpg
[INFO] img_file: frame_00691.jpg
[INFO] img_file: frame_00736.jpg
[INFO] img_file: frame_00086.jpg
[INFO] img_file: frame_02735.jpg
[INFO] img_file: frame_00142.jpg
[INFO] img_file: frame_02329.jpg
[INFO] img_file: frame_01488.jpg
[INFO] img_file: frame_01189.jpg
[INFO] img_file: frame_01652.jpg
[INFO] img_file: frame_00204.jpg
[INFO] img_file: frame_02726.jpg
[INFO] img_file: frame_02047.jpg
[INFO] img_file: frame_00631.jpg
[INFO] img_file: frame_00900.jpg
[INFO] img_file: frame_01785.jpg
[INFO] img_file: frame_00414.jpg
[INFO] img_file: frame_00680.jpg
[INFO] img_file: frame_00302.jpg
[INFO] img_file: frame_02360.jpg
[INFO] img_file: frame_01592.jpg
[INFO] img_file: frame_02482.jpg
[INFO] img_file: frame_00881.jpg
[INFO] img_file: frame_02140.jpg
[INFO] img_file: frame_00333.jpg
[INFO] img_file: frame_01088.jpg
[INFO] img_file: frame_01726.jpg
[INFO] img_file: frame_00462.jpg
[INFO] img_file: frame_00804.jpg
[INFO] img_file: frame_00068.jpg
[INFO] img_file: frame_00547.jpg
[INFO] img_file: frame_00701.jpg
[INFO] img_file: frame_02327.jpg
[INFO] img_file: frame_01791.jpg
[INFO] img_file: frame_01254.jpg
[INFO] img_file: frame_00484.jpg
[INFO] img_file: frame_02649.jpg
[INFO] img_file: frame_01598.jpg
[INFO] img_file: frame_00284.jpg
[INFO] img_file: frame_02641.jpg
[INFO] img_file: frame_02555.jpg
[INFO] img_file: frame_01401.jpg
[INFO] img_file: frame_01526.jpg
[INFO] img_file: frame_00127.jpg
[INFO] img_file: frame_01108.jpg
[INFO] img_file: frame_01536.jpg
[INFO] img_file: frame_02438.jpg
[INFO] img_file: frame_00003.jpg
[INFO] img_file: frame_00814.jpg
[INFO] img_file: frame_00536.jpg
[INFO] img_file: frame_02737.jpg
[INFO] img_file: frame_01391.jpg
[INFO] img_file: frame_01326.jpg
[INFO] img_file: frame_02523.jpg
[INFO] img_file: frame_02288.jpg
[INFO] img_file: frame_01992.jpg
[INFO] img_file: frame_02025.jpg
[INFO] img_file: frame_01107.jpg
[INFO] img_file: frame_01095.jpg
[INFO] img_file: frame_01866.jpg
[INFO] img_file: frame_02687.jpg
[INFO] img_file: frame_01715.jpg
[INFO] img_file: frame_02741.jpg
[INFO] img_file: frame_01957.jpg
[INFO] img_file: frame_00011.jpg
[INFO] img_file: frame_01742.jpg
[INFO] img_file: frame_01338.jpg
[INFO] img_file: frame_01669.jpg
[INFO] img_file: frame_01500.jpg
[INFO] img_file: frame_00955.jpg
[INFO] img_file: frame_01944.jpg
[INFO] img_file: frame_01817.jpg
[INFO] img_file: frame_00090.jpg
[INFO] img_file: frame_02680.jpg
[INFO] img_file: frame_00379.jpg
[INFO] img_file: frame_01504.jpg
[INFO] img_file: frame_01053.jpg
[INFO] img_file: frame_01686.jpg
[INFO] img_file: frame_00670.jpg
[INFO] img_file: frame_00417.jpg
[INFO] img_file: frame_00447.jpg
[INFO] img_file: frame_02309.jpg
[INFO] img_file: frame_00045.jpg
[INFO] img_file: frame_02504.jpg
[INFO] img_file: frame_01080.jpg
[INFO] img_file: frame_02095.jpg
[INFO] img_file: frame_02448.jpg
[INFO] img_file: frame_01496.jpg
[INFO] img_file: frame_00460.jpg
[INFO] img_file: frame_02229.jpg
[INFO] img_file: frame_01078.jpg
[INFO] img_file: frame_00031.jpg
[INFO] img_file: frame_00355.jpg
[INFO] img_file: frame_01983.jpg
[INFO] img_file: frame_01811.jpg
[INFO] img_file: frame_00269.jpg
[INFO] img_file: frame_00543.jpg
[INFO] img_file: frame_01544.jpg
[INFO] img_file: frame_02377.jpg
[INFO] img_file: frame_02149.jpg
[INFO] img_file: frame_02535.jpg
[INFO] img_file: frame_01777.jpg
[INFO] img_file: frame_01894.jpg
[INFO] img_file: frame_00782.jpg
[INFO] img_file: frame_02036.jpg
[INFO] img_file: frame_01003.jpg
[INFO] img_file: frame_00800.jpg
[INFO] img_file: frame_01666.jpg
[INFO] img_file: frame_02403.jpg
[INFO] img_file: frame_00743.jpg
[INFO] img_file: frame_00674.jpg
[INFO] img_file: frame_01319.jpg
[INFO] img_file: frame_02074.jpg
[INFO] img_file: frame_01486.jpg
[INFO] img_file: frame_00946.jpg
[INFO] img_file: frame_01852.jpg
[INFO] img_file: frame_02285.jpg
[INFO] img_file: frame_01170.jpg
[INFO] img_file: frame_00055.jpg
[INFO] img_file: frame_02121.jpg
[INFO] img_file: frame_00501.jpg
[INFO] img_file: frame_01642.jpg
[INFO] img_file: frame_01320.jpg
[INFO] img_file: frame_01009.jpg
[INFO] img_file: frame_01471.jpg
[INFO] img_file: frame_01458.jpg
[INFO] img_file: frame_01591.jpg
[INFO] img_file: frame_01452.jpg
[INFO] img_file: frame_00557.jpg
[INFO] img_file: frame_01628.jpg
[INFO] img_file: frame_02189.jpg
[INFO] img_file: frame_01157.jpg
[INFO] img_file: frame_02143.jpg
[INFO] img_file: frame_01164.jpg
[INFO] img_file: frame_02073.jpg
[INFO] img_file: frame_02718.jpg
[INFO] img_file: frame_02282.jpg
[INFO] img_file: frame_00054.jpg
[INFO] img_file: frame_01538.jpg
[INFO] img_file: frame_02051.jpg
[INFO] img_file: frame_00587.jpg
[INFO] img_file: frame_02703.jpg
[INFO] img_file: frame_02088.jpg
[INFO] img_file: frame_00912.jpg
[INFO] img_file: frame_01960.jpg
[INFO] img_file: frame_02196.jpg
[INFO] img_file: frame_01688.jpg
[INFO] img_file: frame_01965.jpg
[INFO] img_file: frame_01239.jpg
[INFO] img_file: frame_02434.jpg
[INFO] img_file: frame_02068.jpg
[INFO] img_file: frame_00546.jpg
[INFO] img_file: frame_01060.jpg
[INFO] img_file: frame_02395.jpg
[INFO] img_file: frame_01417.jpg
[INFO] img_file: frame_01872.jpg
[INFO] img_file: frame_01419.jpg
[INFO] img_file: frame_01907.jpg
[INFO] img_file: frame_01736.jpg
[INFO] img_file: frame_02428.jpg
[INFO] img_file: frame_01163.jpg
[INFO] img_file: frame_01467.jpg
[INFO] img_file: frame_00319.jpg
[INFO] img_file: frame_01474.jpg
[INFO] img_file: frame_01136.jpg
[INFO] img_file: frame_02022.jpg
[INFO] img_file: frame_01548.jpg
[INFO] img_file: frame_00520.jpg
[INFO] img_file: frame_02181.jpg
[INFO] img_file: frame_00789.jpg
[INFO] img_file: frame_01746.jpg
[INFO] img_file: frame_00826.jpg
[INFO] img_file: frame_01378.jpg
[INFO] img_file: frame_00744.jpg
[INFO] img_file: frame_02328.jpg
[INFO] img_file: frame_00683.jpg
[INFO] img_file: frame_00755.jpg
[INFO] img_file: frame_00175.jpg
[INFO] img_file: frame_00051.jpg
[INFO] img_file: frame_00416.jpg
[INFO] img_file: frame_01290.jpg
[INFO] img_file: frame_02393.jpg
[INFO] img_file: frame_00149.jpg
[INFO] img_file: frame_00253.jpg
[INFO] img_file: frame_01543.jpg
[INFO] img_file: frame_00138.jpg
[INFO] img_file: frame_00324.jpg
[INFO] img_file: frame_01282.jpg
[INFO] img_file: frame_01350.jpg
[INFO] img_file: frame_02114.jpg
[INFO] img_file: frame_00676.jpg
[INFO] img_file: frame_02413.jpg
[INFO] img_file: frame_01137.jpg
[INFO] img_file: frame_01949.jpg
[INFO] img_file: frame_01167.jpg
[INFO] img_file: frame_00370.jpg
[INFO] img_file: frame_00537.jpg
[INFO] img_file: frame_02013.jpg
[INFO] img_file: frame_00530.jpg
[INFO] img_file: frame_02592.jpg
[INFO] img_file: frame_00176.jpg
[INFO] img_file: frame_00502.jpg
[INFO] img_file: frame_00029.jpg
[INFO] img_file: frame_02283.jpg
[INFO] img_file: frame_00091.jpg
[INFO] img_file: frame_01516.jpg
[INFO] img_file: frame_02490.jpg
[INFO] img_file: frame_01830.jpg
[INFO] img_file: frame_00073.jpg
[INFO] img_file: frame_01414.jpg
[INFO] img_file: frame_00681.jpg
[INFO] img_file: frame_02001.jpg
[INFO] img_file: frame_00566.jpg
[INFO] img_file: frame_01227.jpg
[INFO] img_file: frame_02113.jpg
[INFO] img_file: frame_01052.jpg
[INFO] img_file: frame_01041.jpg
[INFO] img_file: frame_01469.jpg
[INFO] img_file: frame_02611.jpg
[INFO] img_file: frame_01185.jpg
[INFO] img_file: frame_00186.jpg
[INFO] img_file: frame_01914.jpg
[INFO] img_file: frame_01482.jpg
[INFO] img_file: frame_00429.jpg
[INFO] img_file: frame_01667.jpg
[INFO] img_file: frame_01882.jpg
[INFO] img_file: frame_00290.jpg
[INFO] img_file: frame_01409.jpg
[INFO] img_file: frame_01494.jpg
[INFO] img_file: frame_00021.jpg
[INFO] img_file: frame_00608.jpg
[INFO] img_file: frame_01884.jpg
[INFO] img_file: frame_02593.jpg
[INFO] img_file: frame_02276.jpg
[INFO] img_file: frame_01923.jpg
[INFO] img_file: frame_02755.jpg
[INFO] img_file: frame_00778.jpg
[INFO] img_file: frame_01629.jpg
[INFO] img_file: frame_00052.jpg
[INFO] img_file: frame_02039.jpg
[INFO] img_file: frame_01066.jpg
[INFO] img_file: frame_01614.jpg
[INFO] img_file: frame_01012.jpg
[INFO] img_file: frame_01367.jpg
[INFO] img_file: frame_00163.jpg
[INFO] img_file: frame_00847.jpg
[INFO] img_file: frame_00244.jpg
[INFO] img_file: frame_02409.jpg
[INFO] img_file: frame_02674.jpg
[INFO] img_file: frame_01310.jpg
[INFO] img_file: frame_02042.jpg
[INFO] img_file: frame_00671.jpg
[INFO] img_file: frame_02572.jpg
[INFO] img_file: frame_01515.jpg
[INFO] img_file: frame_00369.jpg
[INFO] img_file: frame_02480.jpg
[INFO] img_file: frame_01415.jpg
[INFO] img_file: frame_02466.jpg
[INFO] img_file: frame_00225.jpg
[INFO] img_file: frame_00198.jpg
[INFO] img_file: frame_02320.jpg
[INFO] img_file: frame_01714.jpg
[INFO] img_file: frame_02695.jpg
[INFO] img_file: frame_00555.jpg
[INFO] img_file: frame_01505.jpg
[INFO] img_file: frame_01284.jpg
[INFO] img_file: frame_00215.jpg
[INFO] img_file: frame_00018.jpg
[INFO] img_file: frame_01741.jpg
[INFO] img_file: frame_00752.jpg
[INFO] img_file: frame_01956.jpg
[INFO] img_file: frame_02440.jpg
[INFO] img_file: frame_02321.jpg
[INFO] img_file: frame_00250.jpg
[INFO] img_file: frame_01834.jpg
[INFO] img_file: frame_00145.jpg
[INFO] img_file: frame_01684.jpg
[INFO] img_file: frame_00960.jpg
[INFO] img_file: frame_02664.jpg
[INFO] img_file: frame_01764.jpg
[INFO] img_file: frame_01433.jpg
[INFO] img_file: frame_01361.jpg
[INFO] img_file: frame_01238.jpg
[INFO] img_file: frame_02005.jpg
[INFO] img_file: frame_00763.jpg
[INFO] img_file: frame_00650.jpg
[INFO] img_file: frame_01580.jpg
[INFO] img_file: frame_01098.jpg
[INFO] img_file: frame_01668.jpg
[INFO] img_file: frame_02604.jpg
[INFO] img_file: frame_01429.jpg
[INFO] img_file: frame_01825.jpg
[INFO] img_file: frame_00179.jpg
[INFO] img_file: frame_00108.jpg
[INFO] img_file: frame_00715.jpg
[INFO] img_file: frame_02757.jpg
[INFO] img_file: frame_01788.jpg
[INFO] img_file: frame_00165.jpg
[INFO] img_file: frame_01035.jpg
[INFO] img_file: frame_02083.jpg
[INFO] img_file: frame_00982.jpg
[INFO] img_file: frame_00343.jpg
[INFO] img_file: frame_02336.jpg
[INFO] img_file: frame_01877.jpg
[INFO] img_file: frame_01200.jpg
[INFO] img_file: frame_00110.jpg
[INFO] img_file: frame_00364.jpg
[INFO] img_file: frame_00033.jpg
[INFO] img_file: frame_01203.jpg
[INFO] img_file: frame_02128.jpg
[INFO] img_file: frame_02200.jpg
[INFO] img_file: frame_01034.jpg
[INFO] img_file: frame_01370.jpg
[INFO] img_file: frame_00911.jpg
[INFO] img_file: frame_00401.jpg
[INFO] img_file: frame_01499.jpg
[INFO] img_file: frame_01557.jpg
[INFO] img_file: frame_00817.jpg
[INFO] img_file: frame_00439.jpg
[INFO] img_file: frame_02099.jpg
[INFO] img_file: frame_00987.jpg
[INFO] img_file: frame_00192.jpg
[INFO] img_file: frame_00432.jpg
[INFO] img_file: frame_02306.jpg
[INFO] img_file: frame_02471.jpg
[INFO] img_file: frame_01822.jpg
[INFO] img_file: frame_00400.jpg
[INFO] img_file: frame_01386.jpg
[INFO] img_file: frame_01249.jpg
[INFO] img_file: frame_00367.jpg
[INFO] img_file: frame_01640.jpg
[INFO] img_file: frame_00425.jpg
[INFO] img_file: frame_02632.jpg
[INFO] img_file: frame_01258.jpg
[INFO] img_file: frame_01302.jpg
[INFO] img_file: frame_00909.jpg
[INFO] img_file: frame_02738.jpg
[INFO] img_file: frame_00836.jpg
[INFO] img_file: frame_01789.jpg
[INFO] img_file: frame_00885.jpg
[INFO] img_file: frame_01349.jpg
[INFO] img_file: frame_01379.jpg
[INFO] img_file: frame_02720.jpg
[INFO] img_file: frame_00737.jpg
[INFO] img_file: frame_02352.jpg
[INFO] img_file: frame_00728.jpg
[INFO] img_file: frame_00717.jpg
[INFO] img_file: frame_00129.jpg
[INFO] img_file: frame_01749.jpg
[INFO] img_file: frame_02663.jpg
[INFO] img_file: frame_02481.jpg
[INFO] img_file: frame_02458.jpg
[INFO] img_file: frame_01105.jpg
[INFO] img_file: frame_00967.jpg
[INFO] img_file: frame_00803.jpg
[INFO] img_file: frame_00408.jpg
[INFO] img_file: frame_01306.jpg
[INFO] img_file: frame_00293.jpg
[INFO] img_file: frame_01537.jpg
[INFO] img_file: frame_01187.jpg
[INFO] img_file: frame_00217.jpg
[INFO] img_file: frame_00940.jpg
[INFO] img_file: frame_00320.jpg
[INFO] img_file: frame_00095.jpg
[INFO] img_file: frame_00655.jpg
[INFO] img_file: frame_00553.jpg
[INFO] img_file: frame_02131.jpg
[INFO] img_file: frame_01970.jpg
[INFO] img_file: frame_00162.jpg
[INFO] img_file: frame_01721.jpg
[INFO] img_file: frame_01562.jpg
[INFO] img_file: frame_00689.jpg
[INFO] img_file: frame_02621.jpg
[INFO] img_file: frame_00975.jpg
[INFO] img_file: frame_00146.jpg
[INFO] img_file: frame_01824.jpg
[INFO] img_file: frame_01887.jpg
[INFO] img_file: frame_00490.jpg
[INFO] img_file: frame_02497.jpg
[INFO] img_file: frame_00201.jpg
[INFO] img_file: frame_02271.jpg
[INFO] img_file: frame_02715.jpg
[INFO] img_file: frame_01278.jpg
[INFO] img_file: frame_02743.jpg
[INFO] img_file: frame_00341.jpg
[INFO] img_file: frame_00889.jpg
[INFO] img_file: frame_00834.jpg
[INFO] img_file: frame_01333.jpg
[INFO] img_file: frame_00904.jpg
[INFO] img_file: frame_00964.jpg
[INFO] img_file: frame_00026.jpg
[INFO] img_file: frame_01737.jpg
[INFO] img_file: frame_01620.jpg
[INFO] img_file: frame_02717.jpg
[INFO] img_file: frame_01244.jpg
[INFO] img_file: frame_01903.jpg
[INFO] img_file: frame_02537.jpg
[INFO] img_file: frame_01802.jpg
[INFO] img_file: frame_02265.jpg
[INFO] img_file: frame_00725.jpg
[INFO] img_file: frame_01253.jpg
[INFO] img_file: frame_02178.jpg
[INFO] img_file: frame_02281.jpg
[INFO] img_file: frame_00331.jpg
[INFO] img_file: frame_01376.jpg
[INFO] img_file: frame_00151.jpg
[INFO] img_file: frame_00965.jpg
[INFO] img_file: frame_02257.jpg
[INFO] img_file: frame_02018.jpg
[INFO] img_file: frame_01242.jpg
[INFO] img_file: frame_02344.jpg
[INFO] img_file: frame_00842.jpg
[INFO] img_file: frame_01690.jpg
[INFO] img_file: frame_01491.jpg
[INFO] img_file: frame_00070.jpg
[INFO] img_file: frame_00936.jpg
[INFO] img_file: frame_01020.jpg
[INFO] img_file: frame_01251.jpg
[INFO] img_file: frame_02709.jpg
[INFO] img_file: frame_02594.jpg
[INFO] img_file: frame_02648.jpg
[INFO] img_file: frame_02123.jpg
[INFO] img_file: frame_01059.jpg
[INFO] img_file: frame_00556.jpg
[INFO] img_file: frame_01574.jpg
[INFO] img_file: frame_00753.jpg
[INFO] img_file: frame_01936.jpg
[INFO] img_file: frame_01765.jpg
[INFO] img_file: frame_00385.jpg
[INFO] img_file: frame_01703.jpg
[INFO] img_file: frame_02587.jpg
[INFO] img_file: frame_00226.jpg
[INFO] img_file: frame_01786.jpg
[INFO] img_file: frame_01948.jpg
[INFO] img_file: frame_00541.jpg
[INFO] img_file: frame_01675.jpg
[INFO] img_file: frame_02194.jpg
[INFO] img_file: frame_00351.jpg
[INFO] img_file: frame_00997.jpg
[INFO] img_file: frame_01038.jpg
[INFO] img_file: frame_01665.jpg
[INFO] img_file: frame_02072.jpg
[INFO] img_file: frame_01593.jpg
[INFO] img_file: frame_02033.jpg
[INFO] img_file: frame_02260.jpg
[INFO] img_file: frame_00610.jpg
[INFO] img_file: frame_01413.jpg
[INFO] img_file: frame_01601.jpg
[INFO] img_file: frame_01213.jpg
[INFO] img_file: frame_02580.jpg
[INFO] img_file: frame_01062.jpg
[INFO] img_file: frame_00525.jpg
[INFO] img_file: frame_00611.jpg
[INFO] img_file: frame_00600.jpg
[INFO] img_file: frame_02727.jpg
[INFO] img_file: frame_01450.jpg
[INFO] img_file: frame_00466.jpg
[INFO] img_file: frame_00224.jpg
[INFO] img_file: frame_00798.jpg
[INFO] img_file: frame_01456.jpg
[INFO] img_file: frame_02521.jpg
[INFO] img_file: frame_01448.jpg
[INFO] img_file: frame_01281.jpg
[INFO] img_file: frame_01175.jpg
[INFO] img_file: frame_02669.jpg
[INFO] img_file: frame_01155.jpg
[INFO] img_file: frame_01364.jpg
[INFO] img_file: frame_02506.jpg
[INFO] img_file: frame_01029.jpg
[INFO] img_file: frame_00658.jpg
[INFO] img_file: frame_00596.jpg
[INFO] img_file: frame_00505.jpg
[INFO] img_file: frame_01870.jpg
[INFO] img_file: frame_00779.jpg
[INFO] img_file: frame_01618.jpg
[INFO] img_file: frame_01468.jpg
[INFO] img_file: frame_00499.jpg
[INFO] img_file: frame_02444.jpg
[INFO] img_file: frame_01571.jpg
[INFO] img_file: frame_00702.jpg
[INFO] img_file: frame_01101.jpg
[INFO] img_file: frame_01268.jpg
[INFO] img_file: frame_00593.jpg
[INFO] img_file: frame_00609.jpg
[INFO] img_file: frame_02404.jpg
[INFO] img_file: frame_00338.jpg
[INFO] img_file: frame_00337.jpg
[INFO] img_file: frame_01718.jpg
[INFO] img_file: frame_01201.jpg
[INFO] img_file: frame_01570.jpg
[INFO] img_file: frame_01704.jpg
[INFO] img_file: frame_01581.jpg
[INFO] img_file: frame_01964.jpg
[INFO] img_file: frame_02610.jpg
[INFO] img_file: frame_00183.jpg
[INFO] img_file: frame_00494.jpg
[INFO] img_file: frame_00038.jpg
[INFO] img_file: frame_01939.jpg
[INFO] img_file: frame_00859.jpg
[INFO] img_file: frame_01311.jpg
[INFO] img_file: frame_00294.jpg
[INFO] img_file: frame_02310.jpg
[INFO] img_file: frame_00948.jpg
[INFO] img_file: frame_01519.jpg
[INFO] img_file: frame_01128.jpg
[INFO] img_file: frame_02432.jpg
[INFO] img_file: frame_02721.jpg
[INFO] img_file: frame_00727.jpg
[INFO] img_file: frame_01648.jpg
[INFO] img_file: frame_02553.jpg
[INFO] img_file: frame_02442.jpg
[INFO] img_file: frame_02546.jpg
[INFO] img_file: frame_02590.jpg
[INFO] img_file: frame_00923.jpg
[INFO] img_file: frame_02326.jpg
[INFO] img_file: frame_02386.jpg
[INFO] img_file: frame_01439.jpg
[INFO] img_file: frame_00167.jpg
[INFO] img_file: frame_01344.jpg
[INFO] img_file: frame_01835.jpg
[INFO] img_file: frame_00218.jpg
[INFO] img_file: frame_00117.jpg
[INFO] img_file: frame_02477.jpg
[INFO] img_file: frame_02371.jpg
[INFO] img_file: frame_02262.jpg
[INFO] img_file: frame_01480.jpg
[INFO] img_file: frame_01047.jpg
[INFO] img_file: frame_01230.jpg
[INFO] img_file: frame_01630.jpg
[INFO] img_file: frame_01597.jpg
[INFO] img_file: frame_02166.jpg
[INFO] img_file: frame_01118.jpg
[INFO] img_file: frame_00455.jpg
[INFO] img_file: frame_02270.jpg
[INFO] img_file: frame_02670.jpg
[INFO] img_file: frame_02107.jpg
[INFO] img_file: frame_02486.jpg
[INFO] img_file: frame_00879.jpg
[INFO] img_file: frame_00792.jpg
[INFO] img_file: frame_01827.jpg
[INFO] img_file: frame_00288.jpg
[INFO] img_file: frame_02364.jpg
[INFO] img_file: frame_02525.jpg
[INFO] img_file: frame_02768.jpg
[INFO] img_file: frame_01068.jpg
[INFO] img_file: frame_00527.jpg
[INFO] img_file: frame_01317.jpg
[INFO] img_file: frame_02311.jpg
[INFO] img_file: frame_01632.jpg
[INFO] img_file: frame_02156.jpg
[INFO] img_file: frame_00418.jpg
[INFO] img_file: frame_02292.jpg
[INFO] img_file: frame_01373.jpg
[INFO] img_file: frame_02172.jpg
[INFO] img_file: frame_01026.jpg
[INFO] img_file: frame_02234.jpg
[INFO] img_file: frame_00168.jpg
[INFO] img_file: frame_02640.jpg
[INFO] img_file: frame_01403.jpg
[INFO] img_file: frame_00384.jpg
[INFO] img_file: frame_01206.jpg
[INFO] img_file: frame_02508.jpg
[INFO] img_file: frame_02241.jpg
[INFO] img_file: frame_00347.jpg
[INFO] img_file: frame_01303.jpg
[INFO] img_file: frame_01404.jpg
[INFO] img_file: frame_01863.jpg
[INFO] img_file: frame_01477.jpg
[INFO] img_file: frame_00004.jpg
[INFO] img_file: frame_00787.jpg
[INFO] img_file: frame_01142.jpg
[INFO] img_file: frame_02094.jpg
[INFO] img_file: frame_01179.jpg
[INFO] img_file: frame_01058.jpg
[INFO] img_file: frame_00626.jpg
[INFO] img_file: frame_01307.jpg
[INFO] img_file: frame_02198.jpg
[INFO] img_file: frame_00374.jpg
[INFO] img_file: frame_02272.jpg
[INFO] img_file: frame_02043.jpg
[INFO] img_file: frame_01727.jpg
[INFO] img_file: frame_01842.jpg
[INFO] img_file: frame_00516.jpg
[INFO] img_file: frame_00268.jpg
[INFO] img_file: frame_00825.jpg
[INFO] img_file: frame_01071.jpg
[INFO] img_file: frame_02090.jpg
[INFO] img_file: frame_00448.jpg
[INFO] img_file: frame_01819.jpg
[INFO] img_file: frame_00368.jpg
[INFO] img_file: frame_01476.jpg
[INFO] img_file: frame_02046.jpg
[INFO] img_file: frame_00590.jpg
[INFO] img_file: frame_02213.jpg
[INFO] img_file: frame_00896.jpg
[INFO] img_file: frame_01868.jpg
[INFO] img_file: frame_00020.jpg
[INFO] img_file: frame_00060.jpg
[INFO] img_file: frame_00865.jpg
[INFO] img_file: frame_01117.jpg
[INFO] img_file: frame_00373.jpg
[INFO] img_file: frame_02054.jpg
[INFO] img_file: frame_02000.jpg
[INFO] img_file: frame_00326.jpg
[INFO] img_file: frame_00995.jpg
[INFO] img_file: frame_01779.jpg
[INFO] img_file: frame_02725.jpg
[INFO] img_file: frame_00777.jpg
[INFO] img_file: frame_02426.jpg
[INFO] img_file: frame_01644.jpg
[INFO] img_file: frame_01971.jpg
[INFO] img_file: frame_00959.jpg
[INFO] img_file: frame_02560.jpg
[INFO] img_file: frame_00835.jpg
[INFO] img_file: frame_01771.jpg
[INFO] img_file: frame_02668.jpg
[INFO] img_file: frame_01148.jpg
[INFO] img_file: frame_00534.jpg
[INFO] img_file: frame_01555.jpg
[INFO] img_file: frame_01945.jpg
[INFO] img_file: frame_02191.jpg
[INFO] img_file: frame_00397.jpg
[INFO] img_file: frame_00452.jpg
[INFO] img_file: frame_01387.jpg
[INFO] img_file: frame_01583.jpg
[INFO] img_file: frame_00559.jpg
[INFO] img_file: frame_00153.jpg
[INFO] img_file: frame_01056.jpg
[INFO] img_file: frame_02483.jpg
[INFO] img_file: frame_00304.jpg
[INFO] img_file: frame_00356.jpg
[INFO] img_file: frame_00082.jpg
[INFO] img_file: frame_02667.jpg
[INFO] img_file: frame_01345.jpg
[INFO] img_file: frame_02647.jpg
[INFO] img_file: frame_02620.jpg
[INFO] img_file: frame_02643.jpg
[INFO] img_file: frame_01237.jpg
[INFO] img_file: frame_01650.jpg
[INFO] img_file: frame_01896.jpg
[INFO] img_file: frame_00380.jpg
[INFO] img_file: frame_01585.jpg
[INFO] img_file: frame_00758.jpg
[INFO] img_file: frame_00270.jpg
[INFO] img_file: frame_00157.jpg
[INFO] img_file: frame_02469.jpg
[INFO] img_file: frame_02418.jpg
[INFO] img_file: frame_00981.jpg
[INFO] img_file: frame_00249.jpg
[INFO] img_file: frame_01119.jpg
[INFO] img_file: frame_01149.jpg
[INFO] img_file: frame_01506.jpg
[INFO] img_file: frame_00854.jpg
[INFO] img_file: frame_02581.jpg
[INFO] img_file: frame_01612.jpg
[INFO] img_file: frame_02015.jpg
[INFO] img_file: frame_01351.jpg
[INFO] img_file: frame_00808.jpg
[INFO] img_file: frame_02692.jpg
[INFO] img_file: frame_01613.jpg
[INFO] img_file: frame_01165.jpg
[INFO] img_file: frame_01611.jpg
[INFO] img_file: frame_02601.jpg
[INFO] img_file: frame_02771.jpg
[INFO] img_file: frame_02350.jpg
[INFO] img_file: frame_02437.jpg
[INFO] img_file: frame_01077.jpg
[INFO] img_file: frame_00629.jpg
[INFO] img_file: frame_01700.jpg
[INFO] img_file: frame_01926.jpg
[INFO] img_file: frame_02538.jpg
[INFO] img_file: frame_00951.jpg
[INFO] img_file: frame_02279.jpg
[INFO] img_file: frame_00318.jpg
[INFO] img_file: frame_02474.jpg
[INFO] img_file: frame_00233.jpg
[INFO] img_file: frame_01235.jpg
[INFO] img_file: frame_00074.jpg
[INFO] img_file: frame_01673.jpg
[INFO] img_file: frame_01304.jpg
[INFO] img_file: frame_01114.jpg
[INFO] img_file: frame_02244.jpg
[INFO] img_file: frame_01287.jpg
[INFO] img_file: frame_01594.jpg
[INFO] img_file: frame_01171.jpg
[INFO] img_file: frame_01328.jpg
[INFO] img_file: frame_00597.jpg
[INFO] img_file: frame_02746.jpg
[INFO] img_file: frame_00470.jpg
[INFO] img_file: frame_00529.jpg
[INFO] img_file: frame_02545.jpg
[INFO] img_file: frame_02225.jpg
[INFO] img_file: frame_00056.jpg
[INFO] img_file: frame_00399.jpg
[INFO] img_file: frame_00222.jpg
[INFO] img_file: frame_01241.jpg
[INFO] img_file: frame_00567.jpg
[INFO] img_file: frame_01110.jpg
[INFO] img_file: frame_00328.jpg
[INFO] img_file: frame_02613.jpg
[INFO] img_file: frame_02456.jpg
[INFO] img_file: frame_02744.jpg
[INFO] img_file: frame_01712.jpg
[INFO] img_file: frame_01145.jpg
[INFO] img_file: frame_01332.jpg
[INFO] img_file: frame_01173.jpg
[INFO] img_file: frame_01217.jpg
[INFO] img_file: frame_00081.jpg
[INFO] img_file: frame_00278.jpg
[INFO] img_file: frame_02392.jpg
[INFO] img_file: frame_01602.jpg
[INFO] img_file: frame_00059.jpg
[INFO] img_file: frame_01569.jpg
[INFO] img_file: frame_00264.jpg
[INFO] img_file: frame_02712.jpg
[INFO] img_file: frame_01633.jpg
[INFO] img_file: frame_01229.jpg
[INFO] img_file: frame_01541.jpg
[INFO] img_file: frame_00046.jpg
[INFO] img_file: frame_02370.jpg
[INFO] img_file: frame_00044.jpg
[INFO] img_file: frame_02129.jpg
[INFO] img_file: frame_02635.jpg
[INFO] img_file: frame_00415.jpg
[INFO] img_file: frame_01747.jpg
[INFO] img_file: frame_02435.jpg
[INFO] img_file: frame_01881.jpg
[INFO] img_file: frame_00678.jpg
[INFO] img_file: frame_01483.jpg
[INFO] img_file: frame_01539.jpg
[INFO] img_file: frame_00043.jpg
[INFO] img_file: frame_02379.jpg
[INFO] img_file: frame_01685.jpg
[INFO] img_file: frame_00411.jpg
[INFO] img_file: frame_01549.jpg
[INFO] img_file: frame_02716.jpg
[INFO] img_file: frame_01773.jpg
[INFO] img_file: frame_00649.jpg
[INFO] img_file: frame_02372.jpg
[INFO] img_file: frame_01982.jpg
[INFO] img_file: frame_02250.jpg
[INFO] img_file: frame_01798.jpg
[INFO] img_file: frame_00636.jpg
[INFO] img_file: frame_00812.jpg
[INFO] img_file: frame_02776.jpg
[INFO] img_file: frame_02210.jpg
[INFO] img_file: frame_00066.jpg
[INFO] img_file: frame_00685.jpg
[INFO] img_file: frame_00181.jpg
[INFO] img_file: frame_02126.jpg
[INFO] img_file: frame_00208.jpg
[INFO] img_file: frame_02567.jpg
[INFO] img_file: frame_02243.jpg
[INFO] img_file: frame_02414.jpg
[INFO] img_file: frame_00663.jpg
[INFO] img_file: frame_02608.jpg
[INFO] img_file: frame_02062.jpg
[INFO] img_file: frame_01266.jpg
[INFO] img_file: frame_02010.jpg
[INFO] img_file: frame_02006.jpg
[INFO] img_file: frame_00210.jpg
[INFO] img_file: frame_00246.jpg
[INFO] img_file: frame_00883.jpg
[INFO] img_file: frame_00868.jpg
[INFO] img_file: frame_02170.jpg
[INFO] img_file: frame_00564.jpg
[INFO] img_file: frame_00402.jpg
[INFO] img_file: frame_02698.jpg
[INFO] img_file: frame_02019.jpg
[INFO] img_file: frame_02733.jpg
[INFO] img_file: frame_01384.jpg
[INFO] img_file: frame_01315.jpg
[INFO] img_file: frame_01695.jpg
[INFO] img_file: frame_00941.jpg
[INFO] img_file: frame_02410.jpg
[INFO] img_file: frame_01682.jpg
[INFO] img_file: frame_01481.jpg
[INFO] img_file: frame_00869.jpg
[INFO] img_file: frame_00523.jpg
[INFO] img_file: frame_02118.jpg
[INFO] img_file: frame_01453.jpg
[INFO] img_file: frame_00065.jpg
[INFO] img_file: frame_01425.jpg
[INFO] img_file: frame_00646.jpg
[INFO] img_file: frame_02135.jpg
[INFO] img_file: frame_01356.jpg
[INFO] img_file: frame_01893.jpg
[INFO] img_file: frame_00423.jpg
[INFO] img_file: frame_02150.jpg
[INFO] img_file: frame_01015.jpg
[INFO] img_file: frame_02383.jpg
[INFO] img_file: frame_02749.jpg
[INFO] img_file: frame_00565.jpg
[INFO] img_file: frame_01023.jpg
[INFO] img_file: frame_00703.jpg
[INFO] img_file: frame_00048.jpg
[INFO] img_file: frame_02654.jpg
[INFO] img_file: frame_01967.jpg
[INFO] img_file: frame_02305.jpg
[INFO] img_file: frame_02037.jpg
[INFO] img_file: frame_00078.jpg
[INFO] img_file: frame_01222.jpg
[INFO] img_file: frame_02766.jpg
[INFO] img_file: frame_02644.jpg
[INFO] img_file: frame_02694.jpg
[INFO] img_file: frame_01309.jpg
[INFO] img_file: frame_01005.jpg
[INFO] img_file: frame_00340.jpg
[INFO] img_file: frame_00488.jpg
[INFO] img_file: frame_00634.jpg
[INFO] img_file: frame_00345.jpg
[INFO] img_file: frame_00350.jpg
[INFO] img_file: frame_00195.jpg
[INFO] img_file: frame_01784.jpg
[INFO] img_file: frame_01210.jpg
[INFO] img_file: frame_00540.jpg
[INFO] img_file: frame_00012.jpg
[INFO] img_file: frame_01305.jpg
[INFO] img_file: frame_01314.jpg
[INFO] img_file: frame_00188.jpg
[INFO] img_file: frame_01232.jpg
[INFO] img_file: frame_01002.jpg
[INFO] img_file: frame_01000.jpg
[INFO] img_file: frame_00381.jpg
[INFO] img_file: frame_00335.jpg
[INFO] img_file: frame_01889.jpg
[INFO] img_file: frame_02419.jpg
[INFO] img_file: frame_01922.jpg
[INFO] img_file: frame_02222.jpg
[INFO] img_file: frame_02449.jpg
[INFO] img_file: frame_02487.jpg
[INFO] img_file: frame_00870.jpg
[INFO] img_file: frame_00504.jpg
[INFO] img_file: frame_00893.jpg
[INFO] img_file: frame_00136.jpg
[INFO] img_file: frame_02021.jpg
[INFO] img_file: frame_02488.jpg
[INFO] img_file: frame_01793.jpg
[INFO] img_file: frame_00509.jpg
[INFO] img_file: frame_02202.jpg
[INFO] img_file: frame_02652.jpg
[INFO] img_file: frame_01283.jpg
[INFO] img_file: frame_01510.jpg
[INFO] img_file: frame_02406.jpg
[INFO] img_file: frame_01878.jpg
[INFO] img_file: frame_02637.jpg
[INFO] img_file: frame_00993.jpg
[INFO] img_file: frame_02104.jpg
[INFO] img_file: frame_01133.jpg
[INFO] img_file: frame_00697.jpg
[INFO] img_file: frame_00161.jpg
[INFO] img_file: frame_02761.jpg
[INFO] img_file: frame_02351.jpg
[INFO] img_file: frame_00405.jpg
[INFO] img_file: frame_02603.jpg
[INFO] img_file: frame_02016.jpg
[INFO] img_file: frame_02374.jpg
[INFO] img_file: frame_01927.jpg
[INFO] img_file: frame_01577.jpg
[INFO] img_file: frame_01689.jpg
[INFO] img_file: frame_00377.jpg
[INFO] img_file: frame_00607.jpg
[INFO] img_file: frame_01331.jpg
[INFO] img_file: frame_00016.jpg
[INFO] img_file: frame_01529.jpg
[INFO] img_file: frame_00931.jpg
[INFO] img_file: frame_02106.jpg
[INFO] img_file: frame_01186.jpg
[INFO] img_file: frame_00805.jpg
[INFO] img_file: frame_01661.jpg
[INFO] img_file: frame_02081.jpg
[INFO] img_file: frame_01138.jpg
[INFO] img_file: frame_02460.jpg
[INFO] img_file: frame_02179.jpg
[INFO] img_file: frame_01039.jpg
[INFO] img_file: frame_01014.jpg
[INFO] img_file: frame_01851.jpg
[INFO] img_file: frame_00884.jpg
[INFO] img_file: frame_02513.jpg
[INFO] img_file: frame_00673.jpg
[INFO] img_file: frame_01442.jpg
[INFO] img_file: frame_00793.jpg
[INFO] img_file: frame_01225.jpg
[INFO] img_file: frame_00236.jpg
[INFO] img_file: frame_02378.jpg
[INFO] img_file: frame_00282.jpg
[INFO] img_file: frame_00315.jpg
[INFO] img_file: frame_00203.jpg
[INFO] img_file: frame_01126.jpg
[INFO] img_file: frame_02032.jpg
[INFO] img_file: frame_00252.jpg
[INFO] img_file: frame_00774.jpg
[INFO] img_file: frame_00134.jpg
[INFO] img_file: frame_00336.jpg
[INFO] img_file: frame_01055.jpg
[INFO] img_file: frame_01172.jpg
[INFO] img_file: frame_01978.jpg
[INFO] img_file: frame_02132.jpg
[INFO] img_file: frame_02484.jpg
[INFO] img_file: frame_02599.jpg
[INFO] img_file: frame_02463.jpg
[INFO] img_file: frame_00189.jpg
[INFO] img_file: frame_02431.jpg
[INFO] img_file: frame_01812.jpg
[INFO] img_file: frame_02509.jpg
[INFO] img_file: frame_01919.jpg
[INFO] img_file: frame_02171.jpg
[INFO] img_file: frame_01437.jpg
[INFO] img_file: frame_00440.jpg
[INFO] img_file: frame_01559.jpg
[INFO] img_file: frame_01143.jpg
[INFO] img_file: frame_01763.jpg
[INFO] img_file: frame_02048.jpg
[INFO] img_file: frame_00624.jpg
[INFO] img_file: frame_00152.jpg
[INFO] img_file: frame_02763.jpg
[INFO] img_file: frame_00899.jpg
[INFO] img_file: frame_02612.jpg
[INFO] img_file: frame_00449.jpg
[INFO] img_file: frame_01733.jpg
[INFO] img_file: frame_02773.jpg
[INFO] img_file: frame_02524.jpg
[INFO] img_file: frame_01980.jpg
[INFO] img_file: frame_00313.jpg
[INFO] img_file: frame_01159.jpg
[INFO] img_file: frame_02158.jpg
[INFO] img_file: frame_02130.jpg
[INFO] img_file: frame_01431.jpg
[INFO] img_file: frame_02542.jpg
[INFO] img_file: frame_00111.jpg
[INFO] img_file: frame_02685.jpg
[INFO] img_file: frame_00301.jpg
[INFO] img_file: frame_00479.jpg
[INFO] img_file: frame_00978.jpg
[INFO] img_file: frame_00659.jpg
[INFO] img_file: frame_02220.jpg
[INFO] img_file: frame_02730.jpg
[INFO] img_file: frame_00261.jpg
[INFO] img_file: frame_01670.jpg
[INFO] img_file: frame_02249.jpg
[INFO] img_file: frame_02238.jpg
[INFO] img_file: frame_00237.jpg
[INFO] img_file: frame_00545.jpg
[INFO] img_file: frame_00392.jpg
[INFO] img_file: frame_01599.jpg
[INFO] img_file: frame_00144.jpg
[INFO] img_file: frame_01358.jpg
[INFO] img_file: frame_02293.jpg
[INFO] img_file: frame_01780.jpg
[INFO] img_file: frame_00705.jpg
[INFO] img_file: frame_00422.jpg
[INFO] img_file: frame_01610.jpg
[INFO] img_file: frame_01750.jpg
[INFO] img_file: frame_02323.jpg
[INFO] img_file: frame_01955.jpg
[INFO] img_file: frame_00272.jpg
[INFO] img_file: frame_00548.jpg
[INFO] img_file: frame_01501.jpg
[INFO] img_file: frame_01522.jpg
[INFO] img_file: frame_01905.jpg
[INFO] img_file: frame_00442.jpg
[INFO] img_file: frame_00267.jpg
[INFO] img_file: frame_02495.jpg
[INFO] img_file: frame_01335.jpg
[INFO] img_file: frame_00228.jpg
[INFO] img_file: frame_02207.jpg
[INFO] img_file: frame_00053.jpg
[INFO] img_file: frame_02530.jpg
[INFO] img_file: frame_01495.jpg
[INFO] img_file: frame_02228.jpg
[INFO] img_file: frame_02173.jpg
[INFO] img_file: frame_00874.jpg
[INFO] img_file: frame_01520.jpg
[INFO] img_file: frame_00972.jpg
[INFO] img_file: frame_00662.jpg
[INFO] img_file: frame_00010.jpg
[INFO] img_file: frame_02162.jpg
[INFO] img_file: frame_01999.jpg
[INFO] img_file: frame_02734.jpg
[INFO] img_file: frame_02153.jpg
[INFO] img_file: frame_02340.jpg
[INFO] img_file: frame_00515.jpg
[INFO] img_file: frame_02624.jpg
[INFO] img_file: frame_00551.jpg
[INFO] img_file: frame_00160.jpg
[INFO] img_file: frame_00308.jpg
[INFO] img_file: frame_00503.jpg
[INFO] img_file: frame_00790.jpg
[INFO] img_file: frame_01430.jpg
[INFO] img_file: frame_02600.jpg
[INFO] img_file: frame_00361.jpg
[INFO] img_file: frame_01582.jpg
[INFO] img_file: frame_01567.jpg
[INFO] img_file: frame_01147.jpg
[INFO] img_file: frame_01841.jpg
[INFO] img_file: frame_01977.jpg
[INFO] img_file: frame_00605.jpg
[INFO] img_file: frame_00463.jpg
[INFO] img_file: frame_00321.jpg
[INFO] img_file: frame_00740.jpg
[INFO] img_file: frame_01346.jpg
[INFO] img_file: frame_00902.jpg
[INFO] img_file: frame_00992.jpg
[INFO] img_file: frame_00058.jpg
[INFO] img_file: frame_00933.jpg
[INFO] img_file: frame_00695.jpg
[INFO] img_file: frame_02023.jpg
[INFO] img_file: frame_00089.jpg
[INFO] img_file: frame_02206.jpg
[INFO] img_file: frame_02291.jpg
[INFO] img_file: frame_01006.jpg
[INFO] img_file: frame_02446.jpg
[INFO] img_file: frame_00289.jpg
[INFO] img_file: frame_00348.jpg
[INFO] img_file: frame_00927.jpg
[INFO] img_file: frame_02710.jpg
[INFO] img_file: frame_00897.jpg
[INFO] img_file: frame_00640.jpg
[INFO] img_file: frame_01086.jpg
[INFO] img_file: frame_02357.jpg
[INFO] img_file: frame_01521.jpg
[INFO] img_file: frame_02101.jpg
[INFO] img_file: frame_00746.jpg
[INFO] img_file: frame_01595.jpg
[INFO] img_file: frame_01637.jpg
[INFO] img_file: frame_00085.jpg
[INFO] img_file: frame_01761.jpg
[INFO] img_file: frame_00174.jpg
[INFO] img_file: frame_00531.jpg
[INFO] img_file: frame_01930.jpg
[INFO] img_file: frame_01553.jpg
[INFO] img_file: frame_02049.jpg
[INFO] img_file: frame_01879.jpg
[INFO] img_file: frame_02651.jpg
[INFO] img_file: frame_02338.jpg
[INFO] img_file: frame_00116.jpg
[INFO] img_file: frame_02367.jpg
[INFO] img_file: frame_00260.jpg
[INFO] img_file: frame_02686.jpg
[INFO] img_file: frame_00164.jpg
[INFO] img_file: frame_02462.jpg
[INFO] img_file: frame_02296.jpg
[INFO] img_file: frame_02615.jpg
[INFO] img_file: frame_01181.jpg
[INFO] img_file: frame_01929.jpg
[INFO] img_file: frame_00756.jpg
[INFO] img_file: frame_02519.jpg
[INFO] img_file: frame_02767.jpg
[INFO] img_file: frame_00135.jpg
[INFO] img_file: frame_01954.jpg
[INFO] img_file: frame_00925.jpg
[INFO] img_file: frame_00837.jpg
[INFO] img_file: frame_00141.jpg
[INFO] img_file: frame_02704.jpg
[INFO] img_file: frame_02317.jpg
[INFO] img_file: frame_00838.jpg
[INFO] img_file: frame_01751.jpg
[INFO] img_file: frame_00113.jpg
[INFO] img_file: frame_01839.jpg
[INFO] img_file: frame_01440.jpg
[INFO] img_file: frame_02573.jpg
[INFO] img_file: frame_00581.jpg
[INFO] img_file: frame_02492.jpg
[INFO] img_file: frame_00585.jpg
[INFO] img_file: frame_01087.jpg
[INFO] img_file: frame_01178.jpg
[INFO] img_file: frame_01865.jpg
[INFO] img_file: frame_02199.jpg
[INFO] img_file: frame_02318.jpg
[INFO] img_file: frame_00483.jpg
[INFO] img_file: frame_00595.jpg
[INFO] img_file: frame_00742.jpg
[INFO] img_file: frame_00296.jpg
[INFO] img_file: frame_01277.jpg
[INFO] img_file: frame_01030.jpg
[INFO] img_file: frame_01590.jpg
[INFO] img_file: frame_02722.jpg
[INFO] img_file: frame_01444.jpg
[INFO] img_file: frame_00891.jpg
[INFO] img_file: frame_01579.jpg
[INFO] img_file: frame_00973.jpg
[INFO] img_file: frame_02628.jpg
[INFO] img_file: frame_00871.jpg
[INFO] img_file: frame_02127.jpg
[INFO] img_file: frame_00616.jpg
[INFO] img_file: frame_00864.jpg
[INFO] img_file: frame_01897.jpg
[INFO] img_file: frame_00907.jpg
[INFO] img_file: frame_00076.jpg
[INFO] img_file: frame_01420.jpg
[INFO] img_file: frame_02299.jpg
[INFO] img_file: frame_00382.jpg
[INFO] img_file: frame_00100.jpg
[INFO] img_file: frame_02055.jpg
[INFO] img_file: frame_01931.jpg
[INFO] img_file: frame_00524.jpg
[INFO] img_file: frame_01531.jpg
[INFO] img_file: frame_01976.jpg
[INFO] img_file: frame_01561.jpg
[INFO] img_file: frame_02541.jpg
[INFO] img_file: frame_01804.jpg
[INFO] img_file: frame_01434.jpg
[INFO] img_file: frame_01027.jpg
[INFO] img_file: frame_02151.jpg
[INFO] img_file: frame_02447.jpg
[INFO] img_file: frame_00334.jpg
[INFO] img_file: frame_02579.jpg
[INFO] img_file: frame_01503.jpg
[INFO] img_file: frame_02724.jpg
[INFO] img_file: frame_01202.jpg
[INFO] img_file: frame_02064.jpg
[INFO] img_file: frame_01545.jpg
[INFO] img_file: frame_00200.jpg
[INFO] img_file: frame_00562.jpg
[INFO] img_file: frame_00577.jpg
[INFO] img_file: frame_02380.jpg
[INFO] img_file: frame_00332.jpg
[INFO] img_file: frame_02314.jpg
[INFO] img_file: frame_02160.jpg
[INFO] img_file: frame_00991.jpg
[INFO] img_file: frame_01308.jpg
[INFO] img_file: frame_01099.jpg
[INFO] img_file: frame_01112.jpg
[INFO] img_file: frame_01687.jpg
[INFO] img_file: frame_01662.jpg
[INFO] img_file: frame_00613.jpg
[INFO] img_file: frame_02219.jpg
[INFO] img_file: frame_01392.jpg
[INFO] img_file: frame_00769.jpg
[INFO] img_file: frame_02753.jpg
[INFO] img_file: frame_02017.jpg
[INFO] img_file: frame_02605.jpg
[INFO] img_file: frame_00962.jpg
[INFO] img_file: frame_02445.jpg
[INFO] img_file: frame_02034.jpg
[INFO] img_file: frame_00552.jpg
[INFO] img_file: frame_01754.jpg
[INFO] img_file: frame_00372.jpg
[INFO] img_file: frame_01908.jpg
[INFO] img_file: frame_01184.jpg
[INFO] img_file: frame_01371.jpg
[INFO] img_file: frame_01123.jpg
[INFO] img_file: frame_02342.jpg
[INFO] img_file: frame_00771.jpg
[INFO] img_file: frame_01854.jpg
[INFO] img_file: frame_01428.jpg
[INFO] img_file: frame_01478.jpg
[INFO] img_file: frame_02616.jpg
[INFO] img_file: frame_01766.jpg
[INFO] img_file: frame_00227.jpg
[INFO] img_file: frame_00785.jpg
[INFO] img_file: frame_02691.jpg
[INFO] img_file: frame_00657.jpg
[INFO] img_file: frame_01044.jpg
[INFO] img_file: frame_01097.jpg
[INFO] img_file: frame_00124.jpg
[INFO] img_file: frame_02012.jpg
[INFO] img_file: frame_01182.jpg
[INFO] img_file: frame_00539.jpg
[INFO] img_file: frame_01363.jpg
[INFO] img_file: frame_02729.jpg
[INFO] img_file: frame_01729.jpg
[INFO] img_file: frame_02769.jpg
[INFO] img_file: frame_00932.jpg
[INFO] img_file: frame_02337.jpg
[INFO] img_file: frame_01990.jpg
[INFO] img_file: frame_01758.jpg
[INFO] img_file: frame_02008.jpg
[INFO] img_file: frame_01989.jpg
[INFO] img_file: frame_00641.jpg
[INFO] img_file: frame_01672.jpg
[INFO] img_file: frame_01129.jpg
[INFO] img_file: frame_00686.jpg
[INFO] img_file: frame_00882.jpg
[INFO] img_file: frame_01193.jpg
[INFO] img_file: frame_02568.jpg
[INFO] img_file: frame_02164.jpg
[INFO] img_file: frame_00937.jpg
[INFO] img_file: frame_01759.jpg
[INFO] img_file: frame_00735.jpg
[INFO] img_file: frame_02614.jpg
[INFO] img_file: frame_01899.jpg
[INFO] img_file: frame_00726.jpg
[INFO] img_file: frame_01183.jpg
[INFO] img_file: frame_01274.jpg
[INFO] img_file: frame_00257.jpg
[INFO] img_file: frame_01340.jpg
[INFO] img_file: frame_00757.jpg
[INFO] img_file: frame_01084.jpg
[INFO] img_file: frame_01525.jpg
[INFO] img_file: frame_01220.jpg
[INFO] img_file: frame_00123.jpg
[INFO] img_file: frame_00371.jpg
[INFO] img_file: frame_02505.jpg
[INFO] img_file: frame_02765.jpg
[INFO] img_file: frame_01199.jpg
[INFO] img_file: frame_01953.jpg
[INFO] img_file: frame_00625.jpg
[INFO] img_file: frame_01603.jpg
[INFO] img_file: frame_02242.jpg
[INFO] img_file: frame_01221.jpg
[INFO] img_file: frame_00873.jpg
[INFO] img_file: frame_02263.jpg
[INFO] img_file: frame_00047.jpg
[INFO] img_file: frame_01551.jpg
[INFO] img_file: frame_00850.jpg
[INFO] img_file: frame_00274.jpg
[INFO] img_file: frame_01523.jpg
[INFO] img_file: frame_02066.jpg
[INFO] img_file: frame_01109.jpg
[INFO] img_file: frame_01383.jpg
[INFO] img_file: frame_00013.jpg
[INFO] img_file: frame_01365.jpg
[INFO] img_file: frame_00824.jpg
[INFO] img_file: frame_01587.jpg
[INFO] img_file: frame_01634.jpg
[INFO] img_file: frame_02679.jpg
[INFO] img_file: frame_00247.jpg
[INFO] img_file: frame_02287.jpg
[INFO] img_file: frame_01794.jpg
[INFO] img_file: frame_01708.jpg
[INFO] img_file: frame_00077.jpg
[INFO] img_file: frame_02388.jpg
[INFO] img_file: frame_02583.jpg
[INFO] img_file: frame_02550.jpg
[INFO] img_file: frame_00473.jpg
[INFO] img_file: frame_02348.jpg
[INFO] img_file: frame_00571.jpg
[INFO] img_file: frame_00097.jpg
[INFO] img_file: frame_01139.jpg
[INFO] img_file: frame_01833.jpg
[INFO] img_file: frame_02070.jpg
[INFO] img_file: frame_00245.jpg
[INFO] img_file: frame_02682.jpg
[INFO] img_file: frame_00182.jpg
[INFO] img_file: frame_00538.jpg
[INFO] img_file: frame_01032.jpg
[INFO] img_file: frame_00550.jpg
[INFO] img_file: frame_02623.jpg
[INFO] img_file: frame_01776.jpg
[INFO] img_file: frame_00032.jpg
[INFO] img_file: frame_02563.jpg
[INFO] img_file: frame_02284.jpg
[INFO] img_file: frame_01380.jpg
[INFO] img_file: frame_01934.jpg
[INFO] img_file: frame_02007.jpg
[INFO] img_file: frame_02595.jpg
[INFO] img_file: frame_01083.jpg
[INFO] img_file: frame_02510.jpg
[INFO] img_file: frame_00819.jpg
[INFO] img_file: frame_00477.jpg
[INFO] img_file: frame_01643.jpg
[INFO] img_file: frame_01676.jpg
[INFO] img_file: frame_02551.jpg
[INFO] img_file: frame_02562.jpg
[INFO] img_file: frame_01489.jpg
[INFO] img_file: frame_01490.jpg
[INFO] img_file: frame_02552.jpg
[INFO] img_file: frame_02527.jpg
[INFO] img_file: frame_01007.jpg
[INFO] img_file: frame_02235.jpg
[INFO] img_file: frame_01530.jpg
[INFO] img_file: frame_00080.jpg
[INFO] img_file: frame_01572.jpg
[INFO] img_file: frame_00794.jpg
[INFO] img_file: frame_00653.jpg
[INFO] img_file: frame_00467.jpg
[INFO] img_file: frame_01935.jpg
[INFO] img_file: frame_02003.jpg
[INFO] img_file: frame_02566.jpg
[INFO] img_file: frame_00906.jpg
[INFO] img_file: frame_02267.jpg
[INFO] img_file: frame_00105.jpg
[INFO] img_file: frame_00733.jpg
[INFO] img_file: frame_01022.jpg
[INFO] img_file: frame_01256.jpg
[INFO] img_file: frame_02468.jpg
[INFO] img_file: frame_00191.jpg
[INFO] img_file: frame_01932.jpg
[INFO] img_file: frame_00878.jpg
[INFO] img_file: frame_00396.jpg
[INFO] img_file: frame_01831.jpg
[INFO] img_file: frame_00986.jpg
[INFO] img_file: frame_02494.jpg
[INFO] img_file: frame_00472.jpg
[INFO] img_file: frame_01645.jpg
[INFO] img_file: frame_00465.jpg
[INFO] img_file: frame_01578.jpg
[INFO] img_file: frame_01717.jpg
[INFO] img_file: frame_02400.jpg
[INFO] img_file: frame_00841.jpg
[INFO] img_file: frame_01197.jpg
[INFO] img_file: frame_01262.jpg
[INFO] img_file: frame_01815.jpg
[INFO] img_file: frame_01259.jpg
[INFO] img_file: frame_02389.jpg
[INFO] img_file: frame_00788.jpg
[INFO] img_file: frame_01472.jpg
[INFO] img_file: frame_01070.jpg
[INFO] img_file: frame_01871.jpg
[INFO] img_file: frame_00764.jpg
[INFO] img_file: frame_00219.jpg
[INFO] img_file: frame_01617.jpg
[INFO] img_file: frame_00952.jpg
[INFO] img_file: frame_01024.jpg
[INFO] img_file: frame_00258.jpg
[INFO] img_file: frame_01218.jpg
[INFO] img_file: frame_00644.jpg
[INFO] img_file: frame_00748.jpg
[INFO] img_file: frame_01556.jpg
[INFO] img_file: frame_01778.jpg
[INFO] img_file: frame_02137.jpg
[INFO] img_file: frame_02004.jpg
[INFO] img_file: frame_00450.jpg
[INFO] img_file: frame_01216.jpg
[INFO] img_file: frame_01141.jpg
[INFO] img_file: frame_01928.jpg
[INFO] img_file: frame_02341.jpg
[INFO] img_file: frame_01405.jpg
[INFO] img_file: frame_02543.jpg
[INFO] img_file: frame_02060.jpg
[INFO] img_file: frame_02665.jpg
[INFO] img_file: frame_00934.jpg
[INFO] img_file: frame_00677.jpg
[INFO] img_file: frame_02133.jpg
[INFO] img_file: frame_00953.jpg
[INFO] img_file: frame_00761.jpg
[INFO] img_file: frame_00635.jpg
[INFO] img_file: frame_00037.jpg
[INFO] img_file: frame_00027.jpg
[INFO] img_file: frame_01270.jpg
[INFO] img_file: frame_00365.jpg
[INFO] img_file: frame_01915.jpg
[INFO] img_file: frame_01988.jpg
[INFO] img_file: frame_02091.jpg
[INFO] img_file: frame_02361.jpg
[INFO] img_file: frame_00212.jpg
[INFO] img_file: frame_02116.jpg
[INFO] img_file: frame_02102.jpg
[INFO] img_file: frame_01343.jpg
[INFO] img_file: frame_02401.jpg
[INFO] img_file: frame_02347.jpg
[INFO] img_file: frame_01885.jpg
[INFO] img_file: frame_01527.jpg
[INFO] img_file: frame_02303.jpg
[INFO] img_file: frame_02429.jpg
[INFO] img_file: frame_02626.jpg
[INFO] img_file: frame_00784.jpg
[INFO] img_file: frame_01792.jpg
[INFO] img_file: frame_00656.jpg
[INFO] img_file: frame_02441.jpg
[INFO] img_file: frame_01479.jpg
[INFO] img_file: frame_02159.jpg
[INFO] img_file: frame_02363.jpg
[INFO] img_file: frame_02154.jpg
[INFO] img_file: frame_02522.jpg
[INFO] img_file: frame_00243.jpg
[INFO] img_file: frame_01085.jpg
[INFO] img_file: frame_02274.jpg
[INFO] img_file: frame_01374.jpg
[INFO] img_file: frame_02547.jpg
[INFO] img_file: frame_02683.jpg
[INFO] img_file: frame_01323.jpg
[INFO] img_file: frame_00199.jpg
[INFO] img_file: frame_00661.jpg
[INFO] img_file: frame_01493.jpg
[INFO] img_file: frame_01730.jpg
[INFO] img_file: frame_00716.jpg
[INFO] img_file: frame_00394.jpg
[INFO] img_file: frame_01767.jpg
[INFO] img_file: frame_01400.jpg
[INFO] img_file: frame_01411.jpg
[INFO] img_file: frame_00977.jpg
[INFO] img_file: frame_00806.jpg
[INFO] img_file: frame_01291.jpg
[INFO] img_file: frame_00139.jpg
[INFO] img_file: frame_02358.jpg
[INFO] img_file: frame_02584.jpg
[INFO] img_file: frame_01969.jpg
[INFO] img_file: frame_01898.jpg
[INFO] img_file: frame_02324.jpg
[INFO] img_file: frame_01558.jpg
[INFO] img_file: frame_00809.jpg
[INFO] img_file: frame_02264.jpg
[INFO] img_file: frame_00969.jpg
[INFO] img_file: frame_02629.jpg
[INFO] img_file: frame_01394.jpg
[INFO] img_file: frame_00156.jpg
[INFO] img_file: frame_02751.jpg
[INFO] img_file: frame_01040.jpg
[INFO] img_file: frame_02451.jpg
[INFO] img_file: frame_01498.jpg
[INFO] img_file: frame_00772.jpg
[INFO] img_file: frame_02485.jpg
[INFO] img_file: frame_01740.jpg
[INFO] img_file: frame_02496.jpg
[INFO] img_file: frame_02391.jpg
[INFO] img_file: frame_00030.jpg
[INFO] img_file: frame_00137.jpg
[INFO] img_file: frame_02554.jpg
[INFO] img_file: frame_00266.jpg
[INFO] img_file: frame_01752.jpg
[INFO] img_file: frame_02331.jpg
[INFO] img_file: frame_02732.jpg
[INFO] img_file: frame_00797.jpg
[INFO] img_file: frame_02187.jpg
[INFO] img_file: frame_01739.jpg
[INFO] img_file: frame_01995.jpg
[INFO] img_file: frame_00443.jpg
[INFO] img_file: frame_01832.jpg
[INFO] img_file: frame_01535.jpg
[INFO] img_file: frame_02218.jpg
[INFO] img_file: frame_02575.jpg
[INFO] img_file: frame_02618.jpg
[INFO] img_file: frame_00147.jpg
[INFO] img_file: frame_01497.jpg
[INFO] img_file: frame_00040.jpg
[INFO] img_file: frame_01901.jpg
[INFO] img_file: frame_00651.jpg
[INFO] img_file: frame_02192.jpg
[INFO] img_file: frame_02325.jpg
[INFO] img_file: frame_01248.jpg
[INFO] img_file: frame_02298.jpg
[INFO] img_file: frame_00679.jpg
[INFO] img_file: frame_01423.jpg
[INFO] img_file: frame_00580.jpg
[INFO] img_file: frame_02455.jpg
[INFO] img_file: frame_01696.jpg
[INFO] img_file: frame_00632.jpg
[INFO] img_file: frame_01025.jpg
[INFO] img_file: frame_02515.jpg
[INFO] img_file: frame_01466.jpg
[INFO] img_file: frame_01441.jpg
[INFO] img_file: frame_02175.jpg
[INFO] img_file: frame_01461.jpg
[INFO] img_file: frame_02163.jpg
[INFO] img_file: frame_01234.jpg
[INFO] img_file: frame_01421.jpg
[INFO] img_file: frame_00852.jpg
[INFO] img_file: frame_01681.jpg
[INFO] img_file: frame_02356.jpg
[INFO] img_file: frame_01196.jpg
[INFO] img_file: frame_02459.jpg
[INFO] img_file: frame_01904.jpg
[INFO] img_file: frame_00713.jpg
[INFO] img_file: frame_02693.jpg
[INFO] img_file: frame_00295.jpg
[INFO] img_file: frame_01174.jpg
[INFO] img_file: frame_00961.jpg
[INFO] img_file: frame_02245.jpg
[INFO] img_file: frame_00230.jpg
[INFO] img_file: frame_01869.jpg
[INFO] img_file: frame_00229.jpg
[INFO] img_file: frame_00775.jpg
[INFO] img_file: frame_02027.jpg
[INFO] img_file: frame_00119.jpg
[INFO] img_file: frame_00963.jpg
[INFO] img_file: frame_01168.jpg
[INFO] img_file: frame_01228.jpg
[INFO] img_file: frame_01247.jpg
[INFO] img_file: frame_01886.jpg
[INFO] img_file: frame_01418.jpg
[INFO] img_file: frame_00591.jpg
[INFO] img_file: frame_02517.jpg
[INFO] img_file: frame_00438.jpg
[INFO] img_file: frame_02259.jpg
[INFO] img_file: frame_00642.jpg
[INFO] img_file: frame_00211.jpg
[INFO] img_file: frame_00292.jpg
[INFO] img_file: frame_02144.jpg
[INFO] img_file: frame_02359.jpg
[INFO] img_file: frame_00311.jpg
[INFO] img_file: frame_01037.jpg
[INFO] img_file: frame_00471.jpg
[INFO] img_file: frame_00240.jpg
[INFO] img_file: frame_01151.jpg
[INFO] img_file: frame_01267.jpg
[INFO] img_file: frame_02269.jpg
[INFO] img_file: frame_02185.jpg
[INFO] img_file: frame_01807.jpg
[INFO] img_file: frame_02578.jpg
[INFO] img_file: frame_01288.jpg
[INFO] img_file: frame_01339.jpg
[INFO] img_file: frame_00207.jpg
[INFO] img_file: frame_01116.jpg
[INFO] img_file: frame_00786.jpg
[INFO] img_file: frame_01354.jpg
[INFO] img_file: frame_01631.jpg
[INFO] img_file: frame_02503.jpg
[INFO] img_file: frame_01236.jpg
[INFO] img_file: frame_02705.jpg
[INFO] img_file: frame_00954.jpg
[INFO] img_file: frame_00024.jpg
[INFO] img_file: frame_02136.jpg
[INFO] img_file: frame_00434.jpg
[INFO] img_file: frame_01089.jpg
[INFO] img_file: frame_01152.jpg
[INFO] img_file: frame_02304.jpg
[INFO] img_file: frame_00205.jpg
[INFO] img_file: frame_00128.jpg
[INFO] img_file: frame_00947.jpg
[INFO] img_file: frame_01140.jpg
[INFO] img_file: frame_01297.jpg
[INFO] img_file: frame_00892.jpg
[INFO] img_file: frame_02208.jpg
[INFO] img_file: frame_00795.jpg
[INFO] img_file: frame_02273.jpg
[INFO] img_file: frame_02422.jpg
[INFO] img_file: frame_00612.jpg
[INFO] img_file: frame_02009.jpg
[INFO] img_file: frame_00974.jpg
[INFO] img_file: frame_00579.jpg
[INFO] img_file: frame_02589.jpg
[INFO] img_file: frame_00005.jpg
[INFO] img_file: frame_01094.jpg
[INFO] img_file: frame_00390.jpg
[INFO] img_file: frame_00469.jpg
[INFO] img_file: frame_01180.jpg
[INFO] img_file: frame_00738.jpg
[INFO] img_file: frame_01329.jpg
[INFO] img_file: frame_00009.jpg
[INFO] img_file: frame_00741.jpg
[INFO] img_file: frame_01301.jpg
[INFO] img_file: frame_01224.jpg
[INFO] img_file: frame_01540.jpg
[INFO] img_file: frame_00598.jpg
[INFO] img_file: frame_02740.jpg
[INFO] img_file: frame_00827.jpg
[INFO] img_file: frame_01756.jpg
[INFO] img_file: frame_01103.jpg
[INFO] img_file: frame_01959.jpg
[INFO] img_file: frame_01862.jpg
[INFO] img_file: frame_02754.jpg
[INFO] img_file: frame_01246.jpg
[INFO] img_file: frame_02443.jpg
[INFO] img_file: frame_00099.jpg
[INFO] img_file: frame_02657.jpg
[INFO] img_file: frame_00366.jpg
[INFO] img_file: frame_00391.jpg
[INFO] img_file: frame_00287.jpg
[INFO] img_file: frame_01366.jpg
[INFO] img_file: frame_02075.jpg
[INFO] img_file: frame_01204.jpg
[INFO] img_file: frame_01285.jpg
[INFO] img_file: frame_02723.jpg
[INFO] img_file: frame_00700.jpg
[INFO] img_file: frame_00990.jpg
[INFO] img_file: frame_01337.jpg
[INFO] img_file: frame_00507.jpg
[INFO] img_file: frame_00983.jpg
[INFO] img_file: frame_01994.jpg
[INFO] img_file: frame_01677.jpg
[INFO] img_file: frame_00431.jpg
[INFO] img_file: frame_00707.jpg
[INFO] img_file: frame_00185.jpg
[INFO] img_file: frame_00918.jpg
[INFO] img_file: frame_00886.jpg
[INFO] img_file: frame_02585.jpg
[INFO] img_file: frame_01981.jpg
[INFO] img_file: frame_00739.jpg
[INFO] img_file: frame_01231.jpg
[INFO] img_file: frame_01042.jpg
[INFO] img_file: frame_01017.jpg
[INFO] img_file: frame_02167.jpg
[INFO] img_file: frame_01359.jpg
[INFO] img_file: frame_02297.jpg
[INFO] img_file: frame_02588.jpg
[INFO] img_file: frame_01353.jpg
[INFO] img_file: frame_02103.jpg
[INFO] img_file: frame_00693.jpg
[INFO] img_file: frame_01623.jpg
[INFO] img_file: frame_00867.jpg
[INFO] img_file: frame_00818.jpg
[INFO] img_file: frame_01352.jpg
[INFO] img_file: frame_02502.jpg
[INFO] img_file: frame_02650.jpg
[INFO] img_file: frame_01910.jpg
[INFO] img_file: frame_00339.jpg
[INFO] img_file: frame_01921.jpg
[INFO] img_file: frame_00263.jpg
[INFO] img_file: frame_02214.jpg
[INFO] img_file: frame_00143.jpg
[INFO] img_file: frame_02333.jpg
[INFO] img_file: frame_01065.jpg
[INFO] img_file: frame_01100.jpg
[INFO] img_file: frame_00633.jpg
[INFO] img_file: frame_02217.jpg
[INFO] img_file: frame_00235.jpg
[INFO] img_file: frame_02427.jpg
[INFO] img_file: frame_00154.jpg
[INFO] img_file: frame_01716.jpg
[INFO] img_file: frame_00639.jpg
[INFO] img_file: frame_02556.jpg
[INFO] img_file: frame_00984.jpg
[INFO] img_file: frame_02500.jpg
[INFO] img_file: frame_00202.jpg
[INFO] img_file: frame_00696.jpg
[INFO] img_file: frame_00828.jpg
[INFO] img_file: frame_01115.jpg
[INFO] img_file: frame_01271.jpg
[INFO] img_file: frame_00387.jpg
[INFO] img_file: frame_00767.jpg
[INFO] img_file: frame_00666.jpg
[INFO] img_file: frame_00300.jpg
[INFO] img_file: frame_01875.jpg
[INFO] img_file: frame_02239.jpg
[INFO] img_file: frame_01699.jpg
[INFO] img_file: frame_00426.jpg
[INFO] img_file: frame_01998.jpg
[INFO] img_file: frame_02076.jpg
[INFO] img_file: frame_00184.jpg
[INFO] img_file: frame_00773.jpg
[INFO] img_file: frame_00513.jpg
[INFO] img_file: frame_00306.jpg
[INFO] img_file: frame_01398.jpg
[INFO] img_file: frame_01821.jpg
[INFO] img_file: frame_00072.jpg
[INFO] img_file: frame_00602.jpg
[INFO] img_file: frame_00376.jpg
[INFO] img_file: frame_01913.jpg
[INFO] img_file: frame_00563.jpg
[INFO] img_file: frame_01250.jpg
[INFO] img_file: frame_02300.jpg
[INFO] img_file: frame_02195.jpg
[INFO] img_file: frame_01734.jpg
[INFO] img_file: frame_01738.jpg
[INFO] img_file: frame_02759.jpg
[INFO] img_file: frame_00766.jpg
[INFO] img_file: frame_02382.jpg
[INFO] img_file: frame_01081.jpg
[INFO] img_file: frame_00664.jpg
[INFO] img_file: frame_01124.jpg
[INFO] img_file: frame_00084.jpg
[INFO] img_file: frame_00193.jpg
[INFO] img_file: frame_01828.jpg
[INFO] img_file: frame_00699.jpg
[INFO] img_file: frame_01861.jpg
[INFO] img_file: frame_01735.jpg
[INFO] img_file: frame_02050.jpg
[INFO] img_file: frame_00461.jpg
[INFO] img_file: frame_00489.jpg
[INFO] img_file: frame_02077.jpg
[INFO] img_file: frame_02672.jpg
[INFO] img_file: frame_00862.jpg
[INFO] img_file: frame_00849.jpg
[INFO] img_file: frame_00549.jpg
[INFO] img_file: frame_00456.jpg
[INFO] img_file: frame_01638.jpg
[INFO] img_file: frame_00468.jpg
[INFO] img_file: frame_02636.jpg
[INFO] img_file: frame_02035.jpg
[INFO] img_file: frame_01615.jpg
[INFO] img_file: frame_01900.jpg
[INFO] img_file: frame_01920.jpg
[INFO] img_file: frame_01748.jpg
[INFO] img_file: frame_00427.jpg
[INFO] img_file: frame_01455.jpg
[INFO] img_file: frame_02602.jpg
[INFO] img_file: frame_00079.jpg
[INFO] img_file: frame_00592.jpg
[INFO] img_file: frame_00342.jpg
[INFO] img_file: frame_00724.jpg
[INFO] img_file: frame_00776.jpg
[INFO] img_file: frame_00558.jpg
[INFO] img_file: frame_00582.jpg
[INFO] img_file: frame_00025.jpg
[INFO] img_file: frame_01276.jpg
[INFO] img_file: frame_01061.jpg
[INFO] img_file: frame_01552.jpg
[INFO] img_file: frame_02375.jpg
[INFO] img_file: frame_01850.jpg
[INFO] img_file: frame_01694.jpg
[INFO] img_file: frame_02215.jpg
[INFO] img_file: frame_00751.jpg
[INFO] img_file: frame_02275.jpg
[INFO] img_file: frame_02622.jpg
[INFO] img_file: frame_00957.jpg
[INFO] img_file: frame_00130.jpg
[INFO] img_file: frame_00770.jpg
[INFO] img_file: frame_00458.jpg
[INFO] img_file: frame_02237.jpg
[INFO] img_file: frame_02742.jpg
[INFO] img_file: frame_01774.jpg
[INFO] img_file: frame_00831.jpg
[INFO] img_file: frame_02489.jpg
[INFO] img_file: frame_01656.jpg
[INFO] img_file: frame_01762.jpg
[INFO] img_file: frame_01873.jpg
[INFO] img_file: frame_02689.jpg
[INFO] img_file: frame_01031.jpg
[INFO] img_file: frame_00604.jpg
[INFO] img_file: frame_00638.jpg
[INFO] img_file: frame_02146.jpg
[INFO] img_file: frame_01122.jpg
[INFO] img_file: frame_02656.jpg
[INFO] img_file: frame_00118.jpg
[INFO] img_file: frame_02752.jpg
[INFO] img_file: frame_01121.jpg
[INFO] img_file: frame_00491.jpg
[INFO] img_file: frame_02678.jpg
[INFO] img_file: frame_02266.jpg
[INFO] img_file: frame_02041.jpg
[INFO] img_file: frame_02528.jpg
[INFO] img_file: frame_00856.jpg
[INFO] img_file: frame_00688.jpg
[INFO] img_file: frame_00017.jpg
[INFO] img_file: frame_00628.jpg
[INFO] img_file: frame_01820.jpg
[INFO] img_file: frame_01707.jpg
[INFO] img_file: frame_00510.jpg
[INFO] img_file: frame_01318.jpg
[INFO] img_file: frame_00614.jpg
[INFO] img_file: frame_02174.jpg
[INFO] img_file: frame_00660.jpg
[INFO] img_file: frame_00599.jpg
[INFO] img_file: frame_00848.jpg
[INFO] img_file: frame_02473.jpg
[INFO] img_file: frame_02453.jpg
[INFO] img_file: frame_02775.jpg
[INFO] img_file: frame_01177.jpg
[INFO] img_file: frame_01641.jpg
[INFO] img_file: frame_00441.jpg
[INFO] img_file: frame_02638.jpg
[INFO] img_file: frame_01043.jpg
[INFO] img_file: frame_02313.jpg
[INFO] img_file: frame_02108.jpg
[INFO] img_file: frame_02165.jpg
[INFO] img_file: frame_00255.jpg
[INFO] img_file: frame_00930.jpg
[INFO] img_file: frame_01410.jpg
[INFO] img_file: frame_00970.jpg
[INFO] img_file: frame_02190.jpg
[INFO] img_file: frame_01191.jpg
[INFO] img_file: frame_00314.jpg
[INFO] img_file: frame_00822.jpg
[INFO] img_file: frame_01720.jpg
[INFO] img_file: frame_01664.jpg
[INFO] img_file: frame_00420.jpg
[INFO] img_file: frame_00821.jpg
[INFO] img_file: frame_01048.jpg
[INFO] img_file: frame_00187.jpg
[INFO] img_file: frame_01321.jpg
[INFO] img_file: frame_01443.jpg
[INFO] img_file: frame_00511.jpg
[INFO] img_file: frame_01279.jpg
[INFO] img_file: frame_01272.jpg
[INFO] img_file: frame_01072.jpg
[INFO] img_file: frame_02138.jpg
[INFO] img_file: frame_00979.jpg
[INFO] img_file: frame_01616.jpg
[INFO] img_file: frame_00498.jpg
[INFO] img_file: frame_02247.jpg
[INFO] img_file: frame_01357.jpg
[INFO] img_file: frame_00887.jpg
[INFO] img_file: frame_01426.jpg
[INFO] img_file: frame_00903.jpg
[INFO] img_file: frame_01940.jpg
[INFO] img_file: frame_02061.jpg
[INFO] img_file: frame_01698.jpg
[INFO] img_file: frame_01853.jpg
[INFO] img_file: frame_01918.jpg
[INFO] img_file: frame_01719.jpg
[INFO] img_file: frame_02084.jpg
[INFO] img_file: frame_00307.jpg
[INFO] img_file: frame_02122.jpg
[INFO] img_file: frame_01902.jpg
[INFO] img_file: frame_01215.jpg
[INFO] img_file: frame_00901.jpg
[INFO] img_file: frame_01336.jpg
[INFO] img_file: frame_01125.jpg
[INFO] img_file: frame_01462.jpg
[INFO] img_file: frame_00895.jpg
[INFO] img_file: frame_02591.jpg
[INFO] img_file: frame_00276.jpg
[INFO] img_file: frame_01233.jpg
[INFO] img_file: frame_00131.jpg
[INFO] img_file: frame_00750.jpg
[INFO] img_file: frame_01342.jpg
[INFO] img_file: frame_02147.jpg
[INFO] img_file: frame_02518.jpg
[INFO] img_file: frame_01864.jpg
[INFO] img_file: frame_01814.jpg
[INFO] img_file: frame_01974.jpg
[INFO] img_file: frame_02398.jpg
[INFO] img_file: frame_00810.jpg
[INFO] img_file: frame_01799.jpg
[INFO] img_file: frame_00475.jpg
[INFO] img_file: frame_00801.jpg
[INFO] img_file: frame_01001.jpg
[INFO] img_file: frame_02142.jpg
[INFO] img_file: frame_00754.jpg
[INFO] img_file: frame_02316.jpg
[INFO] img_file: frame_00444.jpg
[INFO] img_file: frame_00014.jpg
[INFO] img_file: frame_01829.jpg
[INFO] img_file: frame_00148.jpg
[INFO] img_file: frame_01639.jpg
[INFO] img_file: frame_02355.jpg
[INFO] img_file: frame_02417.jpg
[INFO] img_file: frame_00316.jpg
[INFO] img_file: frame_01979.jpg
[INFO] img_file: frame_01909.jpg
[INFO] img_file: frame_02415.jpg
[INFO] img_file: frame_01658.jpg
[INFO] img_file: frame_01743.jpg
[INFO] img_file: frame_01790.jpg
[INFO] img_file: frame_02038.jpg
[INFO] img_file: frame_01797.jpg
[INFO] img_file: frame_01625.jpg
[INFO] img_file: frame_00811.jpg
[INFO] img_file: frame_02069.jpg
[INFO] img_file: frame_00506.jpg
[INFO] img_file: frame_00578.jpg
[INFO] img_file: frame_02161.jpg
[INFO] img_file: frame_00454.jpg
[INFO] img_file: frame_01565.jpg
[INFO] img_file: frame_01194.jpg
[INFO] img_file: frame_01341.jpg
[INFO] img_file: frame_00262.jpg
[INFO] img_file: frame_00104.jpg
[INFO] img_file: frame_02082.jpg
[INFO] img_file: frame_01986.jpg
[INFO] img_file: frame_00232.jpg
[INFO] img_file: frame_02529.jpg
[INFO] img_file: frame_01050.jpg
[INFO] img_file: frame_00894.jpg
[INFO] img_file: frame_02659.jpg
[INFO] img_file: frame_02557.jpg
[INFO] img_file: frame_02157.jpg
[INFO] img_file: frame_00601.jpg
[INFO] img_file: frame_01975.jpg
[INFO] img_file: frame_01723.jpg
[INFO] img_file: frame_00453.jpg
[INFO] img_file: frame_00170.jpg
[INFO] img_file: frame_00921.jpg
[INFO] img_file: frame_00839.jpg
[INFO] img_file: frame_00950.jpg
[INFO] img_file: frame_01624.jpg
[INFO] img_file: frame_00126.jpg
[INFO] img_file: frame_02544.jpg
[INFO] img_file: frame_02227.jpg
[INFO] img_file: frame_01760.jpg
[INFO] img_file: frame_00968.jpg
[INFO] img_file: frame_00535.jpg
[INFO] img_file: frame_00500.jpg
[INFO] img_file: frame_01653.jpg
[INFO] img_file: frame_00966.jpg
[INFO] img_file: frame_00714.jpg
[INFO] img_file: frame_02675.jpg
[INFO] img_file: frame_01188.jpg
[INFO] img_file: frame_00645.jpg
[INFO] img_file: frame_02059.jpg
[INFO] img_file: frame_00437.jpg
[INFO] img_file: frame_02236.jpg
[INFO] img_file: frame_02031.jpg
[INFO] img_file: frame_02330.jpg
[INFO] img_file: frame_02478.jpg
[INFO] img_file: frame_02301.jpg
[INFO] img_file: frame_01596.jpg
[INFO] img_file: frame_00476.jpg
[INFO] img_file: frame_02085.jpg
[INFO] img_file: frame_00421.jpg
[INFO] img_file: frame_01074.jpg
[INFO] img_file: frame_00514.jpg
[INFO] img_file: frame_02493.jpg
[INFO] img_file: frame_02212.jpg
[INFO] img_file: frame_00694.jpg
[INFO] img_file: frame_02639.jpg
[INFO] img_file: frame_02512.jpg
[INFO] img_file: frame_01146.jpg
[INFO] img_file: frame_00765.jpg
[INFO] img_file: frame_01054.jpg
[INFO] img_file: frame_00888.jpg
[INFO] img_file: frame_02433.jpg
[INFO] img_file: frame_00851.jpg
[INFO] img_file: frame_01465.jpg
[INFO] img_file: frame_02086.jpg
[INFO] img_file: frame_00291.jpg
[INFO] img_file: frame_01810.jpg
[INFO] img_file: frame_01800.jpg
[INFO] img_file: frame_00063.jpg
[INFO] img_file: frame_02065.jpg
[INFO] img_file: frame_00297.jpg
[INFO] img_file: frame_01796.jpg
[INFO] img_file: frame_00069.jpg
[INFO] img_file: frame_02470.jpg
[INFO] img_file: frame_01753.jpg
[INFO] img_file: frame_01388.jpg
[INFO] img_file: frame_00036.jpg
[INFO] img_file: frame_00780.jpg
[INFO] img_file: frame_02115.jpg
[INFO] img_file: frame_00637.jpg
[INFO] img_file: frame_00675.jpg
[INFO] img_file: frame_01407.jpg
[INFO] img_file: frame_01607.jpg
[INFO] img_file: frame_01322.jpg
[INFO] img_file: frame_00495.jpg
[INFO] img_file: frame_01627.jpg
[INFO] img_file: frame_01826.jpg
[INFO] img_file: frame_01933.jpg
[INFO] img_file: frame_01021.jpg
[INFO] img_file: frame_02719.jpg
[INFO] img_file: frame_00360.jpg
[INFO] img_file: frame_00445.jpg
[INFO] img_file: frame_00687.jpg
[INFO] img_file: frame_02334.jpg
[INFO] img_file: frame_02231.jpg
[INFO] img_file: frame_02662.jpg
[INFO] img_file: frame_00112.jpg
[INFO] img_file: frame_00352.jpg
[INFO] img_file: frame_00132.jpg
[INFO] img_file: frame_00619.jpg
[INFO] img_file: frame_02312.jpg
[INFO] img_file: frame_00603.jpg
[INFO] img_file: frame_02499.jpg
[INFO] img_file: frame_02548.jpg
[INFO] img_file: frame_01808.jpg
[INFO] img_file: frame_00404.jpg
[INFO] img_file: frame_01252.jpg
[INFO] img_file: frame_01427.jpg
[INFO] img_file: frame_01243.jpg
[INFO] img_file: frame_00133.jpg
[INFO] img_file: frame_00820.jpg
[INFO] img_file: frame_02193.jpg
[INFO] img_file: frame_01372.jpg
[INFO] img_file: frame_00254.jpg
[INFO] img_file: frame_01554.jpg
[INFO] img_file: frame_01106.jpg
[INFO] img_file: frame_01604.jpg
[INFO] img_file: frame_02394.jpg
[INFO] img_file: frame_00668.jpg
[INFO] img_file: frame_01424.jpg
[INFO] img_file: frame_01240.jpg
[INFO] img_file: frame_00206.jpg
[INFO] img_file: frame_01435.jpg
[INFO] img_file: frame_02063.jpg
[INFO] img_file: frame_01663.jpg
[INFO] img_file: frame_02258.jpg
[INFO] img_file: frame_01588.jpg
[INFO] img_file: frame_01475.jpg
[INFO] img_file: frame_02188.jpg
[INFO] img_file: frame_01512.jpg
[INFO] img_file: frame_01709.jpg
[INFO] img_file: frame_01636.jpg
[INFO] img_file: frame_01369.jpg
[INFO] img_file: frame_01158.jpg
[INFO] img_file: frame_01951.jpg
[INFO] img_file: frame_02619.jpg
[INFO] img_file: frame_01968.jpg
[INFO] img_file: frame_00088.jpg
[INFO] img_file: frame_02424.jpg
[INFO] img_file: frame_02092.jpg
[INFO] img_file: frame_01166.jpg
[INFO] img_file: frame_01693.jpg
[INFO] img_file: frame_01334.jpg
[INFO] img_file: frame_02040.jpg
[INFO] img_file: frame_02251.jpg
[INFO] img_file: frame_02706.jpg
[INFO] img_file: frame_02373.jpg
[INFO] img_file: frame_01563.jpg
[INFO] img_file: frame_00682.jpg
[INFO] img_file: frame_00436.jpg
[INFO] img_file: frame_02028.jpg
[INFO] img_file: frame_00214.jpg
[INFO] img_file: frame_00395.jpg
[INFO] img_file: frame_00816.jpg
loading annotations into memory...
Done (t=0.02s)
creating index...
index created!
Loading and preparing results...
